ARM GAS  C:\Users\DMYTRO~1.FED\AppData\Local\Temp\ccu1HwMx.s 			page 1


   1              		.syntax unified
   2              		.cpu cortex-m0plus
   3              		.fpu softvfp
   4              		.eabi_attribute 20, 1
   5              		.eabi_attribute 21, 1
   6              		.eabi_attribute 23, 3
   7              		.eabi_attribute 24, 1
   8              		.eabi_attribute 25, 1
   9              		.eabi_attribute 26, 1
  10              		.eabi_attribute 30, 1
  11              		.eabi_attribute 34, 0
  12              		.eabi_attribute 18, 4
  13              		.thumb
  14              		.syntax unified
  15              		.file	"buffer.c"
  16              		.text
  17              	.Ltext0:
  18              		.cfi_sections	.debug_frame
  19              		.section	.text.buffer_GetNext,"ax",%progbits
  20              		.align	2
  21              		.global	buffer_GetNext
  22              		.code	16
  23              		.thumb_func
  24              		.type	buffer_GetNext, %function
  25              	buffer_GetNext:
  26              	.LFB1:
  27              		.file 1 "buffer.c"
   1:buffer.c      **** /** @file
   2:buffer.c      ****  *  @brief Source file with cicle buffer functions
   3:buffer.c      ****  */  
   4:buffer.c      **** #include <stdlib.h>
   5:buffer.c      **** #include "buffer.h"
   6:buffer.c      **** #include "assert.h"
   7:buffer.c      **** 
   8:buffer.c      **** #define BUFFER_MIDDLE  (BUFFER_SIZE>>1)
   9:buffer.c      **** 
  10:buffer.c      **** typedef struct
  11:buffer.c      **** {
  12:buffer.c      ****     uint8_t              data[BUFFER_SIZE];
  13:buffer.c      ****     uint32_t             lastIdx;
  14:buffer.c      ****     uint32_t             curIdx;
  15:buffer.c      ****     bool                 firstHalf;
  16:buffer.c      ****     buffer_OnNeedDataCb  needDataCb;
  17:buffer.c      ****     bool                 isInit;
  18:buffer.c      ****     bool                 isRun;
  19:buffer.c      **** } buffer_t;
  20:buffer.c      **** 
  21:buffer.c      **** static buffer_t buffer = {.isInit = false, .isRun = false,};
  22:buffer.c      **** 
  23:buffer.c      **** void buffer_Init(buffer_OnNeedDataCb needDataCb)
  24:buffer.c      **** {
  25:buffer.c      ****     buffer_Stop();
  26:buffer.c      ****     ASSERT(NULL != needDataCb);
  27:buffer.c      ****     
  28:buffer.c      ****     buffer.needDataCb = needDataCb;
  29:buffer.c      ****     buffer.isInit     = true; 
  30:buffer.c      ****     
ARM GAS  C:\Users\DMYTRO~1.FED\AppData\Local\Temp\ccu1HwMx.s 			page 2


  31:buffer.c      ****     buffer.needDataCb(buffer.data, sizeof(buffer.data), &buffer.lastIdx);
  32:buffer.c      ****     if (0 != buffer.lastIdx)
  33:buffer.c      ****     {
  34:buffer.c      ****         buffer.isRun = true;
  35:buffer.c      ****     }
  36:buffer.c      **** }
  37:buffer.c      **** 
  38:buffer.c      **** bool buffer_GetNext(uint8_t *next)
  39:buffer.c      **** {   
  28              		.loc 1 39 0
  29              		.cfi_startproc
  30              		@ args = 0, pretend = 0, frame = 0
  31              		@ frame_needed = 0, uses_anonymous_args = 0
  32              	.LVL0:
  33 0000 10B5     		push	{r4, lr}
  34              		.cfi_def_cfa_offset 8
  35              		.cfi_offset 4, -8
  36              		.cfi_offset 14, -4
  40:buffer.c      ****     ASSERT(true == buffer.isInit);
  37              		.loc 1 40 0
  38 0002 8423     		movs	r3, #132
  39 0004 9B00     		lsls	r3, r3, #2
  40 0006 1B4A     		ldr	r2, .L7
  41 0008 D35C     		ldrb	r3, [r2, r3]
  42 000a 002B     		cmp	r3, #0
  43 000c 05D1     		bne	.L2
  44              		.loc 1 40 0 is_stmt 0 discriminator 1
  45 000e 2822     		movs	r2, #40
  46 0010 1949     		ldr	r1, .L7+4
  47 0012 1A48     		ldr	r0, .L7+8
  48              	.LVL1:
  49 0014 FFF7FEFF 		bl	uartPrintf
  50              	.LVL2:
  51              	.L3:
  52 0018 FEE7     		b	.L3
  53              	.LVL3:
  54              	.L2:
  41:buffer.c      ****     if (buffer.isRun)
  55              		.loc 1 41 0 is_stmt 1
  56 001a 194B     		ldr	r3, .L7+12
  57 001c 154A     		ldr	r2, .L7
  58 001e D35C     		ldrb	r3, [r2, r3]
  59 0020 002B     		cmp	r3, #0
  60 0022 22D0     		beq	.L4
  42:buffer.c      ****     {
  43:buffer.c      ****         if ((sizeof(buffer.data) != buffer.lastIdx) && (buffer.curIdx == buffer.lastIdx))
  61              		.loc 1 43 0
  62 0024 8022     		movs	r2, #128
  63 0026 9200     		lsls	r2, r2, #2
  64 0028 124B     		ldr	r3, .L7
  65 002a 9B58     		ldr	r3, [r3, r2]
  66 002c 9342     		cmp	r3, r2
  67 002e 09D0     		beq	.L5
  68              		.loc 1 43 0 is_stmt 0 discriminator 1
  69 0030 0432     		adds	r2, r2, #4
  70 0032 1049     		ldr	r1, .L7
  71 0034 8A58     		ldr	r2, [r1, r2]
ARM GAS  C:\Users\DMYTRO~1.FED\AppData\Local\Temp\ccu1HwMx.s 			page 3


  72 0036 9342     		cmp	r3, r2
  73 0038 04D1     		bne	.L5
  44:buffer.c      ****         {
  45:buffer.c      ****             buffer.isRun = false;
  74              		.loc 1 45 0 is_stmt 1
  75 003a 0021     		movs	r1, #0
  76 003c 104B     		ldr	r3, .L7+12
  77 003e 0D4A     		ldr	r2, .L7
  78 0040 D154     		strb	r1, [r2, r3]
  79 0042 0AE0     		b	.L6
  80              	.L5:
  46:buffer.c      ****         } else
  47:buffer.c      ****         {           
  48:buffer.c      ****             if (sizeof(buffer.data) == buffer.curIdx)
  81              		.loc 1 48 0
  82 0044 8123     		movs	r3, #129
  83 0046 9B00     		lsls	r3, r3, #2
  84 0048 0A4A     		ldr	r2, .L7
  85 004a D258     		ldr	r2, [r2, r3]
  86 004c 043B     		subs	r3, r3, #4
  87 004e 9A42     		cmp	r2, r3
  88 0050 03D1     		bne	.L6
  49:buffer.c      ****             {
  50:buffer.c      ****                 buffer.curIdx = 0;
  89              		.loc 1 50 0
  90 0052 0021     		movs	r1, #0
  91 0054 0433     		adds	r3, r3, #4
  92 0056 074A     		ldr	r2, .L7
  93 0058 D150     		str	r1, [r2, r3]
  94              	.L6:
  51:buffer.c      ****             }
  52:buffer.c      ****         }
  53:buffer.c      ****         *next = buffer.data[buffer.curIdx++]; 
  95              		.loc 1 53 0
  96 005a 064B     		ldr	r3, .L7
  97 005c 8121     		movs	r1, #129
  98 005e 8900     		lsls	r1, r1, #2
  99 0060 5A58     		ldr	r2, [r3, r1]
 100 0062 541C     		adds	r4, r2, #1
 101 0064 5C50     		str	r4, [r3, r1]
 102 0066 9B5C     		ldrb	r3, [r3, r2]
 103 0068 0370     		strb	r3, [r0]
 104              	.L4:
  54:buffer.c      ****     }
  55:buffer.c      ****     
  56:buffer.c      ****     return buffer.isRun;
 105              		.loc 1 56 0
 106 006a 054B     		ldr	r3, .L7+12
 107 006c 014A     		ldr	r2, .L7
 108 006e D05C     		ldrb	r0, [r2, r3]
 109              	.LVL4:
  57:buffer.c      **** }
 110              		.loc 1 57 0
 111              		@ sp needed
 112 0070 10BD     		pop	{r4, pc}
 113              	.L8:
 114 0072 C046     		.align	2
ARM GAS  C:\Users\DMYTRO~1.FED\AppData\Local\Temp\ccu1HwMx.s 			page 4


 115              	.L7:
 116 0074 00000000 		.word	.LANCHOR0
 117 0078 00000000 		.word	.LC1
 118 007c 0C000000 		.word	.LC3
 119 0080 11020000 		.word	529
 120              		.cfi_endproc
 121              	.LFE1:
 122              		.size	buffer_GetNext, .-buffer_GetNext
 123              		.section	.text.buffer_Run,"ax",%progbits
 124              		.align	2
 125              		.global	buffer_Run
 126              		.code	16
 127              		.thumb_func
 128              		.type	buffer_Run, %function
 129              	buffer_Run:
 130              	.LFB2:
  58:buffer.c      **** 
  59:buffer.c      **** void buffer_Run(void)
  60:buffer.c      **** {
 131              		.loc 1 60 0
 132              		.cfi_startproc
 133              		@ args = 0, pretend = 0, frame = 8
 134              		@ frame_needed = 0, uses_anonymous_args = 0
 135 0000 30B5     		push	{r4, r5, lr}
 136              		.cfi_def_cfa_offset 12
 137              		.cfi_offset 4, -12
 138              		.cfi_offset 5, -8
 139              		.cfi_offset 14, -4
 140 0002 83B0     		sub	sp, sp, #12
 141              		.cfi_def_cfa_offset 24
  61:buffer.c      ****     if (buffer.isInit && buffer.isRun)
 142              		.loc 1 61 0
 143 0004 8423     		movs	r3, #132
 144 0006 9B00     		lsls	r3, r3, #2
 145 0008 244A     		ldr	r2, .L13
 146 000a D35C     		ldrb	r3, [r2, r3]
 147 000c 002B     		cmp	r3, #0
 148 000e 43D0     		beq	.L9
 149              		.loc 1 61 0 is_stmt 0 discriminator 1
 150 0010 234B     		ldr	r3, .L13+4
 151 0012 D35C     		ldrb	r3, [r2, r3]
 152 0014 002B     		cmp	r3, #0
 153 0016 3FD0     		beq	.L9
 154              	.LBB2:
  62:buffer.c      ****     {
  63:buffer.c      ****         uint32_t dataReaded = BUFFER_MIDDLE; 
 155              		.loc 1 63 0 is_stmt 1
 156 0018 8023     		movs	r3, #128
 157 001a 5B00     		lsls	r3, r3, #1
 158 001c 0193     		str	r3, [sp, #4]
  64:buffer.c      ****         if (buffer.firstHalf)
 159              		.loc 1 64 0
 160 001e 0933     		adds	r3, r3, #9
 161 0020 FF33     		adds	r3, r3, #255
 162 0022 D35C     		ldrb	r3, [r2, r3]
 163 0024 002B     		cmp	r3, #0
 164 0026 1BD0     		beq	.L11
ARM GAS  C:\Users\DMYTRO~1.FED\AppData\Local\Temp\ccu1HwMx.s 			page 5


  65:buffer.c      ****         {
  66:buffer.c      ****             if (buffer.curIdx >= BUFFER_MIDDLE) /* pointer is outside first half */
 165              		.loc 1 66 0
 166 0028 8123     		movs	r3, #129
 167 002a 9B00     		lsls	r3, r3, #2
 168 002c D358     		ldr	r3, [r2, r3]
 169 002e FF2B     		cmp	r3, #255
 170 0030 32D9     		bls	.L9
  67:buffer.c      ****             {
  68:buffer.c      ****                 buffer.needDataCb(&buffer.data[0], BUFFER_MIDDLE, &dataReaded);  /* populate it */
 171              		.loc 1 68 0
 172 0032 1400     		movs	r4, r2
 173 0034 8323     		movs	r3, #131
 174 0036 9B00     		lsls	r3, r3, #2
 175 0038 D358     		ldr	r3, [r2, r3]
 176 003a 8025     		movs	r5, #128
 177 003c 6D00     		lsls	r5, r5, #1
 178 003e 01AA     		add	r2, sp, #4
 179 0040 2900     		movs	r1, r5
 180 0042 2000     		movs	r0, r4
 181 0044 9847     		blx	r3
 182              	.LVL5:
  69:buffer.c      ****                 buffer.firstHalf = !buffer.firstHalf;
 183              		.loc 1 69 0
 184 0046 8222     		movs	r2, #130
 185 0048 9200     		lsls	r2, r2, #2
 186 004a A15C     		ldrb	r1, [r4, r2]
 187 004c 0123     		movs	r3, #1
 188 004e 4B40     		eors	r3, r1
 189 0050 A354     		strb	r3, [r4, r2]
  70:buffer.c      ****                 if (BUFFER_MIDDLE != dataReaded)
 190              		.loc 1 70 0
 191 0052 019B     		ldr	r3, [sp, #4]
 192 0054 AB42     		cmp	r3, r5
 193 0056 1FD0     		beq	.L9
  71:buffer.c      ****                 {
  72:buffer.c      ****                     buffer.lastIdx = dataReaded;
 194              		.loc 1 72 0
 195 0058 083A     		subs	r2, r2, #8
 196 005a 1049     		ldr	r1, .L13
 197 005c 8B50     		str	r3, [r1, r2]
 198 005e 1BE0     		b	.L9
 199              	.L11:
  73:buffer.c      ****                 }
  74:buffer.c      ****             }
  75:buffer.c      ****         } else
  76:buffer.c      ****         {
  77:buffer.c      ****             if (buffer.curIdx < BUFFER_MIDDLE) /* pointer is outside second half */
 200              		.loc 1 77 0
 201 0060 8123     		movs	r3, #129
 202 0062 9B00     		lsls	r3, r3, #2
 203 0064 0D4A     		ldr	r2, .L13
 204 0066 D358     		ldr	r3, [r2, r3]
 205 0068 FF2B     		cmp	r3, #255
 206 006a 15D8     		bhi	.L9
  78:buffer.c      ****             {
  79:buffer.c      ****                 buffer.needDataCb(&buffer.data[BUFFER_MIDDLE], BUFFER_MIDDLE, &dataReaded);  /* pop
ARM GAS  C:\Users\DMYTRO~1.FED\AppData\Local\Temp\ccu1HwMx.s 			page 6


 207              		.loc 1 79 0
 208 006c 1400     		movs	r4, r2
 209 006e 8323     		movs	r3, #131
 210 0070 9B00     		lsls	r3, r3, #2
 211 0072 D358     		ldr	r3, [r2, r3]
 212 0074 8025     		movs	r5, #128
 213 0076 6D00     		lsls	r5, r5, #1
 214 0078 5019     		adds	r0, r2, r5
 215 007a 01AA     		add	r2, sp, #4
 216 007c 2900     		movs	r1, r5
 217 007e 9847     		blx	r3
 218              	.LVL6:
  80:buffer.c      ****                 buffer.firstHalf = !buffer.firstHalf;
 219              		.loc 1 80 0
 220 0080 8222     		movs	r2, #130
 221 0082 9200     		lsls	r2, r2, #2
 222 0084 A15C     		ldrb	r1, [r4, r2]
 223 0086 0123     		movs	r3, #1
 224 0088 4B40     		eors	r3, r1
 225 008a A354     		strb	r3, [r4, r2]
  81:buffer.c      ****                 if (BUFFER_MIDDLE != dataReaded)
 226              		.loc 1 81 0
 227 008c 019B     		ldr	r3, [sp, #4]
 228 008e AB42     		cmp	r3, r5
 229 0090 02D0     		beq	.L9
  82:buffer.c      ****                 {
  83:buffer.c      ****                     buffer.lastIdx = dataReaded;
 230              		.loc 1 83 0
 231 0092 083A     		subs	r2, r2, #8
 232 0094 0149     		ldr	r1, .L13
 233 0096 8B50     		str	r3, [r1, r2]
 234              	.L9:
 235              	.LBE2:
  84:buffer.c      ****                 }
  85:buffer.c      ****             }
  86:buffer.c      ****         } 
  87:buffer.c      ****     }
  88:buffer.c      **** }
 236              		.loc 1 88 0
 237 0098 03B0     		add	sp, sp, #12
 238              		@ sp needed
 239 009a 30BD     		pop	{r4, r5, pc}
 240              	.L14:
 241              		.align	2
 242              	.L13:
 243 009c 00000000 		.word	.LANCHOR0
 244 00a0 11020000 		.word	529
 245              		.cfi_endproc
 246              	.LFE2:
 247              		.size	buffer_Run, .-buffer_Run
 248              		.section	.text.buffer_Stop,"ax",%progbits
 249              		.align	2
 250              		.global	buffer_Stop
 251              		.code	16
 252              		.thumb_func
 253              		.type	buffer_Stop, %function
 254              	buffer_Stop:
ARM GAS  C:\Users\DMYTRO~1.FED\AppData\Local\Temp\ccu1HwMx.s 			page 7


 255              	.LFB3:
  89:buffer.c      **** 
  90:buffer.c      **** void buffer_Stop(void)
  91:buffer.c      **** {
 256              		.loc 1 91 0
 257              		.cfi_startproc
 258              		@ args = 0, pretend = 0, frame = 0
 259              		@ frame_needed = 0, uses_anonymous_args = 0
 260              		@ link register save eliminated.
  92:buffer.c      ****     buffer.lastIdx    = sizeof(buffer.data);
 261              		.loc 1 92 0
 262 0000 094B     		ldr	r3, .L16
 263 0002 8022     		movs	r2, #128
 264 0004 9200     		lsls	r2, r2, #2
 265 0006 9A50     		str	r2, [r3, r2]
  93:buffer.c      ****     buffer.curIdx     = 0;
 266              		.loc 1 93 0
 267 0008 0022     		movs	r2, #0
 268 000a 8121     		movs	r1, #129
 269 000c 8900     		lsls	r1, r1, #2
 270 000e 5A50     		str	r2, [r3, r1]
  94:buffer.c      ****     buffer.firstHalf  = true;
 271              		.loc 1 94 0
 272 0010 0121     		movs	r1, #1
 273 0012 8220     		movs	r0, #130
 274 0014 8000     		lsls	r0, r0, #2
 275 0016 1954     		strb	r1, [r3, r0]
  95:buffer.c      ****     buffer.needDataCb = NULL;
 276              		.loc 1 95 0
 277 0018 0430     		adds	r0, r0, #4
 278 001a 1A50     		str	r2, [r3, r0]
  96:buffer.c      ****     buffer.isRun      = false;
 279              		.loc 1 96 0
 280 001c 0348     		ldr	r0, .L16+4
 281 001e 1A54     		strb	r2, [r3, r0]
  97:buffer.c      ****     buffer.isInit     = true;
 282              		.loc 1 97 0
 283 0020 8422     		movs	r2, #132
 284 0022 9200     		lsls	r2, r2, #2
 285 0024 9954     		strb	r1, [r3, r2]
  98:buffer.c      **** }
 286              		.loc 1 98 0
 287              		@ sp needed
 288 0026 7047     		bx	lr
 289              	.L17:
 290              		.align	2
 291              	.L16:
 292 0028 00000000 		.word	.LANCHOR0
 293 002c 11020000 		.word	529
 294              		.cfi_endproc
 295              	.LFE3:
 296              		.size	buffer_Stop, .-buffer_Stop
 297              		.section	.text.buffer_Init,"ax",%progbits
 298              		.align	2
 299              		.global	buffer_Init
 300              		.code	16
 301              		.thumb_func
ARM GAS  C:\Users\DMYTRO~1.FED\AppData\Local\Temp\ccu1HwMx.s 			page 8


 302              		.type	buffer_Init, %function
 303              	buffer_Init:
 304              	.LFB0:
  24:buffer.c      ****     buffer_Stop();
 305              		.loc 1 24 0
 306              		.cfi_startproc
 307              		@ args = 0, pretend = 0, frame = 0
 308              		@ frame_needed = 0, uses_anonymous_args = 0
 309              	.LVL7:
 310 0000 70B5     		push	{r4, r5, r6, lr}
 311              		.cfi_def_cfa_offset 16
 312              		.cfi_offset 4, -16
 313              		.cfi_offset 5, -12
 314              		.cfi_offset 6, -8
 315              		.cfi_offset 14, -4
 316 0002 0500     		movs	r5, r0
  25:buffer.c      ****     ASSERT(NULL != needDataCb);
 317              		.loc 1 25 0
 318 0004 FFF7FEFF 		bl	buffer_Stop
 319              	.LVL8:
  26:buffer.c      ****     
 320              		.loc 1 26 0
 321 0008 002D     		cmp	r5, #0
 322 000a 05D1     		bne	.L19
  26:buffer.c      ****     
 323              		.loc 1 26 0 is_stmt 0 discriminator 1
 324 000c 1A22     		movs	r2, #26
 325 000e 0D49     		ldr	r1, .L22
 326 0010 0D48     		ldr	r0, .L22+4
 327 0012 FFF7FEFF 		bl	uartPrintf
 328              	.LVL9:
 329              	.L20:
 330 0016 FEE7     		b	.L20
 331              	.L19:
  28:buffer.c      ****     buffer.isInit     = true; 
 332              		.loc 1 28 0 is_stmt 1
 333 0018 0C4C     		ldr	r4, .L22+8
 334 001a 8323     		movs	r3, #131
 335 001c 9B00     		lsls	r3, r3, #2
 336 001e E550     		str	r5, [r4, r3]
  29:buffer.c      ****     
 337              		.loc 1 29 0
 338 0020 0122     		movs	r2, #1
 339 0022 0433     		adds	r3, r3, #4
 340 0024 E254     		strb	r2, [r4, r3]
  31:buffer.c      ****     if (0 != buffer.lastIdx)
 341              		.loc 1 31 0
 342 0026 103B     		subs	r3, r3, #16
 343 0028 E218     		adds	r2, r4, r3
 344 002a 1E00     		movs	r6, r3
 345 002c 1900     		movs	r1, r3
 346 002e 2000     		movs	r0, r4
 347 0030 A847     		blx	r5
 348              	.LVL10:
  32:buffer.c      ****     {
 349              		.loc 1 32 0
 350 0032 A359     		ldr	r3, [r4, r6]
ARM GAS  C:\Users\DMYTRO~1.FED\AppData\Local\Temp\ccu1HwMx.s 			page 9


 351 0034 002B     		cmp	r3, #0
 352 0036 03D0     		beq	.L18
  34:buffer.c      ****     }
 353              		.loc 1 34 0
 354 0038 0121     		movs	r1, #1
 355 003a 054B     		ldr	r3, .L22+12
 356 003c 034A     		ldr	r2, .L22+8
 357 003e D154     		strb	r1, [r2, r3]
 358              	.L18:
  36:buffer.c      **** 
 359              		.loc 1 36 0
 360              		@ sp needed
 361              	.LVL11:
 362 0040 70BD     		pop	{r4, r5, r6, pc}
 363              	.L23:
 364 0042 C046     		.align	2
 365              	.L22:
 366 0044 00000000 		.word	.LC1
 367 0048 0C000000 		.word	.LC3
 368 004c 00000000 		.word	.LANCHOR0
 369 0050 11020000 		.word	529
 370              		.cfi_endproc
 371              	.LFE0:
 372              		.size	buffer_Init, .-buffer_Init
 373              		.section	.rodata.str1.4,"aMS",%progbits,1
 374              		.align	2
 375              	.LC1:
 376 0000 62756666 		.ascii	"buffer.c\000"
 376      65722E63 
 376      00
 377 0009 000000   		.space	3
 378              	.LC3:
 379 000c 52756E74 		.ascii	"RuntimeError: Assert in file: %s line: %d\015\012\000"
 379      696D6545 
 379      72726F72 
 379      3A204173 
 379      73657274 
 380              		.bss
 381              		.align	2
 382              		.set	.LANCHOR0,. + 0
 383              		.type	buffer, %object
 384              		.size	buffer, 532
 385              	buffer:
 386 0000 00000000 		.space	532
 386      00000000 
 386      00000000 
 386      00000000 
 386      00000000 
 387              		.text
 388              	.Letext0:
 389              		.file 2 "c:\\program files (x86)\\cypress\\psoc creator\\4.2\\psoc creator\\import\\gnu\\arm\\5.4.
 390              		.file 3 "c:\\program files (x86)\\cypress\\psoc creator\\4.2\\psoc creator\\import\\gnu\\arm\\5.4.
 391              		.file 4 "buffer.h"
 392              		.file 5 "uartPrint.h"
 393              		.section	.debug_info,"",%progbits
 394              	.Ldebug_info0:
 395 0000 B0020000 		.4byte	0x2b0
ARM GAS  C:\Users\DMYTRO~1.FED\AppData\Local\Temp\ccu1HwMx.s 			page 10


 396 0004 0400     		.2byte	0x4
 397 0006 00000000 		.4byte	.Ldebug_abbrev0
 398 000a 04       		.byte	0x4
 399 000b 01       		.uleb128 0x1
 400 000c A2010000 		.4byte	.LASF31
 401 0010 0C       		.byte	0xc
 402 0011 10010000 		.4byte	.LASF32
 403 0015 29010000 		.4byte	.LASF33
 404 0019 00000000 		.4byte	.Ldebug_ranges0+0
 405 001d 00000000 		.4byte	0
 406 0021 00000000 		.4byte	.Ldebug_line0
 407 0025 02       		.uleb128 0x2
 408 0026 04       		.byte	0x4
 409 0027 07       		.byte	0x7
 410 0028 C2000000 		.4byte	.LASF0
 411 002c 03       		.uleb128 0x3
 412 002d 04       		.byte	0x4
 413 002e 05       		.byte	0x5
 414 002f 696E7400 		.ascii	"int\000"
 415 0033 02       		.uleb128 0x2
 416 0034 08       		.byte	0x8
 417 0035 05       		.byte	0x5
 418 0036 02010000 		.4byte	.LASF1
 419 003a 02       		.uleb128 0x2
 420 003b 08       		.byte	0x8
 421 003c 04       		.byte	0x4
 422 003d 96010000 		.4byte	.LASF2
 423 0041 02       		.uleb128 0x2
 424 0042 01       		.byte	0x1
 425 0043 06       		.byte	0x6
 426 0044 34020000 		.4byte	.LASF3
 427 0048 04       		.uleb128 0x4
 428 0049 00000000 		.4byte	.LASF8
 429 004d 02       		.byte	0x2
 430 004e 1D       		.byte	0x1d
 431 004f 53000000 		.4byte	0x53
 432 0053 02       		.uleb128 0x2
 433 0054 01       		.byte	0x1
 434 0055 08       		.byte	0x8
 435 0056 4F000000 		.4byte	.LASF4
 436 005a 02       		.uleb128 0x2
 437 005b 02       		.byte	0x2
 438 005c 05       		.byte	0x5
 439 005d 73010000 		.4byte	.LASF5
 440 0061 02       		.uleb128 0x2
 441 0062 02       		.byte	0x2
 442 0063 07       		.byte	0x7
 443 0064 6F000000 		.4byte	.LASF6
 444 0068 02       		.uleb128 0x2
 445 0069 04       		.byte	0x4
 446 006a 05       		.byte	0x5
 447 006b 8D010000 		.4byte	.LASF7
 448 006f 04       		.uleb128 0x4
 449 0070 AB000000 		.4byte	.LASF9
 450 0074 02       		.byte	0x2
 451 0075 41       		.byte	0x41
 452 0076 7A000000 		.4byte	0x7a
ARM GAS  C:\Users\DMYTRO~1.FED\AppData\Local\Temp\ccu1HwMx.s 			page 11


 453 007a 02       		.uleb128 0x2
 454 007b 04       		.byte	0x4
 455 007c 07       		.byte	0x7
 456 007d 5D000000 		.4byte	.LASF10
 457 0081 02       		.uleb128 0x2
 458 0082 08       		.byte	0x8
 459 0083 07       		.byte	0x7
 460 0084 CF000000 		.4byte	.LASF11
 461 0088 02       		.uleb128 0x2
 462 0089 04       		.byte	0x4
 463 008a 07       		.byte	0x7
 464 008b F9000000 		.4byte	.LASF12
 465 008f 02       		.uleb128 0x2
 466 0090 01       		.byte	0x1
 467 0091 08       		.byte	0x8
 468 0092 19010000 		.4byte	.LASF13
 469 0096 04       		.uleb128 0x4
 470 0097 E6000000 		.4byte	.LASF14
 471 009b 03       		.byte	0x3
 472 009c 18       		.byte	0x18
 473 009d 48000000 		.4byte	0x48
 474 00a1 04       		.uleb128 0x4
 475 00a2 84010000 		.4byte	.LASF15
 476 00a6 03       		.byte	0x3
 477 00a7 30       		.byte	0x30
 478 00a8 6F000000 		.4byte	0x6f
 479 00ac 04       		.uleb128 0x4
 480 00ad 8E000000 		.4byte	.LASF16
 481 00b1 04       		.byte	0x4
 482 00b2 15       		.byte	0x15
 483 00b3 B7000000 		.4byte	0xb7
 484 00b7 05       		.uleb128 0x5
 485 00b8 04       		.byte	0x4
 486 00b9 BD000000 		.4byte	0xbd
 487 00bd 06       		.uleb128 0x6
 488 00be D2000000 		.4byte	0xd2
 489 00c2 07       		.uleb128 0x7
 490 00c3 D2000000 		.4byte	0xd2
 491 00c7 07       		.uleb128 0x7
 492 00c8 A1000000 		.4byte	0xa1
 493 00cc 07       		.uleb128 0x7
 494 00cd D8000000 		.4byte	0xd8
 495 00d1 00       		.byte	0
 496 00d2 05       		.uleb128 0x5
 497 00d3 04       		.byte	0x4
 498 00d4 96000000 		.4byte	0x96
 499 00d8 05       		.uleb128 0x5
 500 00d9 04       		.byte	0x4
 501 00da A1000000 		.4byte	0xa1
 502 00de 08       		.uleb128 0x8
 503 00df 1402     		.2byte	0x214
 504 00e1 01       		.byte	0x1
 505 00e2 0A       		.byte	0xa
 506 00e3 42010000 		.4byte	0x142
 507 00e7 09       		.uleb128 0x9
 508 00e8 43000000 		.4byte	.LASF17
 509 00ec 01       		.byte	0x1
ARM GAS  C:\Users\DMYTRO~1.FED\AppData\Local\Temp\ccu1HwMx.s 			page 12


 510 00ed 0C       		.byte	0xc
 511 00ee 42010000 		.4byte	0x142
 512 00f2 00       		.byte	0
 513 00f3 0A       		.uleb128 0xa
 514 00f4 0F000000 		.4byte	.LASF18
 515 00f8 01       		.byte	0x1
 516 00f9 0D       		.byte	0xd
 517 00fa A1000000 		.4byte	0xa1
 518 00fe 0002     		.2byte	0x200
 519 0100 0A       		.uleb128 0xa
 520 0101 3C000000 		.4byte	.LASF19
 521 0105 01       		.byte	0x1
 522 0106 0E       		.byte	0xe
 523 0107 A1000000 		.4byte	0xa1
 524 010b 0402     		.2byte	0x204
 525 010d 0A       		.uleb128 0xa
 526 010e 40020000 		.4byte	.LASF20
 527 0112 01       		.byte	0x1
 528 0113 0F       		.byte	0xf
 529 0114 53010000 		.4byte	0x153
 530 0118 0802     		.2byte	0x208
 531 011a 0A       		.uleb128 0xa
 532 011b EE000000 		.4byte	.LASF21
 533 011f 01       		.byte	0x1
 534 0120 10       		.byte	0x10
 535 0121 AC000000 		.4byte	0xac
 536 0125 0C02     		.2byte	0x20c
 537 0127 0A       		.uleb128 0xa
 538 0128 48000000 		.4byte	.LASF22
 539 012c 01       		.byte	0x1
 540 012d 11       		.byte	0x11
 541 012e 53010000 		.4byte	0x153
 542 0132 1002     		.2byte	0x210
 543 0134 0A       		.uleb128 0xa
 544 0135 4A020000 		.4byte	.LASF23
 545 0139 01       		.byte	0x1
 546 013a 12       		.byte	0x12
 547 013b 53010000 		.4byte	0x153
 548 013f 1102     		.2byte	0x211
 549 0141 00       		.byte	0
 550 0142 0B       		.uleb128 0xb
 551 0143 96000000 		.4byte	0x96
 552 0147 53010000 		.4byte	0x153
 553 014b 0C       		.uleb128 0xc
 554 014c 88000000 		.4byte	0x88
 555 0150 FF01     		.2byte	0x1ff
 556 0152 00       		.byte	0
 557 0153 02       		.uleb128 0x2
 558 0154 01       		.byte	0x1
 559 0155 02       		.byte	0x2
 560 0156 50020000 		.4byte	.LASF24
 561 015a 04       		.uleb128 0x4
 562 015b A2000000 		.4byte	.LASF25
 563 015f 01       		.byte	0x1
 564 0160 13       		.byte	0x13
 565 0161 DE000000 		.4byte	0xde
 566 0165 0D       		.uleb128 0xd
ARM GAS  C:\Users\DMYTRO~1.FED\AppData\Local\Temp\ccu1HwMx.s 			page 13


 567 0166 22000000 		.4byte	.LASF34
 568 016a 01       		.byte	0x1
 569 016b 26       		.byte	0x26
 570 016c 53010000 		.4byte	0x153
 571 0170 00000000 		.4byte	.LFB1
 572 0174 84000000 		.4byte	.LFE1-.LFB1
 573 0178 01       		.uleb128 0x1
 574 0179 9C       		.byte	0x9c
 575 017a B0010000 		.4byte	0x1b0
 576 017e 0E       		.uleb128 0xe
 577 017f 0A000000 		.4byte	.LASF28
 578 0183 01       		.byte	0x1
 579 0184 26       		.byte	0x26
 580 0185 D2000000 		.4byte	0xd2
 581 0189 00000000 		.4byte	.LLST0
 582 018d 0F       		.uleb128 0xf
 583 018e 18000000 		.4byte	.LVL2
 584 0192 A8020000 		.4byte	0x2a8
 585 0196 10       		.uleb128 0x10
 586 0197 01       		.uleb128 0x1
 587 0198 50       		.byte	0x50
 588 0199 05       		.uleb128 0x5
 589 019a 03       		.byte	0x3
 590 019b 0C000000 		.4byte	.LC3
 591 019f 10       		.uleb128 0x10
 592 01a0 01       		.uleb128 0x1
 593 01a1 51       		.byte	0x51
 594 01a2 05       		.uleb128 0x5
 595 01a3 03       		.byte	0x3
 596 01a4 00000000 		.4byte	.LC1
 597 01a8 10       		.uleb128 0x10
 598 01a9 01       		.uleb128 0x1
 599 01aa 52       		.byte	0x52
 600 01ab 02       		.uleb128 0x2
 601 01ac 08       		.byte	0x8
 602 01ad 28       		.byte	0x28
 603 01ae 00       		.byte	0
 604 01af 00       		.byte	0
 605 01b0 11       		.uleb128 0x11
 606 01b1 31000000 		.4byte	.LASF26
 607 01b5 01       		.byte	0x1
 608 01b6 3B       		.byte	0x3b
 609 01b7 00000000 		.4byte	.LFB2
 610 01bb A4000000 		.4byte	.LFE2-.LFB2
 611 01bf 01       		.uleb128 0x1
 612 01c0 9C       		.byte	0x9c
 613 01c1 15020000 		.4byte	0x215
 614 01c5 12       		.uleb128 0x12
 615 01c6 18000000 		.4byte	.LBB2
 616 01ca 80000000 		.4byte	.LBE2-.LBB2
 617 01ce 13       		.uleb128 0x13
 618 01cf 1E010000 		.4byte	.LASF29
 619 01d3 01       		.byte	0x1
 620 01d4 3F       		.byte	0x3f
 621 01d5 A1000000 		.4byte	0xa1
 622 01d9 02       		.uleb128 0x2
 623 01da 91       		.byte	0x91
ARM GAS  C:\Users\DMYTRO~1.FED\AppData\Local\Temp\ccu1HwMx.s 			page 14


 624 01db 6C       		.sleb128 -20
 625 01dc 14       		.uleb128 0x14
 626 01dd 46000000 		.4byte	.LVL5
 627 01e1 F8010000 		.4byte	0x1f8
 628 01e5 10       		.uleb128 0x10
 629 01e6 01       		.uleb128 0x1
 630 01e7 50       		.byte	0x50
 631 01e8 02       		.uleb128 0x2
 632 01e9 74       		.byte	0x74
 633 01ea 00       		.sleb128 0
 634 01eb 10       		.uleb128 0x10
 635 01ec 01       		.uleb128 0x1
 636 01ed 51       		.byte	0x51
 637 01ee 02       		.uleb128 0x2
 638 01ef 75       		.byte	0x75
 639 01f0 00       		.sleb128 0
 640 01f1 10       		.uleb128 0x10
 641 01f2 01       		.uleb128 0x1
 642 01f3 52       		.byte	0x52
 643 01f4 02       		.uleb128 0x2
 644 01f5 91       		.byte	0x91
 645 01f6 6C       		.sleb128 -20
 646 01f7 00       		.byte	0
 647 01f8 15       		.uleb128 0x15
 648 01f9 80000000 		.4byte	.LVL6
 649 01fd 10       		.uleb128 0x10
 650 01fe 01       		.uleb128 0x1
 651 01ff 50       		.byte	0x50
 652 0200 05       		.uleb128 0x5
 653 0201 74       		.byte	0x74
 654 0202 00       		.sleb128 0
 655 0203 75       		.byte	0x75
 656 0204 00       		.sleb128 0
 657 0205 22       		.byte	0x22
 658 0206 10       		.uleb128 0x10
 659 0207 01       		.uleb128 0x1
 660 0208 51       		.byte	0x51
 661 0209 02       		.uleb128 0x2
 662 020a 75       		.byte	0x75
 663 020b 00       		.sleb128 0
 664 020c 10       		.uleb128 0x10
 665 020d 01       		.uleb128 0x1
 666 020e 52       		.byte	0x52
 667 020f 02       		.uleb128 0x2
 668 0210 91       		.byte	0x91
 669 0211 6C       		.sleb128 -20
 670 0212 00       		.byte	0
 671 0213 00       		.byte	0
 672 0214 00       		.byte	0
 673 0215 16       		.uleb128 0x16
 674 0216 82000000 		.4byte	.LASF35
 675 021a 01       		.byte	0x1
 676 021b 5A       		.byte	0x5a
 677 021c 00000000 		.4byte	.LFB3
 678 0220 30000000 		.4byte	.LFE3-.LFB3
 679 0224 01       		.uleb128 0x1
 680 0225 9C       		.byte	0x9c
ARM GAS  C:\Users\DMYTRO~1.FED\AppData\Local\Temp\ccu1HwMx.s 			page 15


 681 0226 11       		.uleb128 0x11
 682 0227 B6000000 		.4byte	.LASF27
 683 022b 01       		.byte	0x1
 684 022c 17       		.byte	0x17
 685 022d 00000000 		.4byte	.LFB0
 686 0231 54000000 		.4byte	.LFE0-.LFB0
 687 0235 01       		.uleb128 0x1
 688 0236 9C       		.byte	0x9c
 689 0237 97020000 		.4byte	0x297
 690 023b 0E       		.uleb128 0xe
 691 023c EE000000 		.4byte	.LASF21
 692 0240 01       		.byte	0x1
 693 0241 17       		.byte	0x17
 694 0242 AC000000 		.4byte	0xac
 695 0246 3A000000 		.4byte	.LLST1
 696 024a 17       		.uleb128 0x17
 697 024b 08000000 		.4byte	.LVL8
 698 024f 15020000 		.4byte	0x215
 699 0253 18       		.uleb128 0x18
 700 0254 16000000 		.4byte	.LVL9
 701 0258 A8020000 		.4byte	0x2a8
 702 025c 78020000 		.4byte	0x278
 703 0260 10       		.uleb128 0x10
 704 0261 01       		.uleb128 0x1
 705 0262 50       		.byte	0x50
 706 0263 05       		.uleb128 0x5
 707 0264 03       		.byte	0x3
 708 0265 0C000000 		.4byte	.LC3
 709 0269 10       		.uleb128 0x10
 710 026a 01       		.uleb128 0x1
 711 026b 51       		.byte	0x51
 712 026c 05       		.uleb128 0x5
 713 026d 03       		.byte	0x3
 714 026e 00000000 		.4byte	.LC1
 715 0272 10       		.uleb128 0x10
 716 0273 01       		.uleb128 0x1
 717 0274 52       		.byte	0x52
 718 0275 01       		.uleb128 0x1
 719 0276 4A       		.byte	0x4a
 720 0277 00       		.byte	0
 721 0278 19       		.uleb128 0x19
 722 0279 32000000 		.4byte	.LVL10
 723 027d 02       		.uleb128 0x2
 724 027e 75       		.byte	0x75
 725 027f 00       		.sleb128 0
 726 0280 10       		.uleb128 0x10
 727 0281 01       		.uleb128 0x1
 728 0282 50       		.byte	0x50
 729 0283 02       		.uleb128 0x2
 730 0284 74       		.byte	0x74
 731 0285 00       		.sleb128 0
 732 0286 10       		.uleb128 0x10
 733 0287 01       		.uleb128 0x1
 734 0288 51       		.byte	0x51
 735 0289 02       		.uleb128 0x2
 736 028a 76       		.byte	0x76
 737 028b 00       		.sleb128 0
ARM GAS  C:\Users\DMYTRO~1.FED\AppData\Local\Temp\ccu1HwMx.s 			page 16


 738 028c 10       		.uleb128 0x10
 739 028d 01       		.uleb128 0x1
 740 028e 52       		.byte	0x52
 741 028f 05       		.uleb128 0x5
 742 0290 74       		.byte	0x74
 743 0291 00       		.sleb128 0
 744 0292 76       		.byte	0x76
 745 0293 00       		.sleb128 0
 746 0294 22       		.byte	0x22
 747 0295 00       		.byte	0
 748 0296 00       		.byte	0
 749 0297 13       		.uleb128 0x13
 750 0298 7D010000 		.4byte	.LASF30
 751 029c 01       		.byte	0x1
 752 029d 15       		.byte	0x15
 753 029e 5A010000 		.4byte	0x15a
 754 02a2 05       		.uleb128 0x5
 755 02a3 03       		.byte	0x3
 756 02a4 00000000 		.4byte	buffer
 757 02a8 1A       		.uleb128 0x1a
 758 02a9 17000000 		.4byte	.LASF36
 759 02ad 17000000 		.4byte	.LASF36
 760 02b1 05       		.byte	0x5
 761 02b2 18       		.byte	0x18
 762 02b3 00       		.byte	0
 763              		.section	.debug_abbrev,"",%progbits
 764              	.Ldebug_abbrev0:
 765 0000 01       		.uleb128 0x1
 766 0001 11       		.uleb128 0x11
 767 0002 01       		.byte	0x1
 768 0003 25       		.uleb128 0x25
 769 0004 0E       		.uleb128 0xe
 770 0005 13       		.uleb128 0x13
 771 0006 0B       		.uleb128 0xb
 772 0007 03       		.uleb128 0x3
 773 0008 0E       		.uleb128 0xe
 774 0009 1B       		.uleb128 0x1b
 775 000a 0E       		.uleb128 0xe
 776 000b 55       		.uleb128 0x55
 777 000c 17       		.uleb128 0x17
 778 000d 11       		.uleb128 0x11
 779 000e 01       		.uleb128 0x1
 780 000f 10       		.uleb128 0x10
 781 0010 17       		.uleb128 0x17
 782 0011 00       		.byte	0
 783 0012 00       		.byte	0
 784 0013 02       		.uleb128 0x2
 785 0014 24       		.uleb128 0x24
 786 0015 00       		.byte	0
 787 0016 0B       		.uleb128 0xb
 788 0017 0B       		.uleb128 0xb
 789 0018 3E       		.uleb128 0x3e
 790 0019 0B       		.uleb128 0xb
 791 001a 03       		.uleb128 0x3
 792 001b 0E       		.uleb128 0xe
 793 001c 00       		.byte	0
 794 001d 00       		.byte	0
ARM GAS  C:\Users\DMYTRO~1.FED\AppData\Local\Temp\ccu1HwMx.s 			page 17


 795 001e 03       		.uleb128 0x3
 796 001f 24       		.uleb128 0x24
 797 0020 00       		.byte	0
 798 0021 0B       		.uleb128 0xb
 799 0022 0B       		.uleb128 0xb
 800 0023 3E       		.uleb128 0x3e
 801 0024 0B       		.uleb128 0xb
 802 0025 03       		.uleb128 0x3
 803 0026 08       		.uleb128 0x8
 804 0027 00       		.byte	0
 805 0028 00       		.byte	0
 806 0029 04       		.uleb128 0x4
 807 002a 16       		.uleb128 0x16
 808 002b 00       		.byte	0
 809 002c 03       		.uleb128 0x3
 810 002d 0E       		.uleb128 0xe
 811 002e 3A       		.uleb128 0x3a
 812 002f 0B       		.uleb128 0xb
 813 0030 3B       		.uleb128 0x3b
 814 0031 0B       		.uleb128 0xb
 815 0032 49       		.uleb128 0x49
 816 0033 13       		.uleb128 0x13
 817 0034 00       		.byte	0
 818 0035 00       		.byte	0
 819 0036 05       		.uleb128 0x5
 820 0037 0F       		.uleb128 0xf
 821 0038 00       		.byte	0
 822 0039 0B       		.uleb128 0xb
 823 003a 0B       		.uleb128 0xb
 824 003b 49       		.uleb128 0x49
 825 003c 13       		.uleb128 0x13
 826 003d 00       		.byte	0
 827 003e 00       		.byte	0
 828 003f 06       		.uleb128 0x6
 829 0040 15       		.uleb128 0x15
 830 0041 01       		.byte	0x1
 831 0042 27       		.uleb128 0x27
 832 0043 19       		.uleb128 0x19
 833 0044 01       		.uleb128 0x1
 834 0045 13       		.uleb128 0x13
 835 0046 00       		.byte	0
 836 0047 00       		.byte	0
 837 0048 07       		.uleb128 0x7
 838 0049 05       		.uleb128 0x5
 839 004a 00       		.byte	0
 840 004b 49       		.uleb128 0x49
 841 004c 13       		.uleb128 0x13
 842 004d 00       		.byte	0
 843 004e 00       		.byte	0
 844 004f 08       		.uleb128 0x8
 845 0050 13       		.uleb128 0x13
 846 0051 01       		.byte	0x1
 847 0052 0B       		.uleb128 0xb
 848 0053 05       		.uleb128 0x5
 849 0054 3A       		.uleb128 0x3a
 850 0055 0B       		.uleb128 0xb
 851 0056 3B       		.uleb128 0x3b
ARM GAS  C:\Users\DMYTRO~1.FED\AppData\Local\Temp\ccu1HwMx.s 			page 18


 852 0057 0B       		.uleb128 0xb
 853 0058 01       		.uleb128 0x1
 854 0059 13       		.uleb128 0x13
 855 005a 00       		.byte	0
 856 005b 00       		.byte	0
 857 005c 09       		.uleb128 0x9
 858 005d 0D       		.uleb128 0xd
 859 005e 00       		.byte	0
 860 005f 03       		.uleb128 0x3
 861 0060 0E       		.uleb128 0xe
 862 0061 3A       		.uleb128 0x3a
 863 0062 0B       		.uleb128 0xb
 864 0063 3B       		.uleb128 0x3b
 865 0064 0B       		.uleb128 0xb
 866 0065 49       		.uleb128 0x49
 867 0066 13       		.uleb128 0x13
 868 0067 38       		.uleb128 0x38
 869 0068 0B       		.uleb128 0xb
 870 0069 00       		.byte	0
 871 006a 00       		.byte	0
 872 006b 0A       		.uleb128 0xa
 873 006c 0D       		.uleb128 0xd
 874 006d 00       		.byte	0
 875 006e 03       		.uleb128 0x3
 876 006f 0E       		.uleb128 0xe
 877 0070 3A       		.uleb128 0x3a
 878 0071 0B       		.uleb128 0xb
 879 0072 3B       		.uleb128 0x3b
 880 0073 0B       		.uleb128 0xb
 881 0074 49       		.uleb128 0x49
 882 0075 13       		.uleb128 0x13
 883 0076 38       		.uleb128 0x38
 884 0077 05       		.uleb128 0x5
 885 0078 00       		.byte	0
 886 0079 00       		.byte	0
 887 007a 0B       		.uleb128 0xb
 888 007b 01       		.uleb128 0x1
 889 007c 01       		.byte	0x1
 890 007d 49       		.uleb128 0x49
 891 007e 13       		.uleb128 0x13
 892 007f 01       		.uleb128 0x1
 893 0080 13       		.uleb128 0x13
 894 0081 00       		.byte	0
 895 0082 00       		.byte	0
 896 0083 0C       		.uleb128 0xc
 897 0084 21       		.uleb128 0x21
 898 0085 00       		.byte	0
 899 0086 49       		.uleb128 0x49
 900 0087 13       		.uleb128 0x13
 901 0088 2F       		.uleb128 0x2f
 902 0089 05       		.uleb128 0x5
 903 008a 00       		.byte	0
 904 008b 00       		.byte	0
 905 008c 0D       		.uleb128 0xd
 906 008d 2E       		.uleb128 0x2e
 907 008e 01       		.byte	0x1
 908 008f 3F       		.uleb128 0x3f
ARM GAS  C:\Users\DMYTRO~1.FED\AppData\Local\Temp\ccu1HwMx.s 			page 19


 909 0090 19       		.uleb128 0x19
 910 0091 03       		.uleb128 0x3
 911 0092 0E       		.uleb128 0xe
 912 0093 3A       		.uleb128 0x3a
 913 0094 0B       		.uleb128 0xb
 914 0095 3B       		.uleb128 0x3b
 915 0096 0B       		.uleb128 0xb
 916 0097 27       		.uleb128 0x27
 917 0098 19       		.uleb128 0x19
 918 0099 49       		.uleb128 0x49
 919 009a 13       		.uleb128 0x13
 920 009b 11       		.uleb128 0x11
 921 009c 01       		.uleb128 0x1
 922 009d 12       		.uleb128 0x12
 923 009e 06       		.uleb128 0x6
 924 009f 40       		.uleb128 0x40
 925 00a0 18       		.uleb128 0x18
 926 00a1 9742     		.uleb128 0x2117
 927 00a3 19       		.uleb128 0x19
 928 00a4 01       		.uleb128 0x1
 929 00a5 13       		.uleb128 0x13
 930 00a6 00       		.byte	0
 931 00a7 00       		.byte	0
 932 00a8 0E       		.uleb128 0xe
 933 00a9 05       		.uleb128 0x5
 934 00aa 00       		.byte	0
 935 00ab 03       		.uleb128 0x3
 936 00ac 0E       		.uleb128 0xe
 937 00ad 3A       		.uleb128 0x3a
 938 00ae 0B       		.uleb128 0xb
 939 00af 3B       		.uleb128 0x3b
 940 00b0 0B       		.uleb128 0xb
 941 00b1 49       		.uleb128 0x49
 942 00b2 13       		.uleb128 0x13
 943 00b3 02       		.uleb128 0x2
 944 00b4 17       		.uleb128 0x17
 945 00b5 00       		.byte	0
 946 00b6 00       		.byte	0
 947 00b7 0F       		.uleb128 0xf
 948 00b8 898201   		.uleb128 0x4109
 949 00bb 01       		.byte	0x1
 950 00bc 11       		.uleb128 0x11
 951 00bd 01       		.uleb128 0x1
 952 00be 31       		.uleb128 0x31
 953 00bf 13       		.uleb128 0x13
 954 00c0 00       		.byte	0
 955 00c1 00       		.byte	0
 956 00c2 10       		.uleb128 0x10
 957 00c3 8A8201   		.uleb128 0x410a
 958 00c6 00       		.byte	0
 959 00c7 02       		.uleb128 0x2
 960 00c8 18       		.uleb128 0x18
 961 00c9 9142     		.uleb128 0x2111
 962 00cb 18       		.uleb128 0x18
 963 00cc 00       		.byte	0
 964 00cd 00       		.byte	0
 965 00ce 11       		.uleb128 0x11
ARM GAS  C:\Users\DMYTRO~1.FED\AppData\Local\Temp\ccu1HwMx.s 			page 20


 966 00cf 2E       		.uleb128 0x2e
 967 00d0 01       		.byte	0x1
 968 00d1 3F       		.uleb128 0x3f
 969 00d2 19       		.uleb128 0x19
 970 00d3 03       		.uleb128 0x3
 971 00d4 0E       		.uleb128 0xe
 972 00d5 3A       		.uleb128 0x3a
 973 00d6 0B       		.uleb128 0xb
 974 00d7 3B       		.uleb128 0x3b
 975 00d8 0B       		.uleb128 0xb
 976 00d9 27       		.uleb128 0x27
 977 00da 19       		.uleb128 0x19
 978 00db 11       		.uleb128 0x11
 979 00dc 01       		.uleb128 0x1
 980 00dd 12       		.uleb128 0x12
 981 00de 06       		.uleb128 0x6
 982 00df 40       		.uleb128 0x40
 983 00e0 18       		.uleb128 0x18
 984 00e1 9742     		.uleb128 0x2117
 985 00e3 19       		.uleb128 0x19
 986 00e4 01       		.uleb128 0x1
 987 00e5 13       		.uleb128 0x13
 988 00e6 00       		.byte	0
 989 00e7 00       		.byte	0
 990 00e8 12       		.uleb128 0x12
 991 00e9 0B       		.uleb128 0xb
 992 00ea 01       		.byte	0x1
 993 00eb 11       		.uleb128 0x11
 994 00ec 01       		.uleb128 0x1
 995 00ed 12       		.uleb128 0x12
 996 00ee 06       		.uleb128 0x6
 997 00ef 00       		.byte	0
 998 00f0 00       		.byte	0
 999 00f1 13       		.uleb128 0x13
 1000 00f2 34       		.uleb128 0x34
 1001 00f3 00       		.byte	0
 1002 00f4 03       		.uleb128 0x3
 1003 00f5 0E       		.uleb128 0xe
 1004 00f6 3A       		.uleb128 0x3a
 1005 00f7 0B       		.uleb128 0xb
 1006 00f8 3B       		.uleb128 0x3b
 1007 00f9 0B       		.uleb128 0xb
 1008 00fa 49       		.uleb128 0x49
 1009 00fb 13       		.uleb128 0x13
 1010 00fc 02       		.uleb128 0x2
 1011 00fd 18       		.uleb128 0x18
 1012 00fe 00       		.byte	0
 1013 00ff 00       		.byte	0
 1014 0100 14       		.uleb128 0x14
 1015 0101 898201   		.uleb128 0x4109
 1016 0104 01       		.byte	0x1
 1017 0105 11       		.uleb128 0x11
 1018 0106 01       		.uleb128 0x1
 1019 0107 01       		.uleb128 0x1
 1020 0108 13       		.uleb128 0x13
 1021 0109 00       		.byte	0
 1022 010a 00       		.byte	0
ARM GAS  C:\Users\DMYTRO~1.FED\AppData\Local\Temp\ccu1HwMx.s 			page 21


 1023 010b 15       		.uleb128 0x15
 1024 010c 898201   		.uleb128 0x4109
 1025 010f 01       		.byte	0x1
 1026 0110 11       		.uleb128 0x11
 1027 0111 01       		.uleb128 0x1
 1028 0112 00       		.byte	0
 1029 0113 00       		.byte	0
 1030 0114 16       		.uleb128 0x16
 1031 0115 2E       		.uleb128 0x2e
 1032 0116 00       		.byte	0
 1033 0117 3F       		.uleb128 0x3f
 1034 0118 19       		.uleb128 0x19
 1035 0119 03       		.uleb128 0x3
 1036 011a 0E       		.uleb128 0xe
 1037 011b 3A       		.uleb128 0x3a
 1038 011c 0B       		.uleb128 0xb
 1039 011d 3B       		.uleb128 0x3b
 1040 011e 0B       		.uleb128 0xb
 1041 011f 27       		.uleb128 0x27
 1042 0120 19       		.uleb128 0x19
 1043 0121 11       		.uleb128 0x11
 1044 0122 01       		.uleb128 0x1
 1045 0123 12       		.uleb128 0x12
 1046 0124 06       		.uleb128 0x6
 1047 0125 40       		.uleb128 0x40
 1048 0126 18       		.uleb128 0x18
 1049 0127 9742     		.uleb128 0x2117
 1050 0129 19       		.uleb128 0x19
 1051 012a 00       		.byte	0
 1052 012b 00       		.byte	0
 1053 012c 17       		.uleb128 0x17
 1054 012d 898201   		.uleb128 0x4109
 1055 0130 00       		.byte	0
 1056 0131 11       		.uleb128 0x11
 1057 0132 01       		.uleb128 0x1
 1058 0133 31       		.uleb128 0x31
 1059 0134 13       		.uleb128 0x13
 1060 0135 00       		.byte	0
 1061 0136 00       		.byte	0
 1062 0137 18       		.uleb128 0x18
 1063 0138 898201   		.uleb128 0x4109
 1064 013b 01       		.byte	0x1
 1065 013c 11       		.uleb128 0x11
 1066 013d 01       		.uleb128 0x1
 1067 013e 31       		.uleb128 0x31
 1068 013f 13       		.uleb128 0x13
 1069 0140 01       		.uleb128 0x1
 1070 0141 13       		.uleb128 0x13
 1071 0142 00       		.byte	0
 1072 0143 00       		.byte	0
 1073 0144 19       		.uleb128 0x19
 1074 0145 898201   		.uleb128 0x4109
 1075 0148 01       		.byte	0x1
 1076 0149 11       		.uleb128 0x11
 1077 014a 01       		.uleb128 0x1
 1078 014b 9342     		.uleb128 0x2113
 1079 014d 18       		.uleb128 0x18
ARM GAS  C:\Users\DMYTRO~1.FED\AppData\Local\Temp\ccu1HwMx.s 			page 22


 1080 014e 00       		.byte	0
 1081 014f 00       		.byte	0
 1082 0150 1A       		.uleb128 0x1a
 1083 0151 2E       		.uleb128 0x2e
 1084 0152 00       		.byte	0
 1085 0153 3F       		.uleb128 0x3f
 1086 0154 19       		.uleb128 0x19
 1087 0155 3C       		.uleb128 0x3c
 1088 0156 19       		.uleb128 0x19
 1089 0157 6E       		.uleb128 0x6e
 1090 0158 0E       		.uleb128 0xe
 1091 0159 03       		.uleb128 0x3
 1092 015a 0E       		.uleb128 0xe
 1093 015b 3A       		.uleb128 0x3a
 1094 015c 0B       		.uleb128 0xb
 1095 015d 3B       		.uleb128 0x3b
 1096 015e 0B       		.uleb128 0xb
 1097 015f 00       		.byte	0
 1098 0160 00       		.byte	0
 1099 0161 00       		.byte	0
 1100              		.section	.debug_loc,"",%progbits
 1101              	.Ldebug_loc0:
 1102              	.LLST0:
 1103 0000 00000000 		.4byte	.LVL0
 1104 0004 14000000 		.4byte	.LVL1
 1105 0008 0100     		.2byte	0x1
 1106 000a 50       		.byte	0x50
 1107 000b 14000000 		.4byte	.LVL1
 1108 000f 1A000000 		.4byte	.LVL3
 1109 0013 0400     		.2byte	0x4
 1110 0015 F3       		.byte	0xf3
 1111 0016 01       		.uleb128 0x1
 1112 0017 50       		.byte	0x50
 1113 0018 9F       		.byte	0x9f
 1114 0019 1A000000 		.4byte	.LVL3
 1115 001d 70000000 		.4byte	.LVL4
 1116 0021 0100     		.2byte	0x1
 1117 0023 50       		.byte	0x50
 1118 0024 70000000 		.4byte	.LVL4
 1119 0028 84000000 		.4byte	.LFE1
 1120 002c 0400     		.2byte	0x4
 1121 002e F3       		.byte	0xf3
 1122 002f 01       		.uleb128 0x1
 1123 0030 50       		.byte	0x50
 1124 0031 9F       		.byte	0x9f
 1125 0032 00000000 		.4byte	0
 1126 0036 00000000 		.4byte	0
 1127              	.LLST1:
 1128 003a 00000000 		.4byte	.LVL7
 1129 003e 07000000 		.4byte	.LVL8-1
 1130 0042 0100     		.2byte	0x1
 1131 0044 50       		.byte	0x50
 1132 0045 07000000 		.4byte	.LVL8-1
 1133 0049 40000000 		.4byte	.LVL11
 1134 004d 0100     		.2byte	0x1
 1135 004f 55       		.byte	0x55
 1136 0050 40000000 		.4byte	.LVL11
ARM GAS  C:\Users\DMYTRO~1.FED\AppData\Local\Temp\ccu1HwMx.s 			page 23


 1137 0054 54000000 		.4byte	.LFE0
 1138 0058 0400     		.2byte	0x4
 1139 005a F3       		.byte	0xf3
 1140 005b 01       		.uleb128 0x1
 1141 005c 50       		.byte	0x50
 1142 005d 9F       		.byte	0x9f
 1143 005e 00000000 		.4byte	0
 1144 0062 00000000 		.4byte	0
 1145              		.section	.debug_aranges,"",%progbits
 1146 0000 34000000 		.4byte	0x34
 1147 0004 0200     		.2byte	0x2
 1148 0006 00000000 		.4byte	.Ldebug_info0
 1149 000a 04       		.byte	0x4
 1150 000b 00       		.byte	0
 1151 000c 0000     		.2byte	0
 1152 000e 0000     		.2byte	0
 1153 0010 00000000 		.4byte	.LFB1
 1154 0014 84000000 		.4byte	.LFE1-.LFB1
 1155 0018 00000000 		.4byte	.LFB2
 1156 001c A4000000 		.4byte	.LFE2-.LFB2
 1157 0020 00000000 		.4byte	.LFB3
 1158 0024 30000000 		.4byte	.LFE3-.LFB3
 1159 0028 00000000 		.4byte	.LFB0
 1160 002c 54000000 		.4byte	.LFE0-.LFB0
 1161 0030 00000000 		.4byte	0
 1162 0034 00000000 		.4byte	0
 1163              		.section	.debug_ranges,"",%progbits
 1164              	.Ldebug_ranges0:
 1165 0000 00000000 		.4byte	.LFB1
 1166 0004 84000000 		.4byte	.LFE1
 1167 0008 00000000 		.4byte	.LFB2
 1168 000c A4000000 		.4byte	.LFE2
 1169 0010 00000000 		.4byte	.LFB3
 1170 0014 30000000 		.4byte	.LFE3
 1171 0018 00000000 		.4byte	.LFB0
 1172 001c 54000000 		.4byte	.LFE0
 1173 0020 00000000 		.4byte	0
 1174 0024 00000000 		.4byte	0
 1175              		.section	.debug_line,"",%progbits
 1176              	.Ldebug_line0:
 1177 0000 BC010000 		.section	.debug_str,"MS",%progbits,1
 1177      02003701 
 1177      00000201 
 1177      FB0E0D00 
 1177      01010101 
 1178              	.LASF8:
 1179 0000 5F5F7569 		.ascii	"__uint8_t\000"
 1179      6E74385F 
 1179      7400
 1180              	.LASF28:
 1181 000a 6E657874 		.ascii	"next\000"
 1181      00
 1182              	.LASF18:
 1183 000f 6C617374 		.ascii	"lastIdx\000"
 1183      49647800 
 1184              	.LASF36:
 1185 0017 75617274 		.ascii	"uartPrintf\000"
ARM GAS  C:\Users\DMYTRO~1.FED\AppData\Local\Temp\ccu1HwMx.s 			page 24


 1185      5072696E 
 1185      746600
 1186              	.LASF34:
 1187 0022 62756666 		.ascii	"buffer_GetNext\000"
 1187      65725F47 
 1187      65744E65 
 1187      787400
 1188              	.LASF26:
 1189 0031 62756666 		.ascii	"buffer_Run\000"
 1189      65725F52 
 1189      756E00
 1190              	.LASF19:
 1191 003c 63757249 		.ascii	"curIdx\000"
 1191      647800
 1192              	.LASF17:
 1193 0043 64617461 		.ascii	"data\000"
 1193      00
 1194              	.LASF22:
 1195 0048 6973496E 		.ascii	"isInit\000"
 1195      697400
 1196              	.LASF4:
 1197 004f 756E7369 		.ascii	"unsigned char\000"
 1197      676E6564 
 1197      20636861 
 1197      7200
 1198              	.LASF10:
 1199 005d 6C6F6E67 		.ascii	"long unsigned int\000"
 1199      20756E73 
 1199      69676E65 
 1199      6420696E 
 1199      7400
 1200              	.LASF6:
 1201 006f 73686F72 		.ascii	"short unsigned int\000"
 1201      7420756E 
 1201      7369676E 
 1201      65642069 
 1201      6E7400
 1202              	.LASF35:
 1203 0082 62756666 		.ascii	"buffer_Stop\000"
 1203      65725F53 
 1203      746F7000 
 1204              	.LASF16:
 1205 008e 62756666 		.ascii	"buffer_OnNeedDataCb\000"
 1205      65725F4F 
 1205      6E4E6565 
 1205      64446174 
 1205      61436200 
 1206              	.LASF25:
 1207 00a2 62756666 		.ascii	"buffer_t\000"
 1207      65725F74 
 1207      00
 1208              	.LASF9:
 1209 00ab 5F5F7569 		.ascii	"__uint32_t\000"
 1209      6E743332 
 1209      5F7400
 1210              	.LASF27:
 1211 00b6 62756666 		.ascii	"buffer_Init\000"
ARM GAS  C:\Users\DMYTRO~1.FED\AppData\Local\Temp\ccu1HwMx.s 			page 25


 1211      65725F49 
 1211      6E697400 
 1212              	.LASF0:
 1213 00c2 756E7369 		.ascii	"unsigned int\000"
 1213      676E6564 
 1213      20696E74 
 1213      00
 1214              	.LASF11:
 1215 00cf 6C6F6E67 		.ascii	"long long unsigned int\000"
 1215      206C6F6E 
 1215      6720756E 
 1215      7369676E 
 1215      65642069 
 1216              	.LASF14:
 1217 00e6 75696E74 		.ascii	"uint8_t\000"
 1217      385F7400 
 1218              	.LASF21:
 1219 00ee 6E656564 		.ascii	"needDataCb\000"
 1219      44617461 
 1219      436200
 1220              	.LASF12:
 1221 00f9 73697A65 		.ascii	"sizetype\000"
 1221      74797065 
 1221      00
 1222              	.LASF1:
 1223 0102 6C6F6E67 		.ascii	"long long int\000"
 1223      206C6F6E 
 1223      6720696E 
 1223      7400
 1224              	.LASF32:
 1225 0110 62756666 		.ascii	"buffer.c\000"
 1225      65722E63 
 1225      00
 1226              	.LASF13:
 1227 0119 63686172 		.ascii	"char\000"
 1227      00
 1228              	.LASF29:
 1229 011e 64617461 		.ascii	"dataReaded\000"
 1229      52656164 
 1229      656400
 1230              	.LASF33:
 1231 0129 433A5C55 		.ascii	"C:\\Users\\dmytro.fedorchenko\\Documents\\PSoC Crea"
 1231      73657273 
 1231      5C646D79 
 1231      74726F2E 
 1231      6665646F 
 1232 0158 746F725C 		.ascii	"tor\\PWM01\\midiPlayer.cydsn\000"
 1232      50574D30 
 1232      315C6D69 
 1232      6469506C 
 1232      61796572 
 1233              	.LASF5:
 1234 0173 73686F72 		.ascii	"short int\000"
 1234      7420696E 
 1234      7400
 1235              	.LASF30:
 1236 017d 62756666 		.ascii	"buffer\000"
ARM GAS  C:\Users\DMYTRO~1.FED\AppData\Local\Temp\ccu1HwMx.s 			page 26


 1236      657200
 1237              	.LASF15:
 1238 0184 75696E74 		.ascii	"uint32_t\000"
 1238      33325F74 
 1238      00
 1239              	.LASF7:
 1240 018d 6C6F6E67 		.ascii	"long int\000"
 1240      20696E74 
 1240      00
 1241              	.LASF2:
 1242 0196 6C6F6E67 		.ascii	"long double\000"
 1242      20646F75 
 1242      626C6500 
 1243              	.LASF31:
 1244 01a2 474E5520 		.ascii	"GNU C11 5.4.1 20160609 (release) [ARM/embedded-5-br"
 1244      43313120 
 1244      352E342E 
 1244      31203230 
 1244      31363036 
 1245 01d5 616E6368 		.ascii	"anch revision 237715] -mcpu=cortex-m0plus -mthumb -"
 1245      20726576 
 1245      6973696F 
 1245      6E203233 
 1245      37373135 
 1246 0208 67202D4F 		.ascii	"g -Og -ffunction-sections -ffat-lto-objects\000"
 1246      67202D66 
 1246      66756E63 
 1246      74696F6E 
 1246      2D736563 
 1247              	.LASF3:
 1248 0234 7369676E 		.ascii	"signed char\000"
 1248      65642063 
 1248      68617200 
 1249              	.LASF20:
 1250 0240 66697273 		.ascii	"firstHalf\000"
 1250      7448616C 
 1250      6600
 1251              	.LASF23:
 1252 024a 69735275 		.ascii	"isRun\000"
 1252      6E00
 1253              	.LASF24:
 1254 0250 5F426F6F 		.ascii	"_Bool\000"
 1254      6C00
 1255              		.ident	"GCC: (GNU Tools for ARM Embedded Processors) 5.4.1 20160609 (release) [ARM/embedded-5-bran
