ARM GAS  C:\Users\DMYTRO~1.FED\AppData\Local\Temp\cc8f6KXE.s 			page 1


   1              		.syntax unified
   2              		.cpu cortex-m0plus
   3              		.fpu softvfp
   4              		.eabi_attribute 20, 1
   5              		.eabi_attribute 21, 1
   6              		.eabi_attribute 23, 3
   7              		.eabi_attribute 24, 1
   8              		.eabi_attribute 25, 1
   9              		.eabi_attribute 26, 1
  10              		.eabi_attribute 30, 1
  11              		.eabi_attribute 34, 0
  12              		.eabi_attribute 18, 4
  13              		.thumb
  14              		.syntax unified
  15              		.file	"player.c"
  16              		.text
  17              	.Ltext0:
  18              		.cfi_sections	.debug_frame
  19              		.section	.text.player_audio_Cb,"ax",%progbits
  20              		.align	2
  21              		.code	16
  22              		.thumb_func
  23              		.type	player_audio_Cb, %function
  24              	player_audio_Cb:
  25              	.LFB6:
  26              		.file 1 "player.c"
   1:player.c      **** /** @file
   2:player.c      ****  *  @brief Source file for master player
   3:player.c      ****  */ 
   4:player.c      **** #include <stdint.h>
   5:player.c      **** #include <stdlib.h>
   6:player.c      **** #include "player.h"
   7:player.c      **** #include "uartPrint.h"
   8:player.c      **** #include "assert.h"
   9:player.c      **** #include "audio.h"
  10:player.c      **** 
  11:player.c      **** typedef struct
  12:player.c      **** {
  13:player.c      ****     bool               isPlay;
  14:player.c      ****     bool               isInit;
  15:player.c      ****     bool               needStop;
  16:player.c      ****     playerCbs_t        cbs;
  17:player.c      **** } player_t;
  18:player.c      **** 
  19:player.c      **** static void player_audio_Cb(void);
  20:player.c      **** 
  21:player.c      **** static player_t player = {.isInit = false,};
  22:player.c      **** 
  23:player.c      **** void player_Init(playerCbs_t *cbs)
  24:player.c      **** {
  25:player.c      ****     ASSERT(NULL != cbs);
  26:player.c      ****     ASSERT(NULL != cbs->onDataRead);
  27:player.c      ****     ASSERT(NULL != cbs->onStop);
  28:player.c      ****     
  29:player.c      ****     if (player.isInit)
  30:player.c      ****     {
  31:player.c      ****         player_Stop();
ARM GAS  C:\Users\DMYTRO~1.FED\AppData\Local\Temp\cc8f6KXE.s 			page 2


  32:player.c      ****     }
  33:player.c      ****     
  34:player.c      ****     player.cbs    = *cbs;
  35:player.c      ****     player.isInit = true;
  36:player.c      ****     buffer_Init(player.cbs.onDataRead);
  37:player.c      ****     uartPrintf("Player: Init\r\n");
  38:player.c      **** }
  39:player.c      **** 
  40:player.c      **** void player_Play(void)
  41:player.c      **** {
  42:player.c      ****     if (player.isInit)
  43:player.c      ****     {
  44:player.c      ****         player.isPlay = true;
  45:player.c      ****         player.needStop = false;
  46:player.c      ****         ASSERT(audio_SetCallback(player_audio_Cb));
  47:player.c      ****         audio_Start();
  48:player.c      ****         uartPrintf("Player: Play\r\n");
  49:player.c      ****     } else
  50:player.c      ****     {
  51:player.c      ****         uartPrintf("Player: No open files\r\n");
  52:player.c      ****     }
  53:player.c      **** }
  54:player.c      **** 
  55:player.c      **** void player_Pause(void)
  56:player.c      **** {
  57:player.c      ****     if (player.isPlay)
  58:player.c      ****     {
  59:player.c      ****         player.isPlay = false;
  60:player.c      ****         audio_Stop();
  61:player.c      ****         uartPrintf("Player: Stop playing\r\n");
  62:player.c      ****     }
  63:player.c      **** }
  64:player.c      **** 
  65:player.c      **** void player_Stop(void)
  66:player.c      **** {
  67:player.c      ****     if (player.isInit)
  68:player.c      ****     {
  69:player.c      ****         player.needStop = false;
  70:player.c      ****         player_Pause();
  71:player.c      ****         buffer_Stop();
  72:player.c      ****         player.isInit = false;
  73:player.c      ****         uartPrintf("Player: Stopped\r\n");
  74:player.c      ****         player.cbs.onStop();      
  75:player.c      ****     }
  76:player.c      **** }
  77:player.c      **** 
  78:player.c      **** void player_Run(void)
  79:player.c      **** {
  80:player.c      ****     if (player.isPlay)
  81:player.c      ****     {
  82:player.c      ****         buffer_Run();
  83:player.c      ****         if (player.needStop)
  84:player.c      ****         {
  85:player.c      ****             player_Stop();
  86:player.c      ****         }
  87:player.c      ****     }
  88:player.c      **** }
ARM GAS  C:\Users\DMYTRO~1.FED\AppData\Local\Temp\cc8f6KXE.s 			page 3


  89:player.c      **** 
  90:player.c      **** bool player_IsPlaying(void)
  91:player.c      **** {
  92:player.c      ****     return player.isPlay;
  93:player.c      **** }
  94:player.c      **** 
  95:player.c      **** static void player_audio_Cb(void)
  96:player.c      **** {
  27              		.loc 1 96 0
  28              		.cfi_startproc
  29              		@ args = 0, pretend = 0, frame = 8
  30              		@ frame_needed = 0, uses_anonymous_args = 0
  31 0000 00B5     		push	{lr}
  32              		.cfi_def_cfa_offset 4
  33              		.cfi_offset 14, -4
  34 0002 83B0     		sub	sp, sp, #12
  35              		.cfi_def_cfa_offset 16
  97:player.c      ****     uint8_t sample;
  98:player.c      ****     
  99:player.c      ****     if ((player.isPlay) && (!player.needStop))
  36              		.loc 1 99 0
  37 0004 0B4B     		ldr	r3, .L4
  38 0006 1B78     		ldrb	r3, [r3]
  39 0008 002B     		cmp	r3, #0
  40 000a 11D0     		beq	.L1
  41              		.loc 1 99 0 is_stmt 0 discriminator 1
  42 000c 094B     		ldr	r3, .L4
  43 000e 9B78     		ldrb	r3, [r3, #2]
  44 0010 002B     		cmp	r3, #0
  45 0012 0DD1     		bne	.L1
 100:player.c      ****     {
 101:player.c      ****         if (buffer_GetNext(&sample))
  46              		.loc 1 101 0 is_stmt 1
  47 0014 6B46     		mov	r3, sp
  48 0016 D81D     		adds	r0, r3, #7
  49 0018 FFF7FEFF 		bl	buffer_GetNext
  50              	.LVL0:
  51 001c 0028     		cmp	r0, #0
  52 001e 04D0     		beq	.L3
 102:player.c      ****         {
 103:player.c      ****             audio_Play(sample);
  53              		.loc 1 103 0
  54 0020 6B46     		mov	r3, sp
  55 0022 D879     		ldrb	r0, [r3, #7]
  56 0024 FFF7FEFF 		bl	audio_Play
  57              	.LVL1:
  58 0028 02E0     		b	.L1
  59              	.L3:
 104:player.c      ****         } else
 105:player.c      ****         {
 106:player.c      ****             player.needStop = true;
  60              		.loc 1 106 0
  61 002a 0122     		movs	r2, #1
  62 002c 014B     		ldr	r3, .L4
  63 002e 9A70     		strb	r2, [r3, #2]
  64              	.L1:
 107:player.c      ****         }
ARM GAS  C:\Users\DMYTRO~1.FED\AppData\Local\Temp\cc8f6KXE.s 			page 4


 108:player.c      ****     }
 109:player.c      **** }
  65              		.loc 1 109 0
  66 0030 03B0     		add	sp, sp, #12
  67              		@ sp needed
  68 0032 00BD     		pop	{pc}
  69              	.L5:
  70              		.align	2
  71              	.L4:
  72 0034 00000000 		.word	.LANCHOR0
  73              		.cfi_endproc
  74              	.LFE6:
  75              		.size	player_audio_Cb, .-player_audio_Cb
  76              		.section	.text.player_Play,"ax",%progbits
  77              		.align	2
  78              		.global	player_Play
  79              		.code	16
  80              		.thumb_func
  81              		.type	player_Play, %function
  82              	player_Play:
  83              	.LFB1:
  41:player.c      ****     if (player.isInit)
  84              		.loc 1 41 0
  85              		.cfi_startproc
  86              		@ args = 0, pretend = 0, frame = 0
  87              		@ frame_needed = 0, uses_anonymous_args = 0
  88 0000 10B5     		push	{r4, lr}
  89              		.cfi_def_cfa_offset 8
  90              		.cfi_offset 4, -8
  91              		.cfi_offset 14, -4
  42:player.c      ****     {
  92              		.loc 1 42 0
  93 0002 0F4B     		ldr	r3, .L11
  94 0004 5B78     		ldrb	r3, [r3, #1]
  95 0006 002B     		cmp	r3, #0
  96 0008 15D0     		beq	.L7
  44:player.c      ****         player.needStop = false;
  97              		.loc 1 44 0
  98 000a 0D4B     		ldr	r3, .L11
  99 000c 0122     		movs	r2, #1
 100 000e 1A70     		strb	r2, [r3]
  45:player.c      ****         ASSERT(audio_SetCallback(player_audio_Cb));
 101              		.loc 1 45 0
 102 0010 0022     		movs	r2, #0
 103 0012 9A70     		strb	r2, [r3, #2]
  46:player.c      ****         audio_Start();
 104              		.loc 1 46 0
 105 0014 0B48     		ldr	r0, .L11+4
 106 0016 FFF7FEFF 		bl	audio_SetCallback
 107              	.LVL2:
 108 001a 0028     		cmp	r0, #0
 109 001c 05D1     		bne	.L8
  46:player.c      ****         audio_Start();
 110              		.loc 1 46 0 is_stmt 0 discriminator 1
 111 001e 2E22     		movs	r2, #46
 112 0020 0949     		ldr	r1, .L11+8
 113 0022 0A48     		ldr	r0, .L11+12
ARM GAS  C:\Users\DMYTRO~1.FED\AppData\Local\Temp\cc8f6KXE.s 			page 5


 114 0024 FFF7FEFF 		bl	uartPrintf
 115              	.LVL3:
 116              	.L9:
 117 0028 FEE7     		b	.L9
 118              	.L8:
  47:player.c      ****         uartPrintf("Player: Play\r\n");
 119              		.loc 1 47 0 is_stmt 1
 120 002a FFF7FEFF 		bl	audio_Start
 121              	.LVL4:
  48:player.c      ****     } else
 122              		.loc 1 48 0
 123 002e 0848     		ldr	r0, .L11+16
 124 0030 FFF7FEFF 		bl	uartPrintf
 125              	.LVL5:
 126 0034 02E0     		b	.L6
 127              	.L7:
  51:player.c      ****     }
 128              		.loc 1 51 0
 129 0036 0748     		ldr	r0, .L11+20
 130 0038 FFF7FEFF 		bl	uartPrintf
 131              	.LVL6:
 132              	.L6:
  53:player.c      **** 
 133              		.loc 1 53 0
 134              		@ sp needed
 135 003c 10BD     		pop	{r4, pc}
 136              	.L12:
 137 003e C046     		.align	2
 138              	.L11:
 139 0040 00000000 		.word	.LANCHOR0
 140 0044 00000000 		.word	player_audio_Cb
 141 0048 00000000 		.word	.LC3
 142 004c 0C000000 		.word	.LC5
 143 0050 38000000 		.word	.LC7
 144 0054 48000000 		.word	.LC9
 145              		.cfi_endproc
 146              	.LFE1:
 147              		.size	player_Play, .-player_Play
 148              		.section	.text.player_Pause,"ax",%progbits
 149              		.align	2
 150              		.global	player_Pause
 151              		.code	16
 152              		.thumb_func
 153              		.type	player_Pause, %function
 154              	player_Pause:
 155              	.LFB2:
  56:player.c      ****     if (player.isPlay)
 156              		.loc 1 56 0
 157              		.cfi_startproc
 158              		@ args = 0, pretend = 0, frame = 0
 159              		@ frame_needed = 0, uses_anonymous_args = 0
 160 0000 10B5     		push	{r4, lr}
 161              		.cfi_def_cfa_offset 8
 162              		.cfi_offset 4, -8
 163              		.cfi_offset 14, -4
  57:player.c      ****     {
 164              		.loc 1 57 0
ARM GAS  C:\Users\DMYTRO~1.FED\AppData\Local\Temp\cc8f6KXE.s 			page 6


 165 0002 064B     		ldr	r3, .L15
 166 0004 1B78     		ldrb	r3, [r3]
 167 0006 002B     		cmp	r3, #0
 168 0008 07D0     		beq	.L13
  59:player.c      ****         audio_Stop();
 169              		.loc 1 59 0
 170 000a 0022     		movs	r2, #0
 171 000c 034B     		ldr	r3, .L15
 172 000e 1A70     		strb	r2, [r3]
  60:player.c      ****         uartPrintf("Player: Stop playing\r\n");
 173              		.loc 1 60 0
 174 0010 FFF7FEFF 		bl	audio_Stop
 175              	.LVL7:
  61:player.c      ****     }
 176              		.loc 1 61 0
 177 0014 0248     		ldr	r0, .L15+4
 178 0016 FFF7FEFF 		bl	uartPrintf
 179              	.LVL8:
 180              	.L13:
  63:player.c      **** 
 181              		.loc 1 63 0
 182              		@ sp needed
 183 001a 10BD     		pop	{r4, pc}
 184              	.L16:
 185              		.align	2
 186              	.L15:
 187 001c 00000000 		.word	.LANCHOR0
 188 0020 60000000 		.word	.LC12
 189              		.cfi_endproc
 190              	.LFE2:
 191              		.size	player_Pause, .-player_Pause
 192              		.section	.text.player_Stop,"ax",%progbits
 193              		.align	2
 194              		.global	player_Stop
 195              		.code	16
 196              		.thumb_func
 197              		.type	player_Stop, %function
 198              	player_Stop:
 199              	.LFB3:
  66:player.c      ****     if (player.isInit)
 200              		.loc 1 66 0
 201              		.cfi_startproc
 202              		@ args = 0, pretend = 0, frame = 0
 203              		@ frame_needed = 0, uses_anonymous_args = 0
 204 0000 70B5     		push	{r4, r5, r6, lr}
 205              		.cfi_def_cfa_offset 16
 206              		.cfi_offset 4, -16
 207              		.cfi_offset 5, -12
 208              		.cfi_offset 6, -8
 209              		.cfi_offset 14, -4
  67:player.c      ****     {
 210              		.loc 1 67 0
 211 0002 094B     		ldr	r3, .L19
 212 0004 5B78     		ldrb	r3, [r3, #1]
 213 0006 002B     		cmp	r3, #0
 214 0008 0CD0     		beq	.L17
  69:player.c      ****         player_Pause();
ARM GAS  C:\Users\DMYTRO~1.FED\AppData\Local\Temp\cc8f6KXE.s 			page 7


 215              		.loc 1 69 0
 216 000a 074C     		ldr	r4, .L19
 217 000c 0025     		movs	r5, #0
 218 000e A570     		strb	r5, [r4, #2]
  70:player.c      ****         buffer_Stop();
 219              		.loc 1 70 0
 220 0010 FFF7FEFF 		bl	player_Pause
 221              	.LVL9:
  71:player.c      ****         player.isInit = false;
 222              		.loc 1 71 0
 223 0014 FFF7FEFF 		bl	buffer_Stop
 224              	.LVL10:
  72:player.c      ****         uartPrintf("Player: Stopped\r\n");
 225              		.loc 1 72 0
 226 0018 6570     		strb	r5, [r4, #1]
  73:player.c      ****         player.cbs.onStop();      
 227              		.loc 1 73 0
 228 001a 0448     		ldr	r0, .L19+4
 229 001c FFF7FEFF 		bl	uartPrintf
 230              	.LVL11:
  74:player.c      ****     }
 231              		.loc 1 74 0
 232 0020 A368     		ldr	r3, [r4, #8]
 233 0022 9847     		blx	r3
 234              	.LVL12:
 235              	.L17:
  76:player.c      **** 
 236              		.loc 1 76 0
 237              		@ sp needed
 238 0024 70BD     		pop	{r4, r5, r6, pc}
 239              	.L20:
 240 0026 C046     		.align	2
 241              	.L19:
 242 0028 00000000 		.word	.LANCHOR0
 243 002c 78000000 		.word	.LC15
 244              		.cfi_endproc
 245              	.LFE3:
 246              		.size	player_Stop, .-player_Stop
 247              		.section	.text.player_Init,"ax",%progbits
 248              		.align	2
 249              		.global	player_Init
 250              		.code	16
 251              		.thumb_func
 252              		.type	player_Init, %function
 253              	player_Init:
 254              	.LFB0:
  24:player.c      ****     ASSERT(NULL != cbs);
 255              		.loc 1 24 0
 256              		.cfi_startproc
 257              		@ args = 0, pretend = 0, frame = 0
 258              		@ frame_needed = 0, uses_anonymous_args = 0
 259              	.LVL13:
 260 0000 10B5     		push	{r4, lr}
 261              		.cfi_def_cfa_offset 8
 262              		.cfi_offset 4, -8
 263              		.cfi_offset 14, -4
 264 0002 041E     		subs	r4, r0, #0
ARM GAS  C:\Users\DMYTRO~1.FED\AppData\Local\Temp\cc8f6KXE.s 			page 8


  25:player.c      ****     ASSERT(NULL != cbs->onDataRead);
 265              		.loc 1 25 0
 266 0004 05D1     		bne	.L22
  25:player.c      ****     ASSERT(NULL != cbs->onDataRead);
 267              		.loc 1 25 0 is_stmt 0 discriminator 1
 268 0006 1922     		movs	r2, #25
 269 0008 1449     		ldr	r1, .L29
 270 000a 1548     		ldr	r0, .L29+4
 271              	.LVL14:
 272 000c FFF7FEFF 		bl	uartPrintf
 273              	.LVL15:
 274              	.L23:
 275 0010 FEE7     		b	.L23
 276              	.LVL16:
 277              	.L22:
  26:player.c      ****     ASSERT(NULL != cbs->onStop);
 278              		.loc 1 26 0 is_stmt 1
 279 0012 0368     		ldr	r3, [r0]
 280 0014 002B     		cmp	r3, #0
 281 0016 05D1     		bne	.L24
  26:player.c      ****     ASSERT(NULL != cbs->onStop);
 282              		.loc 1 26 0 is_stmt 0 discriminator 1
 283 0018 1A22     		movs	r2, #26
 284 001a 1049     		ldr	r1, .L29
 285 001c 1048     		ldr	r0, .L29+4
 286              	.LVL17:
 287 001e FFF7FEFF 		bl	uartPrintf
 288              	.LVL18:
 289              	.L25:
 290 0022 FEE7     		b	.L25
 291              	.LVL19:
 292              	.L24:
  27:player.c      ****     
 293              		.loc 1 27 0 is_stmt 1
 294 0024 4368     		ldr	r3, [r0, #4]
 295 0026 002B     		cmp	r3, #0
 296 0028 05D1     		bne	.L26
  27:player.c      ****     
 297              		.loc 1 27 0 is_stmt 0 discriminator 1
 298 002a 1B22     		movs	r2, #27
 299 002c 0B49     		ldr	r1, .L29
 300 002e 0C48     		ldr	r0, .L29+4
 301              	.LVL20:
 302 0030 FFF7FEFF 		bl	uartPrintf
 303              	.LVL21:
 304              	.L27:
 305 0034 FEE7     		b	.L27
 306              	.LVL22:
 307              	.L26:
  29:player.c      ****     {
 308              		.loc 1 29 0 is_stmt 1
 309 0036 0B4B     		ldr	r3, .L29+8
 310 0038 5B78     		ldrb	r3, [r3, #1]
 311 003a 002B     		cmp	r3, #0
 312 003c 01D0     		beq	.L28
  31:player.c      ****     }
 313              		.loc 1 31 0
ARM GAS  C:\Users\DMYTRO~1.FED\AppData\Local\Temp\cc8f6KXE.s 			page 9


 314 003e FFF7FEFF 		bl	player_Stop
 315              	.LVL23:
 316              	.L28:
  34:player.c      ****     player.isInit = true;
 317              		.loc 1 34 0
 318 0042 084A     		ldr	r2, .L29+8
 319 0044 131D     		adds	r3, r2, #4
 320 0046 03CC     		ldmia	r4!, {r0, r1}
 321 0048 03C3     		stmia	r3!, {r0, r1}
 322              	.LVL24:
  35:player.c      ****     buffer_Init(player.cbs.onDataRead);
 323              		.loc 1 35 0
 324 004a 0123     		movs	r3, #1
 325 004c 5370     		strb	r3, [r2, #1]
  36:player.c      ****     uartPrintf("Player: Init\r\n");
 326              		.loc 1 36 0
 327 004e 5068     		ldr	r0, [r2, #4]
 328 0050 FFF7FEFF 		bl	buffer_Init
 329              	.LVL25:
  37:player.c      **** }
 330              		.loc 1 37 0
 331 0054 0448     		ldr	r0, .L29+12
 332 0056 FFF7FEFF 		bl	uartPrintf
 333              	.LVL26:
  38:player.c      **** 
 334              		.loc 1 38 0
 335              		@ sp needed
 336              	.LVL27:
 337 005a 10BD     		pop	{r4, pc}
 338              	.L30:
 339              		.align	2
 340              	.L29:
 341 005c 00000000 		.word	.LC3
 342 0060 0C000000 		.word	.LC5
 343 0064 00000000 		.word	.LANCHOR0
 344 0068 8C000000 		.word	.LC20
 345              		.cfi_endproc
 346              	.LFE0:
 347              		.size	player_Init, .-player_Init
 348              		.section	.text.player_Run,"ax",%progbits
 349              		.align	2
 350              		.global	player_Run
 351              		.code	16
 352              		.thumb_func
 353              		.type	player_Run, %function
 354              	player_Run:
 355              	.LFB4:
  79:player.c      ****     if (player.isPlay)
 356              		.loc 1 79 0
 357              		.cfi_startproc
 358              		@ args = 0, pretend = 0, frame = 0
 359              		@ frame_needed = 0, uses_anonymous_args = 0
 360 0000 10B5     		push	{r4, lr}
 361              		.cfi_def_cfa_offset 8
 362              		.cfi_offset 4, -8
 363              		.cfi_offset 14, -4
  80:player.c      ****     {
ARM GAS  C:\Users\DMYTRO~1.FED\AppData\Local\Temp\cc8f6KXE.s 			page 10


 364              		.loc 1 80 0
 365 0002 064B     		ldr	r3, .L33
 366 0004 1B78     		ldrb	r3, [r3]
 367 0006 002B     		cmp	r3, #0
 368 0008 07D0     		beq	.L31
  82:player.c      ****         if (player.needStop)
 369              		.loc 1 82 0
 370 000a FFF7FEFF 		bl	buffer_Run
 371              	.LVL28:
  83:player.c      ****         {
 372              		.loc 1 83 0
 373 000e 034B     		ldr	r3, .L33
 374 0010 9B78     		ldrb	r3, [r3, #2]
 375 0012 002B     		cmp	r3, #0
 376 0014 01D0     		beq	.L31
  85:player.c      ****         }
 377              		.loc 1 85 0
 378 0016 FFF7FEFF 		bl	player_Stop
 379              	.LVL29:
 380              	.L31:
  88:player.c      **** 
 381              		.loc 1 88 0
 382              		@ sp needed
 383 001a 10BD     		pop	{r4, pc}
 384              	.L34:
 385              		.align	2
 386              	.L33:
 387 001c 00000000 		.word	.LANCHOR0
 388              		.cfi_endproc
 389              	.LFE4:
 390              		.size	player_Run, .-player_Run
 391              		.section	.text.player_IsPlaying,"ax",%progbits
 392              		.align	2
 393              		.global	player_IsPlaying
 394              		.code	16
 395              		.thumb_func
 396              		.type	player_IsPlaying, %function
 397              	player_IsPlaying:
 398              	.LFB5:
  91:player.c      ****     return player.isPlay;
 399              		.loc 1 91 0
 400              		.cfi_startproc
 401              		@ args = 0, pretend = 0, frame = 0
 402              		@ frame_needed = 0, uses_anonymous_args = 0
 403              		@ link register save eliminated.
  92:player.c      **** }
 404              		.loc 1 92 0
 405 0000 014B     		ldr	r3, .L36
 406 0002 1878     		ldrb	r0, [r3]
  93:player.c      **** 
 407              		.loc 1 93 0
 408              		@ sp needed
 409 0004 7047     		bx	lr
 410              	.L37:
 411 0006 C046     		.align	2
 412              	.L36:
 413 0008 00000000 		.word	.LANCHOR0
ARM GAS  C:\Users\DMYTRO~1.FED\AppData\Local\Temp\cc8f6KXE.s 			page 11


 414              		.cfi_endproc
 415              	.LFE5:
 416              		.size	player_IsPlaying, .-player_IsPlaying
 417              		.section	.rodata.str1.4,"aMS",%progbits,1
 418              		.align	2
 419              	.LC3:
 420 0000 706C6179 		.ascii	"player.c\000"
 420      65722E63 
 420      00
 421 0009 000000   		.space	3
 422              	.LC5:
 423 000c 52756E74 		.ascii	"RuntimeError: Assert in file: %s line: %d\015\012\000"
 423      696D6545 
 423      72726F72 
 423      3A204173 
 423      73657274 
 424              	.LC7:
 425 0038 506C6179 		.ascii	"Player: Play\015\012\000"
 425      65723A20 
 425      506C6179 
 425      0D0A00
 426 0047 00       		.space	1
 427              	.LC9:
 428 0048 506C6179 		.ascii	"Player: No open files\015\012\000"
 428      65723A20 
 428      4E6F206F 
 428      70656E20 
 428      66696C65 
 429              	.LC12:
 430 0060 506C6179 		.ascii	"Player: Stop playing\015\012\000"
 430      65723A20 
 430      53746F70 
 430      20706C61 
 430      79696E67 
 431 0077 00       		.space	1
 432              	.LC15:
 433 0078 506C6179 		.ascii	"Player: Stopped\015\012\000"
 433      65723A20 
 433      53746F70 
 433      7065640D 
 433      0A00
 434 008a 0000     		.space	2
 435              	.LC20:
 436 008c 506C6179 		.ascii	"Player: Init\015\012\000"
 436      65723A20 
 436      496E6974 
 436      0D0A00
 437              		.bss
 438              		.align	2
 439              		.set	.LANCHOR0,. + 0
 440              		.type	player, %object
 441              		.size	player, 12
 442              	player:
 443 0000 00000000 		.space	12
 443      00000000 
 443      00000000 
 444              		.text
ARM GAS  C:\Users\DMYTRO~1.FED\AppData\Local\Temp\cc8f6KXE.s 			page 12


 445              	.Letext0:
 446              		.file 2 "c:\\program files (x86)\\cypress\\psoc creator\\4.2\\psoc creator\\import\\gnu\\arm\\5.4.
 447              		.file 3 "c:\\program files (x86)\\cypress\\psoc creator\\4.2\\psoc creator\\import\\gnu\\arm\\5.4.
 448              		.file 4 "buffer.h"
 449              		.file 5 "player.h"
 450              		.file 6 "audio.h"
 451              		.file 7 "uartPrint.h"
 452              		.section	.debug_info,"",%progbits
 453              	.Ldebug_info0:
 454 0000 08040000 		.4byte	0x408
 455 0004 0400     		.2byte	0x4
 456 0006 00000000 		.4byte	.Ldebug_abbrev0
 457 000a 04       		.byte	0x4
 458 000b 01       		.uleb128 0x1
 459 000c 34020000 		.4byte	.LASF42
 460 0010 0C       		.byte	0xc
 461 0011 2A000000 		.4byte	.LASF43
 462 0015 B8010000 		.4byte	.LASF44
 463 0019 00000000 		.4byte	.Ldebug_ranges0+0
 464 001d 00000000 		.4byte	0
 465 0021 00000000 		.4byte	.Ldebug_line0
 466 0025 02       		.uleb128 0x2
 467 0026 01       		.byte	0x1
 468 0027 06       		.byte	0x6
 469 0028 C6020000 		.4byte	.LASF0
 470 002c 03       		.uleb128 0x3
 471 002d 0B000000 		.4byte	.LASF5
 472 0031 02       		.byte	0x2
 473 0032 1D       		.byte	0x1d
 474 0033 37000000 		.4byte	0x37
 475 0037 02       		.uleb128 0x2
 476 0038 01       		.byte	0x1
 477 0039 08       		.byte	0x8
 478 003a A5000000 		.4byte	.LASF1
 479 003e 02       		.uleb128 0x2
 480 003f 02       		.byte	0x2
 481 0040 05       		.byte	0x5
 482 0041 02020000 		.4byte	.LASF2
 483 0045 02       		.uleb128 0x2
 484 0046 02       		.byte	0x2
 485 0047 07       		.byte	0x7
 486 0048 D0000000 		.4byte	.LASF3
 487 004c 02       		.uleb128 0x2
 488 004d 04       		.byte	0x4
 489 004e 05       		.byte	0x5
 490 004f EF000000 		.4byte	.LASF4
 491 0053 03       		.uleb128 0x3
 492 0054 36010000 		.4byte	.LASF6
 493 0058 02       		.byte	0x2
 494 0059 41       		.byte	0x41
 495 005a 5E000000 		.4byte	0x5e
 496 005e 02       		.uleb128 0x2
 497 005f 04       		.byte	0x4
 498 0060 07       		.byte	0x7
 499 0061 BE000000 		.4byte	.LASF7
 500 0065 02       		.uleb128 0x2
 501 0066 08       		.byte	0x8
ARM GAS  C:\Users\DMYTRO~1.FED\AppData\Local\Temp\cc8f6KXE.s 			page 13


 502 0067 05       		.byte	0x5
 503 0068 A5010000 		.4byte	.LASF8
 504 006c 02       		.uleb128 0x2
 505 006d 08       		.byte	0x8
 506 006e 07       		.byte	0x7
 507 006f 6C010000 		.4byte	.LASF9
 508 0073 04       		.uleb128 0x4
 509 0074 04       		.byte	0x4
 510 0075 05       		.byte	0x5
 511 0076 696E7400 		.ascii	"int\000"
 512 007a 02       		.uleb128 0x2
 513 007b 04       		.byte	0x4
 514 007c 07       		.byte	0x7
 515 007d 4D010000 		.4byte	.LASF10
 516 0081 03       		.uleb128 0x3
 517 0082 83010000 		.4byte	.LASF11
 518 0086 03       		.byte	0x3
 519 0087 18       		.byte	0x18
 520 0088 2C000000 		.4byte	0x2c
 521 008c 03       		.uleb128 0x3
 522 008d 0C020000 		.4byte	.LASF12
 523 0091 03       		.byte	0x3
 524 0092 30       		.byte	0x30
 525 0093 53000000 		.4byte	0x53
 526 0097 02       		.uleb128 0x2
 527 0098 08       		.byte	0x8
 528 0099 04       		.byte	0x4
 529 009a 28020000 		.4byte	.LASF13
 530 009e 02       		.uleb128 0x2
 531 009f 04       		.byte	0x4
 532 00a0 07       		.byte	0x7
 533 00a1 9C010000 		.4byte	.LASF14
 534 00a5 02       		.uleb128 0x2
 535 00a6 01       		.byte	0x1
 536 00a7 08       		.byte	0x8
 537 00a8 B3010000 		.4byte	.LASF15
 538 00ac 05       		.uleb128 0x5
 539 00ad 04       		.byte	0x4
 540 00ae B2000000 		.4byte	0xb2
 541 00b2 06       		.uleb128 0x6
 542 00b3 03       		.uleb128 0x3
 543 00b4 F8000000 		.4byte	.LASF16
 544 00b8 04       		.byte	0x4
 545 00b9 15       		.byte	0x15
 546 00ba BE000000 		.4byte	0xbe
 547 00be 05       		.uleb128 0x5
 548 00bf 04       		.byte	0x4
 549 00c0 C4000000 		.4byte	0xc4
 550 00c4 07       		.uleb128 0x7
 551 00c5 D9000000 		.4byte	0xd9
 552 00c9 08       		.uleb128 0x8
 553 00ca D9000000 		.4byte	0xd9
 554 00ce 08       		.uleb128 0x8
 555 00cf 8C000000 		.4byte	0x8c
 556 00d3 08       		.uleb128 0x8
 557 00d4 DF000000 		.4byte	0xdf
 558 00d8 00       		.byte	0
ARM GAS  C:\Users\DMYTRO~1.FED\AppData\Local\Temp\cc8f6KXE.s 			page 14


 559 00d9 05       		.uleb128 0x5
 560 00da 04       		.byte	0x4
 561 00db 81000000 		.4byte	0x81
 562 00df 05       		.uleb128 0x5
 563 00e0 04       		.byte	0x4
 564 00e1 8C000000 		.4byte	0x8c
 565 00e5 03       		.uleb128 0x3
 566 00e6 5A010000 		.4byte	.LASF17
 567 00ea 05       		.byte	0x5
 568 00eb 10       		.byte	0x10
 569 00ec AC000000 		.4byte	0xac
 570 00f0 09       		.uleb128 0x9
 571 00f1 08       		.byte	0x8
 572 00f2 05       		.byte	0x5
 573 00f3 13       		.byte	0x13
 574 00f4 11010000 		.4byte	0x111
 575 00f8 0A       		.uleb128 0xa
 576 00f9 33000000 		.4byte	.LASF18
 577 00fd 05       		.byte	0x5
 578 00fe 15       		.byte	0x15
 579 00ff B3000000 		.4byte	0xb3
 580 0103 00       		.byte	0
 581 0104 0A       		.uleb128 0xa
 582 0105 97000000 		.4byte	.LASF19
 583 0109 05       		.byte	0x5
 584 010a 16       		.byte	0x16
 585 010b E5000000 		.4byte	0xe5
 586 010f 04       		.byte	0x4
 587 0110 00       		.byte	0
 588 0111 03       		.uleb128 0x3
 589 0112 2A010000 		.4byte	.LASF20
 590 0116 05       		.byte	0x5
 591 0117 17       		.byte	0x17
 592 0118 F0000000 		.4byte	0xf0
 593 011c 09       		.uleb128 0x9
 594 011d 0C       		.byte	0xc
 595 011e 01       		.byte	0x1
 596 011f 0B       		.byte	0xb
 597 0120 55010000 		.4byte	0x155
 598 0124 0A       		.uleb128 0xa
 599 0125 65010000 		.4byte	.LASF21
 600 0129 01       		.byte	0x1
 601 012a 0D       		.byte	0xd
 602 012b 55010000 		.4byte	0x155
 603 012f 00       		.byte	0
 604 0130 0A       		.uleb128 0xa
 605 0131 9E000000 		.4byte	.LASF22
 606 0135 01       		.byte	0x1
 607 0136 0E       		.byte	0xe
 608 0137 55010000 		.4byte	0x155
 609 013b 01       		.byte	0x1
 610 013c 0A       		.uleb128 0xa
 611 013d 8E000000 		.4byte	.LASF23
 612 0141 01       		.byte	0x1
 613 0142 0F       		.byte	0xf
 614 0143 55010000 		.4byte	0x155
 615 0147 02       		.byte	0x2
ARM GAS  C:\Users\DMYTRO~1.FED\AppData\Local\Temp\cc8f6KXE.s 			page 15


 616 0148 0B       		.uleb128 0xb
 617 0149 63627300 		.ascii	"cbs\000"
 618 014d 01       		.byte	0x1
 619 014e 10       		.byte	0x10
 620 014f 11010000 		.4byte	0x111
 621 0153 04       		.byte	0x4
 622 0154 00       		.byte	0
 623 0155 02       		.uleb128 0x2
 624 0156 01       		.byte	0x1
 625 0157 02       		.byte	0x2
 626 0158 E2020000 		.4byte	.LASF24
 627 015c 03       		.uleb128 0x3
 628 015d 21000000 		.4byte	.LASF25
 629 0161 01       		.byte	0x1
 630 0162 11       		.byte	0x11
 631 0163 1C010000 		.4byte	0x11c
 632 0167 0C       		.uleb128 0xc
 633 0168 D2020000 		.4byte	.LASF45
 634 016c 01       		.byte	0x1
 635 016d 5F       		.byte	0x5f
 636 016e 00000000 		.4byte	.LFB6
 637 0172 38000000 		.4byte	.LFE6-.LFB6
 638 0176 01       		.uleb128 0x1
 639 0177 9C       		.byte	0x9c
 640 0178 A8010000 		.4byte	0x1a8
 641 017c 0D       		.uleb128 0xd
 642 017d 15020000 		.4byte	.LASF31
 643 0181 01       		.byte	0x1
 644 0182 61       		.byte	0x61
 645 0183 81000000 		.4byte	0x81
 646 0187 02       		.uleb128 0x2
 647 0188 91       		.byte	0x91
 648 0189 77       		.sleb128 -9
 649 018a 0E       		.uleb128 0xe
 650 018b 1C000000 		.4byte	.LVL0
 651 018f A8030000 		.4byte	0x3a8
 652 0193 9E010000 		.4byte	0x19e
 653 0197 0F       		.uleb128 0xf
 654 0198 01       		.uleb128 0x1
 655 0199 50       		.byte	0x50
 656 019a 02       		.uleb128 0x2
 657 019b 7D       		.byte	0x7d
 658 019c 07       		.sleb128 7
 659 019d 00       		.byte	0
 660 019e 10       		.uleb128 0x10
 661 019f 28000000 		.4byte	.LVL1
 662 01a3 B3030000 		.4byte	0x3b3
 663 01a7 00       		.byte	0
 664 01a8 11       		.uleb128 0x11
 665 01a9 77000000 		.4byte	.LASF26
 666 01ad 01       		.byte	0x1
 667 01ae 28       		.byte	0x28
 668 01af 00000000 		.4byte	.LFB1
 669 01b3 58000000 		.4byte	.LFE1-.LFB1
 670 01b7 01       		.uleb128 0x1
 671 01b8 9C       		.byte	0x9c
 672 01b9 2E020000 		.4byte	0x22e
ARM GAS  C:\Users\DMYTRO~1.FED\AppData\Local\Temp\cc8f6KXE.s 			page 16


 673 01bd 0E       		.uleb128 0xe
 674 01be 1A000000 		.4byte	.LVL2
 675 01c2 BE030000 		.4byte	0x3be
 676 01c6 D4010000 		.4byte	0x1d4
 677 01ca 0F       		.uleb128 0xf
 678 01cb 01       		.uleb128 0x1
 679 01cc 50       		.byte	0x50
 680 01cd 05       		.uleb128 0x5
 681 01ce 03       		.byte	0x3
 682 01cf 00000000 		.4byte	player_audio_Cb
 683 01d3 00       		.byte	0
 684 01d4 0E       		.uleb128 0xe
 685 01d5 28000000 		.4byte	.LVL3
 686 01d9 C9030000 		.4byte	0x3c9
 687 01dd FA010000 		.4byte	0x1fa
 688 01e1 0F       		.uleb128 0xf
 689 01e2 01       		.uleb128 0x1
 690 01e3 50       		.byte	0x50
 691 01e4 05       		.uleb128 0x5
 692 01e5 03       		.byte	0x3
 693 01e6 0C000000 		.4byte	.LC5
 694 01ea 0F       		.uleb128 0xf
 695 01eb 01       		.uleb128 0x1
 696 01ec 51       		.byte	0x51
 697 01ed 05       		.uleb128 0x5
 698 01ee 03       		.byte	0x3
 699 01ef 00000000 		.4byte	.LC3
 700 01f3 0F       		.uleb128 0xf
 701 01f4 01       		.uleb128 0x1
 702 01f5 52       		.byte	0x52
 703 01f6 02       		.uleb128 0x2
 704 01f7 08       		.byte	0x8
 705 01f8 2E       		.byte	0x2e
 706 01f9 00       		.byte	0
 707 01fa 10       		.uleb128 0x10
 708 01fb 2E000000 		.4byte	.LVL4
 709 01ff D4030000 		.4byte	0x3d4
 710 0203 0E       		.uleb128 0xe
 711 0204 34000000 		.4byte	.LVL5
 712 0208 C9030000 		.4byte	0x3c9
 713 020c 1A020000 		.4byte	0x21a
 714 0210 0F       		.uleb128 0xf
 715 0211 01       		.uleb128 0x1
 716 0212 50       		.byte	0x50
 717 0213 05       		.uleb128 0x5
 718 0214 03       		.byte	0x3
 719 0215 38000000 		.4byte	.LC7
 720 0219 00       		.byte	0
 721 021a 12       		.uleb128 0x12
 722 021b 3C000000 		.4byte	.LVL6
 723 021f C9030000 		.4byte	0x3c9
 724 0223 0F       		.uleb128 0xf
 725 0224 01       		.uleb128 0x1
 726 0225 50       		.byte	0x50
 727 0226 05       		.uleb128 0x5
 728 0227 03       		.byte	0x3
 729 0228 48000000 		.4byte	.LC9
ARM GAS  C:\Users\DMYTRO~1.FED\AppData\Local\Temp\cc8f6KXE.s 			page 17


 730 022c 00       		.byte	0
 731 022d 00       		.byte	0
 732 022e 11       		.uleb128 0x11
 733 022f 3E000000 		.4byte	.LASF27
 734 0233 01       		.byte	0x1
 735 0234 37       		.byte	0x37
 736 0235 00000000 		.4byte	.LFB2
 737 0239 24000000 		.4byte	.LFE2-.LFB2
 738 023d 01       		.uleb128 0x1
 739 023e 9C       		.byte	0x9c
 740 023f 60020000 		.4byte	0x260
 741 0243 10       		.uleb128 0x10
 742 0244 14000000 		.4byte	.LVL7
 743 0248 DF030000 		.4byte	0x3df
 744 024c 12       		.uleb128 0x12
 745 024d 1A000000 		.4byte	.LVL8
 746 0251 C9030000 		.4byte	0x3c9
 747 0255 0F       		.uleb128 0xf
 748 0256 01       		.uleb128 0x1
 749 0257 50       		.byte	0x50
 750 0258 05       		.uleb128 0x5
 751 0259 03       		.byte	0x3
 752 025a 60000000 		.4byte	.LC12
 753 025e 00       		.byte	0
 754 025f 00       		.byte	0
 755 0260 13       		.uleb128 0x13
 756 0261 1C020000 		.4byte	.LASF28
 757 0265 01       		.byte	0x1
 758 0266 41       		.byte	0x41
 759 0267 00000000 		.4byte	.LFB3
 760 026b 30000000 		.4byte	.LFE3-.LFB3
 761 026f 01       		.uleb128 0x1
 762 0270 9C       		.byte	0x9c
 763 0271 9B020000 		.4byte	0x29b
 764 0275 10       		.uleb128 0x10
 765 0276 14000000 		.4byte	.LVL9
 766 027a 2E020000 		.4byte	0x22e
 767 027e 10       		.uleb128 0x10
 768 027f 18000000 		.4byte	.LVL10
 769 0283 EA030000 		.4byte	0x3ea
 770 0287 12       		.uleb128 0x12
 771 0288 20000000 		.4byte	.LVL11
 772 028c C9030000 		.4byte	0x3c9
 773 0290 0F       		.uleb128 0xf
 774 0291 01       		.uleb128 0x1
 775 0292 50       		.byte	0x50
 776 0293 05       		.uleb128 0x5
 777 0294 03       		.byte	0x3
 778 0295 78000000 		.4byte	.LC15
 779 0299 00       		.byte	0
 780 029a 00       		.byte	0
 781 029b 11       		.uleb128 0x11
 782 029c 41010000 		.4byte	.LASF29
 783 02a0 01       		.byte	0x1
 784 02a1 17       		.byte	0x17
 785 02a2 00000000 		.4byte	.LFB0
 786 02a6 6C000000 		.4byte	.LFE0-.LFB0
ARM GAS  C:\Users\DMYTRO~1.FED\AppData\Local\Temp\cc8f6KXE.s 			page 18


 787 02aa 01       		.uleb128 0x1
 788 02ab 9C       		.byte	0x9c
 789 02ac 54030000 		.4byte	0x354
 790 02b0 14       		.uleb128 0x14
 791 02b1 63627300 		.ascii	"cbs\000"
 792 02b5 01       		.byte	0x1
 793 02b6 17       		.byte	0x17
 794 02b7 54030000 		.4byte	0x354
 795 02bb 00000000 		.4byte	.LLST0
 796 02bf 0E       		.uleb128 0xe
 797 02c0 10000000 		.4byte	.LVL15
 798 02c4 C9030000 		.4byte	0x3c9
 799 02c8 E4020000 		.4byte	0x2e4
 800 02cc 0F       		.uleb128 0xf
 801 02cd 01       		.uleb128 0x1
 802 02ce 50       		.byte	0x50
 803 02cf 05       		.uleb128 0x5
 804 02d0 03       		.byte	0x3
 805 02d1 0C000000 		.4byte	.LC5
 806 02d5 0F       		.uleb128 0xf
 807 02d6 01       		.uleb128 0x1
 808 02d7 51       		.byte	0x51
 809 02d8 05       		.uleb128 0x5
 810 02d9 03       		.byte	0x3
 811 02da 00000000 		.4byte	.LC3
 812 02de 0F       		.uleb128 0xf
 813 02df 01       		.uleb128 0x1
 814 02e0 52       		.byte	0x52
 815 02e1 01       		.uleb128 0x1
 816 02e2 49       		.byte	0x49
 817 02e3 00       		.byte	0
 818 02e4 0E       		.uleb128 0xe
 819 02e5 22000000 		.4byte	.LVL18
 820 02e9 C9030000 		.4byte	0x3c9
 821 02ed 09030000 		.4byte	0x309
 822 02f1 0F       		.uleb128 0xf
 823 02f2 01       		.uleb128 0x1
 824 02f3 50       		.byte	0x50
 825 02f4 05       		.uleb128 0x5
 826 02f5 03       		.byte	0x3
 827 02f6 0C000000 		.4byte	.LC5
 828 02fa 0F       		.uleb128 0xf
 829 02fb 01       		.uleb128 0x1
 830 02fc 51       		.byte	0x51
 831 02fd 05       		.uleb128 0x5
 832 02fe 03       		.byte	0x3
 833 02ff 00000000 		.4byte	.LC3
 834 0303 0F       		.uleb128 0xf
 835 0304 01       		.uleb128 0x1
 836 0305 52       		.byte	0x52
 837 0306 01       		.uleb128 0x1
 838 0307 4A       		.byte	0x4a
 839 0308 00       		.byte	0
 840 0309 0E       		.uleb128 0xe
 841 030a 34000000 		.4byte	.LVL21
 842 030e C9030000 		.4byte	0x3c9
 843 0312 2E030000 		.4byte	0x32e
ARM GAS  C:\Users\DMYTRO~1.FED\AppData\Local\Temp\cc8f6KXE.s 			page 19


 844 0316 0F       		.uleb128 0xf
 845 0317 01       		.uleb128 0x1
 846 0318 50       		.byte	0x50
 847 0319 05       		.uleb128 0x5
 848 031a 03       		.byte	0x3
 849 031b 0C000000 		.4byte	.LC5
 850 031f 0F       		.uleb128 0xf
 851 0320 01       		.uleb128 0x1
 852 0321 51       		.byte	0x51
 853 0322 05       		.uleb128 0x5
 854 0323 03       		.byte	0x3
 855 0324 00000000 		.4byte	.LC3
 856 0328 0F       		.uleb128 0xf
 857 0329 01       		.uleb128 0x1
 858 032a 52       		.byte	0x52
 859 032b 01       		.uleb128 0x1
 860 032c 4B       		.byte	0x4b
 861 032d 00       		.byte	0
 862 032e 10       		.uleb128 0x10
 863 032f 42000000 		.4byte	.LVL23
 864 0333 60020000 		.4byte	0x260
 865 0337 10       		.uleb128 0x10
 866 0338 54000000 		.4byte	.LVL25
 867 033c F5030000 		.4byte	0x3f5
 868 0340 12       		.uleb128 0x12
 869 0341 5A000000 		.4byte	.LVL26
 870 0345 C9030000 		.4byte	0x3c9
 871 0349 0F       		.uleb128 0xf
 872 034a 01       		.uleb128 0x1
 873 034b 50       		.byte	0x50
 874 034c 05       		.uleb128 0x5
 875 034d 03       		.byte	0x3
 876 034e 8C000000 		.4byte	.LC20
 877 0352 00       		.byte	0
 878 0353 00       		.byte	0
 879 0354 05       		.uleb128 0x5
 880 0355 04       		.byte	0x4
 881 0356 11010000 		.4byte	0x111
 882 035a 11       		.uleb128 0x11
 883 035b 00000000 		.4byte	.LASF30
 884 035f 01       		.byte	0x1
 885 0360 4E       		.byte	0x4e
 886 0361 00000000 		.4byte	.LFB4
 887 0365 20000000 		.4byte	.LFE4-.LFB4
 888 0369 01       		.uleb128 0x1
 889 036a 9C       		.byte	0x9c
 890 036b 82030000 		.4byte	0x382
 891 036f 10       		.uleb128 0x10
 892 0370 0E000000 		.4byte	.LVL28
 893 0374 00040000 		.4byte	0x400
 894 0378 10       		.uleb128 0x10
 895 0379 1A000000 		.4byte	.LVL29
 896 037d 60020000 		.4byte	0x260
 897 0381 00       		.byte	0
 898 0382 15       		.uleb128 0x15
 899 0383 8B010000 		.4byte	.LASF46
 900 0387 01       		.byte	0x1
ARM GAS  C:\Users\DMYTRO~1.FED\AppData\Local\Temp\cc8f6KXE.s 			page 20


 901 0388 5A       		.byte	0x5a
 902 0389 55010000 		.4byte	0x155
 903 038d 00000000 		.4byte	.LFB5
 904 0391 0C000000 		.4byte	.LFE5-.LFB5
 905 0395 01       		.uleb128 0x1
 906 0396 9C       		.byte	0x9c
 907 0397 0D       		.uleb128 0xd
 908 0398 23010000 		.4byte	.LASF32
 909 039c 01       		.byte	0x1
 910 039d 15       		.byte	0x15
 911 039e 5C010000 		.4byte	0x15c
 912 03a2 05       		.uleb128 0x5
 913 03a3 03       		.byte	0x3
 914 03a4 00000000 		.4byte	player
 915 03a8 16       		.uleb128 0x16
 916 03a9 68000000 		.4byte	.LASF33
 917 03ad 68000000 		.4byte	.LASF33
 918 03b1 04       		.byte	0x4
 919 03b2 2B       		.byte	0x2b
 920 03b3 16       		.uleb128 0x16
 921 03b4 18010000 		.4byte	.LASF34
 922 03b8 18010000 		.4byte	.LASF34
 923 03bc 06       		.byte	0x6
 924 03bd 30       		.byte	0x30
 925 03be 16       		.uleb128 0x16
 926 03bf 56000000 		.4byte	.LASF35
 927 03c3 56000000 		.4byte	.LASF35
 928 03c7 06       		.byte	0x6
 929 03c8 5F       		.byte	0x5f
 930 03c9 16       		.uleb128 0x16
 931 03ca 4B000000 		.4byte	.LASF36
 932 03ce 4B000000 		.4byte	.LASF36
 933 03d2 07       		.byte	0x7
 934 03d3 18       		.byte	0x18
 935 03d4 16       		.uleb128 0x16
 936 03d5 0C010000 		.4byte	.LASF37
 937 03d9 0C010000 		.4byte	.LASF37
 938 03dd 06       		.byte	0x6
 939 03de 40       		.byte	0x40
 940 03df 16       		.uleb128 0x16
 941 03e0 83000000 		.4byte	.LASF38
 942 03e4 83000000 		.4byte	.LASF38
 943 03e8 06       		.byte	0x6
 944 03e9 38       		.byte	0x38
 945 03ea 16       		.uleb128 0x16
 946 03eb E3000000 		.4byte	.LASF39
 947 03ef E3000000 		.4byte	.LASF39
 948 03f3 04       		.byte	0x4
 949 03f4 3A       		.byte	0x3a
 950 03f5 16       		.uleb128 0x16
 951 03f6 15000000 		.4byte	.LASF40
 952 03fa 15000000 		.4byte	.LASF40
 953 03fe 04       		.byte	0x4
 954 03ff 22       		.byte	0x22
 955 0400 16       		.uleb128 0x16
 956 0401 B3000000 		.4byte	.LASF41
 957 0405 B3000000 		.4byte	.LASF41
ARM GAS  C:\Users\DMYTRO~1.FED\AppData\Local\Temp\cc8f6KXE.s 			page 21


 958 0409 04       		.byte	0x4
 959 040a 32       		.byte	0x32
 960 040b 00       		.byte	0
 961              		.section	.debug_abbrev,"",%progbits
 962              	.Ldebug_abbrev0:
 963 0000 01       		.uleb128 0x1
 964 0001 11       		.uleb128 0x11
 965 0002 01       		.byte	0x1
 966 0003 25       		.uleb128 0x25
 967 0004 0E       		.uleb128 0xe
 968 0005 13       		.uleb128 0x13
 969 0006 0B       		.uleb128 0xb
 970 0007 03       		.uleb128 0x3
 971 0008 0E       		.uleb128 0xe
 972 0009 1B       		.uleb128 0x1b
 973 000a 0E       		.uleb128 0xe
 974 000b 55       		.uleb128 0x55
 975 000c 17       		.uleb128 0x17
 976 000d 11       		.uleb128 0x11
 977 000e 01       		.uleb128 0x1
 978 000f 10       		.uleb128 0x10
 979 0010 17       		.uleb128 0x17
 980 0011 00       		.byte	0
 981 0012 00       		.byte	0
 982 0013 02       		.uleb128 0x2
 983 0014 24       		.uleb128 0x24
 984 0015 00       		.byte	0
 985 0016 0B       		.uleb128 0xb
 986 0017 0B       		.uleb128 0xb
 987 0018 3E       		.uleb128 0x3e
 988 0019 0B       		.uleb128 0xb
 989 001a 03       		.uleb128 0x3
 990 001b 0E       		.uleb128 0xe
 991 001c 00       		.byte	0
 992 001d 00       		.byte	0
 993 001e 03       		.uleb128 0x3
 994 001f 16       		.uleb128 0x16
 995 0020 00       		.byte	0
 996 0021 03       		.uleb128 0x3
 997 0022 0E       		.uleb128 0xe
 998 0023 3A       		.uleb128 0x3a
 999 0024 0B       		.uleb128 0xb
 1000 0025 3B       		.uleb128 0x3b
 1001 0026 0B       		.uleb128 0xb
 1002 0027 49       		.uleb128 0x49
 1003 0028 13       		.uleb128 0x13
 1004 0029 00       		.byte	0
 1005 002a 00       		.byte	0
 1006 002b 04       		.uleb128 0x4
 1007 002c 24       		.uleb128 0x24
 1008 002d 00       		.byte	0
 1009 002e 0B       		.uleb128 0xb
 1010 002f 0B       		.uleb128 0xb
 1011 0030 3E       		.uleb128 0x3e
 1012 0031 0B       		.uleb128 0xb
 1013 0032 03       		.uleb128 0x3
 1014 0033 08       		.uleb128 0x8
ARM GAS  C:\Users\DMYTRO~1.FED\AppData\Local\Temp\cc8f6KXE.s 			page 22


 1015 0034 00       		.byte	0
 1016 0035 00       		.byte	0
 1017 0036 05       		.uleb128 0x5
 1018 0037 0F       		.uleb128 0xf
 1019 0038 00       		.byte	0
 1020 0039 0B       		.uleb128 0xb
 1021 003a 0B       		.uleb128 0xb
 1022 003b 49       		.uleb128 0x49
 1023 003c 13       		.uleb128 0x13
 1024 003d 00       		.byte	0
 1025 003e 00       		.byte	0
 1026 003f 06       		.uleb128 0x6
 1027 0040 15       		.uleb128 0x15
 1028 0041 00       		.byte	0
 1029 0042 27       		.uleb128 0x27
 1030 0043 19       		.uleb128 0x19
 1031 0044 00       		.byte	0
 1032 0045 00       		.byte	0
 1033 0046 07       		.uleb128 0x7
 1034 0047 15       		.uleb128 0x15
 1035 0048 01       		.byte	0x1
 1036 0049 27       		.uleb128 0x27
 1037 004a 19       		.uleb128 0x19
 1038 004b 01       		.uleb128 0x1
 1039 004c 13       		.uleb128 0x13
 1040 004d 00       		.byte	0
 1041 004e 00       		.byte	0
 1042 004f 08       		.uleb128 0x8
 1043 0050 05       		.uleb128 0x5
 1044 0051 00       		.byte	0
 1045 0052 49       		.uleb128 0x49
 1046 0053 13       		.uleb128 0x13
 1047 0054 00       		.byte	0
 1048 0055 00       		.byte	0
 1049 0056 09       		.uleb128 0x9
 1050 0057 13       		.uleb128 0x13
 1051 0058 01       		.byte	0x1
 1052 0059 0B       		.uleb128 0xb
 1053 005a 0B       		.uleb128 0xb
 1054 005b 3A       		.uleb128 0x3a
 1055 005c 0B       		.uleb128 0xb
 1056 005d 3B       		.uleb128 0x3b
 1057 005e 0B       		.uleb128 0xb
 1058 005f 01       		.uleb128 0x1
 1059 0060 13       		.uleb128 0x13
 1060 0061 00       		.byte	0
 1061 0062 00       		.byte	0
 1062 0063 0A       		.uleb128 0xa
 1063 0064 0D       		.uleb128 0xd
 1064 0065 00       		.byte	0
 1065 0066 03       		.uleb128 0x3
 1066 0067 0E       		.uleb128 0xe
 1067 0068 3A       		.uleb128 0x3a
 1068 0069 0B       		.uleb128 0xb
 1069 006a 3B       		.uleb128 0x3b
 1070 006b 0B       		.uleb128 0xb
 1071 006c 49       		.uleb128 0x49
ARM GAS  C:\Users\DMYTRO~1.FED\AppData\Local\Temp\cc8f6KXE.s 			page 23


 1072 006d 13       		.uleb128 0x13
 1073 006e 38       		.uleb128 0x38
 1074 006f 0B       		.uleb128 0xb
 1075 0070 00       		.byte	0
 1076 0071 00       		.byte	0
 1077 0072 0B       		.uleb128 0xb
 1078 0073 0D       		.uleb128 0xd
 1079 0074 00       		.byte	0
 1080 0075 03       		.uleb128 0x3
 1081 0076 08       		.uleb128 0x8
 1082 0077 3A       		.uleb128 0x3a
 1083 0078 0B       		.uleb128 0xb
 1084 0079 3B       		.uleb128 0x3b
 1085 007a 0B       		.uleb128 0xb
 1086 007b 49       		.uleb128 0x49
 1087 007c 13       		.uleb128 0x13
 1088 007d 38       		.uleb128 0x38
 1089 007e 0B       		.uleb128 0xb
 1090 007f 00       		.byte	0
 1091 0080 00       		.byte	0
 1092 0081 0C       		.uleb128 0xc
 1093 0082 2E       		.uleb128 0x2e
 1094 0083 01       		.byte	0x1
 1095 0084 03       		.uleb128 0x3
 1096 0085 0E       		.uleb128 0xe
 1097 0086 3A       		.uleb128 0x3a
 1098 0087 0B       		.uleb128 0xb
 1099 0088 3B       		.uleb128 0x3b
 1100 0089 0B       		.uleb128 0xb
 1101 008a 27       		.uleb128 0x27
 1102 008b 19       		.uleb128 0x19
 1103 008c 11       		.uleb128 0x11
 1104 008d 01       		.uleb128 0x1
 1105 008e 12       		.uleb128 0x12
 1106 008f 06       		.uleb128 0x6
 1107 0090 40       		.uleb128 0x40
 1108 0091 18       		.uleb128 0x18
 1109 0092 9742     		.uleb128 0x2117
 1110 0094 19       		.uleb128 0x19
 1111 0095 01       		.uleb128 0x1
 1112 0096 13       		.uleb128 0x13
 1113 0097 00       		.byte	0
 1114 0098 00       		.byte	0
 1115 0099 0D       		.uleb128 0xd
 1116 009a 34       		.uleb128 0x34
 1117 009b 00       		.byte	0
 1118 009c 03       		.uleb128 0x3
 1119 009d 0E       		.uleb128 0xe
 1120 009e 3A       		.uleb128 0x3a
 1121 009f 0B       		.uleb128 0xb
 1122 00a0 3B       		.uleb128 0x3b
 1123 00a1 0B       		.uleb128 0xb
 1124 00a2 49       		.uleb128 0x49
 1125 00a3 13       		.uleb128 0x13
 1126 00a4 02       		.uleb128 0x2
 1127 00a5 18       		.uleb128 0x18
 1128 00a6 00       		.byte	0
ARM GAS  C:\Users\DMYTRO~1.FED\AppData\Local\Temp\cc8f6KXE.s 			page 24


 1129 00a7 00       		.byte	0
 1130 00a8 0E       		.uleb128 0xe
 1131 00a9 898201   		.uleb128 0x4109
 1132 00ac 01       		.byte	0x1
 1133 00ad 11       		.uleb128 0x11
 1134 00ae 01       		.uleb128 0x1
 1135 00af 31       		.uleb128 0x31
 1136 00b0 13       		.uleb128 0x13
 1137 00b1 01       		.uleb128 0x1
 1138 00b2 13       		.uleb128 0x13
 1139 00b3 00       		.byte	0
 1140 00b4 00       		.byte	0
 1141 00b5 0F       		.uleb128 0xf
 1142 00b6 8A8201   		.uleb128 0x410a
 1143 00b9 00       		.byte	0
 1144 00ba 02       		.uleb128 0x2
 1145 00bb 18       		.uleb128 0x18
 1146 00bc 9142     		.uleb128 0x2111
 1147 00be 18       		.uleb128 0x18
 1148 00bf 00       		.byte	0
 1149 00c0 00       		.byte	0
 1150 00c1 10       		.uleb128 0x10
 1151 00c2 898201   		.uleb128 0x4109
 1152 00c5 00       		.byte	0
 1153 00c6 11       		.uleb128 0x11
 1154 00c7 01       		.uleb128 0x1
 1155 00c8 31       		.uleb128 0x31
 1156 00c9 13       		.uleb128 0x13
 1157 00ca 00       		.byte	0
 1158 00cb 00       		.byte	0
 1159 00cc 11       		.uleb128 0x11
 1160 00cd 2E       		.uleb128 0x2e
 1161 00ce 01       		.byte	0x1
 1162 00cf 3F       		.uleb128 0x3f
 1163 00d0 19       		.uleb128 0x19
 1164 00d1 03       		.uleb128 0x3
 1165 00d2 0E       		.uleb128 0xe
 1166 00d3 3A       		.uleb128 0x3a
 1167 00d4 0B       		.uleb128 0xb
 1168 00d5 3B       		.uleb128 0x3b
 1169 00d6 0B       		.uleb128 0xb
 1170 00d7 27       		.uleb128 0x27
 1171 00d8 19       		.uleb128 0x19
 1172 00d9 11       		.uleb128 0x11
 1173 00da 01       		.uleb128 0x1
 1174 00db 12       		.uleb128 0x12
 1175 00dc 06       		.uleb128 0x6
 1176 00dd 40       		.uleb128 0x40
 1177 00de 18       		.uleb128 0x18
 1178 00df 9742     		.uleb128 0x2117
 1179 00e1 19       		.uleb128 0x19
 1180 00e2 01       		.uleb128 0x1
 1181 00e3 13       		.uleb128 0x13
 1182 00e4 00       		.byte	0
 1183 00e5 00       		.byte	0
 1184 00e6 12       		.uleb128 0x12
 1185 00e7 898201   		.uleb128 0x4109
ARM GAS  C:\Users\DMYTRO~1.FED\AppData\Local\Temp\cc8f6KXE.s 			page 25


 1186 00ea 01       		.byte	0x1
 1187 00eb 11       		.uleb128 0x11
 1188 00ec 01       		.uleb128 0x1
 1189 00ed 31       		.uleb128 0x31
 1190 00ee 13       		.uleb128 0x13
 1191 00ef 00       		.byte	0
 1192 00f0 00       		.byte	0
 1193 00f1 13       		.uleb128 0x13
 1194 00f2 2E       		.uleb128 0x2e
 1195 00f3 01       		.byte	0x1
 1196 00f4 3F       		.uleb128 0x3f
 1197 00f5 19       		.uleb128 0x19
 1198 00f6 03       		.uleb128 0x3
 1199 00f7 0E       		.uleb128 0xe
 1200 00f8 3A       		.uleb128 0x3a
 1201 00f9 0B       		.uleb128 0xb
 1202 00fa 3B       		.uleb128 0x3b
 1203 00fb 0B       		.uleb128 0xb
 1204 00fc 27       		.uleb128 0x27
 1205 00fd 19       		.uleb128 0x19
 1206 00fe 11       		.uleb128 0x11
 1207 00ff 01       		.uleb128 0x1
 1208 0100 12       		.uleb128 0x12
 1209 0101 06       		.uleb128 0x6
 1210 0102 40       		.uleb128 0x40
 1211 0103 18       		.uleb128 0x18
 1212 0104 9642     		.uleb128 0x2116
 1213 0106 19       		.uleb128 0x19
 1214 0107 01       		.uleb128 0x1
 1215 0108 13       		.uleb128 0x13
 1216 0109 00       		.byte	0
 1217 010a 00       		.byte	0
 1218 010b 14       		.uleb128 0x14
 1219 010c 05       		.uleb128 0x5
 1220 010d 00       		.byte	0
 1221 010e 03       		.uleb128 0x3
 1222 010f 08       		.uleb128 0x8
 1223 0110 3A       		.uleb128 0x3a
 1224 0111 0B       		.uleb128 0xb
 1225 0112 3B       		.uleb128 0x3b
 1226 0113 0B       		.uleb128 0xb
 1227 0114 49       		.uleb128 0x49
 1228 0115 13       		.uleb128 0x13
 1229 0116 02       		.uleb128 0x2
 1230 0117 17       		.uleb128 0x17
 1231 0118 00       		.byte	0
 1232 0119 00       		.byte	0
 1233 011a 15       		.uleb128 0x15
 1234 011b 2E       		.uleb128 0x2e
 1235 011c 00       		.byte	0
 1236 011d 3F       		.uleb128 0x3f
 1237 011e 19       		.uleb128 0x19
 1238 011f 03       		.uleb128 0x3
 1239 0120 0E       		.uleb128 0xe
 1240 0121 3A       		.uleb128 0x3a
 1241 0122 0B       		.uleb128 0xb
 1242 0123 3B       		.uleb128 0x3b
ARM GAS  C:\Users\DMYTRO~1.FED\AppData\Local\Temp\cc8f6KXE.s 			page 26


 1243 0124 0B       		.uleb128 0xb
 1244 0125 27       		.uleb128 0x27
 1245 0126 19       		.uleb128 0x19
 1246 0127 49       		.uleb128 0x49
 1247 0128 13       		.uleb128 0x13
 1248 0129 11       		.uleb128 0x11
 1249 012a 01       		.uleb128 0x1
 1250 012b 12       		.uleb128 0x12
 1251 012c 06       		.uleb128 0x6
 1252 012d 40       		.uleb128 0x40
 1253 012e 18       		.uleb128 0x18
 1254 012f 9742     		.uleb128 0x2117
 1255 0131 19       		.uleb128 0x19
 1256 0132 00       		.byte	0
 1257 0133 00       		.byte	0
 1258 0134 16       		.uleb128 0x16
 1259 0135 2E       		.uleb128 0x2e
 1260 0136 00       		.byte	0
 1261 0137 3F       		.uleb128 0x3f
 1262 0138 19       		.uleb128 0x19
 1263 0139 3C       		.uleb128 0x3c
 1264 013a 19       		.uleb128 0x19
 1265 013b 6E       		.uleb128 0x6e
 1266 013c 0E       		.uleb128 0xe
 1267 013d 03       		.uleb128 0x3
 1268 013e 0E       		.uleb128 0xe
 1269 013f 3A       		.uleb128 0x3a
 1270 0140 0B       		.uleb128 0xb
 1271 0141 3B       		.uleb128 0x3b
 1272 0142 0B       		.uleb128 0xb
 1273 0143 00       		.byte	0
 1274 0144 00       		.byte	0
 1275 0145 00       		.byte	0
 1276              		.section	.debug_loc,"",%progbits
 1277              	.Ldebug_loc0:
 1278              	.LLST0:
 1279 0000 00000000 		.4byte	.LVL13
 1280 0004 0C000000 		.4byte	.LVL14
 1281 0008 0100     		.2byte	0x1
 1282 000a 50       		.byte	0x50
 1283 000b 0C000000 		.4byte	.LVL14
 1284 000f 12000000 		.4byte	.LVL16
 1285 0013 0100     		.2byte	0x1
 1286 0015 54       		.byte	0x54
 1287 0016 12000000 		.4byte	.LVL16
 1288 001a 1E000000 		.4byte	.LVL17
 1289 001e 0100     		.2byte	0x1
 1290 0020 50       		.byte	0x50
 1291 0021 1E000000 		.4byte	.LVL17
 1292 0025 24000000 		.4byte	.LVL19
 1293 0029 0100     		.2byte	0x1
 1294 002b 54       		.byte	0x54
 1295 002c 24000000 		.4byte	.LVL19
 1296 0030 30000000 		.4byte	.LVL20
 1297 0034 0100     		.2byte	0x1
 1298 0036 50       		.byte	0x50
 1299 0037 30000000 		.4byte	.LVL20
ARM GAS  C:\Users\DMYTRO~1.FED\AppData\Local\Temp\cc8f6KXE.s 			page 27


 1300 003b 36000000 		.4byte	.LVL22
 1301 003f 0100     		.2byte	0x1
 1302 0041 54       		.byte	0x54
 1303 0042 36000000 		.4byte	.LVL22
 1304 0046 41000000 		.4byte	.LVL23-1
 1305 004a 0100     		.2byte	0x1
 1306 004c 50       		.byte	0x50
 1307 004d 41000000 		.4byte	.LVL23-1
 1308 0051 4A000000 		.4byte	.LVL24
 1309 0055 0100     		.2byte	0x1
 1310 0057 54       		.byte	0x54
 1311 0058 4A000000 		.4byte	.LVL24
 1312 005c 5A000000 		.4byte	.LVL27
 1313 0060 0300     		.2byte	0x3
 1314 0062 74       		.byte	0x74
 1315 0063 78       		.sleb128 -8
 1316 0064 9F       		.byte	0x9f
 1317 0065 5A000000 		.4byte	.LVL27
 1318 0069 6C000000 		.4byte	.LFE0
 1319 006d 0400     		.2byte	0x4
 1320 006f F3       		.byte	0xf3
 1321 0070 01       		.uleb128 0x1
 1322 0071 50       		.byte	0x50
 1323 0072 9F       		.byte	0x9f
 1324 0073 00000000 		.4byte	0
 1325 0077 00000000 		.4byte	0
 1326              		.section	.debug_aranges,"",%progbits
 1327 0000 4C000000 		.4byte	0x4c
 1328 0004 0200     		.2byte	0x2
 1329 0006 00000000 		.4byte	.Ldebug_info0
 1330 000a 04       		.byte	0x4
 1331 000b 00       		.byte	0
 1332 000c 0000     		.2byte	0
 1333 000e 0000     		.2byte	0
 1334 0010 00000000 		.4byte	.LFB6
 1335 0014 38000000 		.4byte	.LFE6-.LFB6
 1336 0018 00000000 		.4byte	.LFB1
 1337 001c 58000000 		.4byte	.LFE1-.LFB1
 1338 0020 00000000 		.4byte	.LFB2
 1339 0024 24000000 		.4byte	.LFE2-.LFB2
 1340 0028 00000000 		.4byte	.LFB3
 1341 002c 30000000 		.4byte	.LFE3-.LFB3
 1342 0030 00000000 		.4byte	.LFB0
 1343 0034 6C000000 		.4byte	.LFE0-.LFB0
 1344 0038 00000000 		.4byte	.LFB4
 1345 003c 20000000 		.4byte	.LFE4-.LFB4
 1346 0040 00000000 		.4byte	.LFB5
 1347 0044 0C000000 		.4byte	.LFE5-.LFB5
 1348 0048 00000000 		.4byte	0
 1349 004c 00000000 		.4byte	0
 1350              		.section	.debug_ranges,"",%progbits
 1351              	.Ldebug_ranges0:
 1352 0000 00000000 		.4byte	.LFB6
 1353 0004 38000000 		.4byte	.LFE6
 1354 0008 00000000 		.4byte	.LFB1
 1355 000c 58000000 		.4byte	.LFE1
 1356 0010 00000000 		.4byte	.LFB2
ARM GAS  C:\Users\DMYTRO~1.FED\AppData\Local\Temp\cc8f6KXE.s 			page 28


 1357 0014 24000000 		.4byte	.LFE2
 1358 0018 00000000 		.4byte	.LFB3
 1359 001c 30000000 		.4byte	.LFE3
 1360 0020 00000000 		.4byte	.LFB0
 1361 0024 6C000000 		.4byte	.LFE0
 1362 0028 00000000 		.4byte	.LFB4
 1363 002c 20000000 		.4byte	.LFE4
 1364 0030 00000000 		.4byte	.LFB5
 1365 0034 0C000000 		.4byte	.LFE5
 1366 0038 00000000 		.4byte	0
 1367 003c 00000000 		.4byte	0
 1368              		.section	.debug_line,"",%progbits
 1369              	.Ldebug_line0:
 1370 0000 0F020000 		.section	.debug_str,"MS",%progbits,1
 1370      02004E01 
 1370      00000201 
 1370      FB0E0D00 
 1370      01010101 
 1371              	.LASF30:
 1372 0000 706C6179 		.ascii	"player_Run\000"
 1372      65725F52 
 1372      756E00
 1373              	.LASF5:
 1374 000b 5F5F7569 		.ascii	"__uint8_t\000"
 1374      6E74385F 
 1374      7400
 1375              	.LASF40:
 1376 0015 62756666 		.ascii	"buffer_Init\000"
 1376      65725F49 
 1376      6E697400 
 1377              	.LASF25:
 1378 0021 706C6179 		.ascii	"player_t\000"
 1378      65725F74 
 1378      00
 1379              	.LASF43:
 1380 002a 706C6179 		.ascii	"player.c\000"
 1380      65722E63 
 1380      00
 1381              	.LASF18:
 1382 0033 6F6E4461 		.ascii	"onDataRead\000"
 1382      74615265 
 1382      616400
 1383              	.LASF27:
 1384 003e 706C6179 		.ascii	"player_Pause\000"
 1384      65725F50 
 1384      61757365 
 1384      00
 1385              	.LASF36:
 1386 004b 75617274 		.ascii	"uartPrintf\000"
 1386      5072696E 
 1386      746600
 1387              	.LASF35:
 1388 0056 61756469 		.ascii	"audio_SetCallback\000"
 1388      6F5F5365 
 1388      7443616C 
 1388      6C626163 
 1388      6B00
ARM GAS  C:\Users\DMYTRO~1.FED\AppData\Local\Temp\cc8f6KXE.s 			page 29


 1389              	.LASF33:
 1390 0068 62756666 		.ascii	"buffer_GetNext\000"
 1390      65725F47 
 1390      65744E65 
 1390      787400
 1391              	.LASF26:
 1392 0077 706C6179 		.ascii	"player_Play\000"
 1392      65725F50 
 1392      6C617900 
 1393              	.LASF38:
 1394 0083 61756469 		.ascii	"audio_Stop\000"
 1394      6F5F5374 
 1394      6F7000
 1395              	.LASF23:
 1396 008e 6E656564 		.ascii	"needStop\000"
 1396      53746F70 
 1396      00
 1397              	.LASF19:
 1398 0097 6F6E5374 		.ascii	"onStop\000"
 1398      6F7000
 1399              	.LASF22:
 1400 009e 6973496E 		.ascii	"isInit\000"
 1400      697400
 1401              	.LASF1:
 1402 00a5 756E7369 		.ascii	"unsigned char\000"
 1402      676E6564 
 1402      20636861 
 1402      7200
 1403              	.LASF41:
 1404 00b3 62756666 		.ascii	"buffer_Run\000"
 1404      65725F52 
 1404      756E00
 1405              	.LASF7:
 1406 00be 6C6F6E67 		.ascii	"long unsigned int\000"
 1406      20756E73 
 1406      69676E65 
 1406      6420696E 
 1406      7400
 1407              	.LASF3:
 1408 00d0 73686F72 		.ascii	"short unsigned int\000"
 1408      7420756E 
 1408      7369676E 
 1408      65642069 
 1408      6E7400
 1409              	.LASF39:
 1410 00e3 62756666 		.ascii	"buffer_Stop\000"
 1410      65725F53 
 1410      746F7000 
 1411              	.LASF4:
 1412 00ef 6C6F6E67 		.ascii	"long int\000"
 1412      20696E74 
 1412      00
 1413              	.LASF16:
 1414 00f8 62756666 		.ascii	"buffer_OnNeedDataCb\000"
 1414      65725F4F 
 1414      6E4E6565 
 1414      64446174 
ARM GAS  C:\Users\DMYTRO~1.FED\AppData\Local\Temp\cc8f6KXE.s 			page 30


 1414      61436200 
 1415              	.LASF37:
 1416 010c 61756469 		.ascii	"audio_Start\000"
 1416      6F5F5374 
 1416      61727400 
 1417              	.LASF34:
 1418 0118 61756469 		.ascii	"audio_Play\000"
 1418      6F5F506C 
 1418      617900
 1419              	.LASF32:
 1420 0123 706C6179 		.ascii	"player\000"
 1420      657200
 1421              	.LASF20:
 1422 012a 706C6179 		.ascii	"playerCbs_t\000"
 1422      65724362 
 1422      735F7400 
 1423              	.LASF6:
 1424 0136 5F5F7569 		.ascii	"__uint32_t\000"
 1424      6E743332 
 1424      5F7400
 1425              	.LASF29:
 1426 0141 706C6179 		.ascii	"player_Init\000"
 1426      65725F49 
 1426      6E697400 
 1427              	.LASF10:
 1428 014d 756E7369 		.ascii	"unsigned int\000"
 1428      676E6564 
 1428      20696E74 
 1428      00
 1429              	.LASF17:
 1430 015a 706C6179 		.ascii	"playerCb_t\000"
 1430      65724362 
 1430      5F7400
 1431              	.LASF21:
 1432 0165 6973506C 		.ascii	"isPlay\000"
 1432      617900
 1433              	.LASF9:
 1434 016c 6C6F6E67 		.ascii	"long long unsigned int\000"
 1434      206C6F6E 
 1434      6720756E 
 1434      7369676E 
 1434      65642069 
 1435              	.LASF11:
 1436 0183 75696E74 		.ascii	"uint8_t\000"
 1436      385F7400 
 1437              	.LASF46:
 1438 018b 706C6179 		.ascii	"player_IsPlaying\000"
 1438      65725F49 
 1438      73506C61 
 1438      79696E67 
 1438      00
 1439              	.LASF14:
 1440 019c 73697A65 		.ascii	"sizetype\000"
 1440      74797065 
 1440      00
 1441              	.LASF8:
 1442 01a5 6C6F6E67 		.ascii	"long long int\000"
ARM GAS  C:\Users\DMYTRO~1.FED\AppData\Local\Temp\cc8f6KXE.s 			page 31


 1442      206C6F6E 
 1442      6720696E 
 1442      7400
 1443              	.LASF15:
 1444 01b3 63686172 		.ascii	"char\000"
 1444      00
 1445              	.LASF44:
 1446 01b8 433A5C55 		.ascii	"C:\\Users\\dmytro.fedorchenko\\Documents\\PSoC Crea"
 1446      73657273 
 1446      5C646D79 
 1446      74726F2E 
 1446      6665646F 
 1447 01e7 746F725C 		.ascii	"tor\\PWM01\\midiPlayer.cydsn\000"
 1447      50574D30 
 1447      315C6D69 
 1447      6469506C 
 1447      61796572 
 1448              	.LASF2:
 1449 0202 73686F72 		.ascii	"short int\000"
 1449      7420696E 
 1449      7400
 1450              	.LASF12:
 1451 020c 75696E74 		.ascii	"uint32_t\000"
 1451      33325F74 
 1451      00
 1452              	.LASF31:
 1453 0215 73616D70 		.ascii	"sample\000"
 1453      6C6500
 1454              	.LASF28:
 1455 021c 706C6179 		.ascii	"player_Stop\000"
 1455      65725F53 
 1455      746F7000 
 1456              	.LASF13:
 1457 0228 6C6F6E67 		.ascii	"long double\000"
 1457      20646F75 
 1457      626C6500 
 1458              	.LASF42:
 1459 0234 474E5520 		.ascii	"GNU C11 5.4.1 20160609 (release) [ARM/embedded-5-br"
 1459      43313120 
 1459      352E342E 
 1459      31203230 
 1459      31363036 
 1460 0267 616E6368 		.ascii	"anch revision 237715] -mcpu=cortex-m0plus -mthumb -"
 1460      20726576 
 1460      6973696F 
 1460      6E203233 
 1460      37373135 
 1461 029a 67202D4F 		.ascii	"g -Og -ffunction-sections -ffat-lto-objects\000"
 1461      67202D66 
 1461      66756E63 
 1461      74696F6E 
 1461      2D736563 
 1462              	.LASF0:
 1463 02c6 7369676E 		.ascii	"signed char\000"
 1463      65642063 
 1463      68617200 
 1464              	.LASF45:
ARM GAS  C:\Users\DMYTRO~1.FED\AppData\Local\Temp\cc8f6KXE.s 			page 32


 1465 02d2 706C6179 		.ascii	"player_audio_Cb\000"
 1465      65725F61 
 1465      7564696F 
 1465      5F436200 
 1466              	.LASF24:
 1467 02e2 5F426F6F 		.ascii	"_Bool\000"
 1467      6C00
 1468              		.ident	"GCC: (GNU Tools for ARM Embedded Processors) 5.4.1 20160609 (release) [ARM/embedded-5-bran
