ARM GAS  C:\Users\DMYTRO~1.FED\AppData\Local\Temp\cc4DeSkk.s 			page 1


   1              		.syntax unified
   2              		.cpu cortex-m0plus
   3              		.fpu softvfp
   4              		.eabi_attribute 20, 1
   5              		.eabi_attribute 21, 1
   6              		.eabi_attribute 23, 3
   7              		.eabi_attribute 24, 1
   8              		.eabi_attribute 25, 1
   9              		.eabi_attribute 26, 1
  10              		.eabi_attribute 30, 1
  11              		.eabi_attribute 34, 0
  12              		.eabi_attribute 18, 4
  13              		.thumb
  14              		.syntax unified
  15              		.file	"sysTickTimer.c"
  16              		.text
  17              	.Ltext0:
  18              		.cfi_sections	.debug_frame
  19              		.section	.text.sysTickTimer_Handler,"ax",%progbits
  20              		.align	2
  21              		.code	16
  22              		.thumb_func
  23              		.type	sysTickTimer_Handler, %function
  24              	sysTickTimer_Handler:
  25              	.LFB36:
  26              		.file 1 "sysTickTimer.c"
   1:sysTickTimer.c **** /** @file
   2:sysTickTimer.c ****  *  @brief Source file for timers utility
   3:sysTickTimer.c ****  */
   4:sysTickTimer.c **** #include "sysTickTimer.h"
   5:sysTickTimer.c **** #include "project.h"
   6:sysTickTimer.c **** #include "assert.h"
   7:sysTickTimer.c **** 
   8:sysTickTimer.c **** #define SYSTICK_CB_NUM 4
   9:sysTickTimer.c **** 
  10:sysTickTimer.c **** static volatile uint32_t counter = 0;
  11:sysTickTimer.c **** static bool isInit = false;
  12:sysTickTimer.c **** 
  13:sysTickTimer.c **** static void sysTickTimer_Handler(void);
  14:sysTickTimer.c **** 
  15:sysTickTimer.c **** void sysTickTimer_Init(void)
  16:sysTickTimer.c **** {
  17:sysTickTimer.c ****     counter = 0;
  18:sysTickTimer.c ****     CySysTickInit();
  19:sysTickTimer.c ****     CySysTickEnable();
  20:sysTickTimer.c ****     CySysTickSetCallback(SYSTICK_CB_NUM, sysTickTimer_Handler);
  21:sysTickTimer.c ****     isInit = true;
  22:sysTickTimer.c **** }
  23:sysTickTimer.c **** 
  24:sysTickTimer.c **** uint32_t sysTickTimer_GetTimeMs(void)
  25:sysTickTimer.c **** {
  26:sysTickTimer.c ****     ASSERT(isInit);
  27:sysTickTimer.c ****     return counter;
  28:sysTickTimer.c **** }
  29:sysTickTimer.c **** 
  30:sysTickTimer.c **** static void sysTickTimer_Handler(void)
  31:sysTickTimer.c **** {
ARM GAS  C:\Users\DMYTRO~1.FED\AppData\Local\Temp\cc4DeSkk.s 			page 2


  27              		.loc 1 31 0
  28              		.cfi_startproc
  29              		@ args = 0, pretend = 0, frame = 0
  30              		@ frame_needed = 0, uses_anonymous_args = 0
  31              		@ link register save eliminated.
  32:sysTickTimer.c ****       counter++;
  32              		.loc 1 32 0
  33 0000 024A     		ldr	r2, .L2
  34 0002 1368     		ldr	r3, [r2]
  35 0004 0133     		adds	r3, r3, #1
  36 0006 1360     		str	r3, [r2]
  33:sysTickTimer.c **** }...
  37              		.loc 1 33 0
  38              		@ sp needed
  39 0008 7047     		bx	lr
  40              	.L3:
  41 000a C046     		.align	2
  42              	.L2:
  43 000c 00000000 		.word	.LANCHOR0
  44              		.cfi_endproc
  45              	.LFE36:
  46              		.size	sysTickTimer_Handler, .-sysTickTimer_Handler
  47              		.section	.text.sysTickTimer_Init,"ax",%progbits
  48              		.align	2
  49              		.global	sysTickTimer_Init
  50              		.code	16
  51              		.thumb_func
  52              		.type	sysTickTimer_Init, %function
  53              	sysTickTimer_Init:
  54              	.LFB34:
  16:sysTickTimer.c **** {
  55              		.loc 1 16 0
  56              		.cfi_startproc
  57              		@ args = 0, pretend = 0, frame = 0
  58              		@ frame_needed = 0, uses_anonymous_args = 0
  59 0000 10B5     		push	{r4, lr}
  60              		.cfi_def_cfa_offset 8
  61              		.cfi_offset 4, -8
  62              		.cfi_offset 14, -4
  17:sysTickTimer.c ****     counter = 0;
  63              		.loc 1 17 0
  64 0002 074C     		ldr	r4, .L5
  65 0004 0023     		movs	r3, #0
  66 0006 2360     		str	r3, [r4]
  18:sysTickTimer.c ****     CySysTickInit();
  67              		.loc 1 18 0
  68 0008 FFF7FEFF 		bl	CySysTickInit
  69              	.LVL0:
  19:sysTickTimer.c ****     CySysTickEnable();
  70              		.loc 1 19 0
  71 000c FFF7FEFF 		bl	CySysTickEnable
  72              	.LVL1:
  20:sysTickTimer.c ****     CySysTickSetCallback(SYSTICK_CB_NUM, sysTickTimer_Handler);
  73              		.loc 1 20 0
  74 0010 0449     		ldr	r1, .L5+4
  75 0012 0420     		movs	r0, #4
  76 0014 FFF7FEFF 		bl	CySysTickSetCallback
ARM GAS  C:\Users\DMYTRO~1.FED\AppData\Local\Temp\cc4DeSkk.s 			page 3


  77              	.LVL2:
  21:sysTickTimer.c ****     isInit = true;
  78              		.loc 1 21 0
  79 0018 0123     		movs	r3, #1
  80 001a 2371     		strb	r3, [r4, #4]
  22:sysTickTimer.c **** }
  81              		.loc 1 22 0
  82              		@ sp needed
  83 001c 10BD     		pop	{r4, pc}
  84              	.L6:
  85 001e C046     		.align	2
  86              	.L5:
  87 0020 00000000 		.word	.LANCHOR0
  88 0024 00000000 		.word	sysTickTimer_Handler
  89              		.cfi_endproc
  90              	.LFE34:
  91              		.size	sysTickTimer_Init, .-sysTickTimer_Init
  92              		.section	.text.sysTickTimer_GetTimeMs,"ax",%progbits
  93              		.align	2
  94              		.global	sysTickTimer_GetTimeMs
  95              		.code	16
  96              		.thumb_func
  97              		.type	sysTickTimer_GetTimeMs, %function
  98              	sysTickTimer_GetTimeMs:
  99              	.LFB35:
  25:sysTickTimer.c **** {
 100              		.loc 1 25 0
 101              		.cfi_startproc
 102              		@ args = 0, pretend = 0, frame = 0
 103              		@ frame_needed = 0, uses_anonymous_args = 0
 104 0000 10B5     		push	{r4, lr}
 105              		.cfi_def_cfa_offset 8
 106              		.cfi_offset 4, -8
 107              		.cfi_offset 14, -4
  26:sysTickTimer.c ****     ASSERT(isInit);
 108              		.loc 1 26 0
 109 0002 064B     		ldr	r3, .L10
 110 0004 1B79     		ldrb	r3, [r3, #4]
 111 0006 002B     		cmp	r3, #0
 112 0008 05D1     		bne	.L8
  26:sysTickTimer.c ****     ASSERT(isInit);
 113              		.loc 1 26 0 is_stmt 0 discriminator 1
 114 000a 1A22     		movs	r2, #26
 115 000c 0449     		ldr	r1, .L10+4
 116 000e 0548     		ldr	r0, .L10+8
 117 0010 FFF7FEFF 		bl	uartPrintf
 118              	.LVL3:
 119              	.L9:
 120 0014 FEE7     		b	.L9
 121              	.L8:
  27:sysTickTimer.c ****     return counter;
 122              		.loc 1 27 0 is_stmt 1
 123 0016 014B     		ldr	r3, .L10
 124 0018 1868     		ldr	r0, [r3]
  28:sysTickTimer.c **** }
 125              		.loc 1 28 0
 126              		@ sp needed
ARM GAS  C:\Users\DMYTRO~1.FED\AppData\Local\Temp\cc4DeSkk.s 			page 4


 127 001a 10BD     		pop	{r4, pc}
 128              	.L11:
 129              		.align	2
 130              	.L10:
 131 001c 00000000 		.word	.LANCHOR0
 132 0020 00000000 		.word	.LC4
 133 0024 10000000 		.word	.LC6
 134              		.cfi_endproc
 135              	.LFE35:
 136              		.size	sysTickTimer_GetTimeMs, .-sysTickTimer_GetTimeMs
 137              		.section	.rodata.str1.4,"aMS",%progbits,1
 138              		.align	2
 139              	.LC4:
 140 0000 73797354 		.ascii	"sysTickTimer.c\000"
 140      69636B54 
 140      696D6572 
 140      2E6300
 141 000f 00       		.space	1
 142              	.LC6:
 143 0010 52756E74 		.ascii	"RuntimeError: Assert in file: %s line: %d\015\012\000"
 143      696D6545 
 143      72726F72 
 143      3A204173 
 143      73657274 
 144              		.bss
 145              		.align	2
 146              		.set	.LANCHOR0,. + 0
 147              		.type	counter, %object
 148              		.size	counter, 4
 149              	counter:
 150 0000 00000000 		.space	4
 151              		.type	isInit, %object
 152              		.size	isInit, 1
 153              	isInit:
 154 0004 00       		.space	1
 155              		.text
 156              	.Letext0:
 157              		.file 2 "c:\\program files (x86)\\cypress\\psoc creator\\4.2\\psoc creator\\import\\gnu\\arm\\5.4.
 158              		.file 3 "c:\\program files (x86)\\cypress\\psoc creator\\4.2\\psoc creator\\import\\gnu\\arm\\5.4.
 159              		.file 4 "Generated_Source\\PSoC4/CyLib.h"
 160              		.file 5 "uartPrint.h"
 161              		.section	.debug_info,"",%progbits
 162              	.Ldebug_info0:
 163 0000 88010000 		.4byte	0x188
 164 0004 0400     		.2byte	0x4
 165 0006 00000000 		.4byte	.Ldebug_abbrev0
 166 000a 04       		.byte	0x4
 167 000b 01       		.uleb128 0x1
 168 000c 06010000 		.4byte	.LASF23
 169 0010 0C       		.byte	0xc
 170 0011 A4010000 		.4byte	.LASF24
 171 0015 92000000 		.4byte	.LASF25
 172 0019 00000000 		.4byte	.Ldebug_ranges0+0
 173 001d 00000000 		.4byte	0
 174 0021 00000000 		.4byte	.Ldebug_line0
 175 0025 02       		.uleb128 0x2
 176 0026 01       		.byte	0x1
ARM GAS  C:\Users\DMYTRO~1.FED\AppData\Local\Temp\cc4DeSkk.s 			page 5


 177 0027 06       		.byte	0x6
 178 0028 FA010000 		.4byte	.LASF0
 179 002c 02       		.uleb128 0x2
 180 002d 01       		.byte	0x1
 181 002e 08       		.byte	0x8
 182 002f 2F000000 		.4byte	.LASF1
 183 0033 02       		.uleb128 0x2
 184 0034 02       		.byte	0x2
 185 0035 05       		.byte	0x5
 186 0036 28020000 		.4byte	.LASF2
 187 003a 02       		.uleb128 0x2
 188 003b 02       		.byte	0x2
 189 003c 07       		.byte	0x7
 190 003d E7010000 		.4byte	.LASF3
 191 0041 02       		.uleb128 0x2
 192 0042 04       		.byte	0x4
 193 0043 05       		.byte	0x5
 194 0044 B3010000 		.4byte	.LASF4
 195 0048 03       		.uleb128 0x3
 196 0049 D4010000 		.4byte	.LASF9
 197 004d 02       		.byte	0x2
 198 004e 41       		.byte	0x41
 199 004f 53000000 		.4byte	0x53
 200 0053 02       		.uleb128 0x2
 201 0054 04       		.byte	0x4
 202 0055 07       		.byte	0x7
 203 0056 69000000 		.4byte	.LASF5
 204 005a 02       		.uleb128 0x2
 205 005b 08       		.byte	0x8
 206 005c 05       		.byte	0x5
 207 005d 00000000 		.4byte	.LASF6
 208 0061 02       		.uleb128 0x2
 209 0062 08       		.byte	0x8
 210 0063 07       		.byte	0x7
 211 0064 7B000000 		.4byte	.LASF7
 212 0068 04       		.uleb128 0x4
 213 0069 04       		.byte	0x4
 214 006a 05       		.byte	0x5
 215 006b 696E7400 		.ascii	"int\000"
 216 006f 02       		.uleb128 0x2
 217 0070 04       		.byte	0x4
 218 0071 07       		.byte	0x7
 219 0072 0E000000 		.4byte	.LASF8
 220 0076 03       		.uleb128 0x3
 221 0077 26000000 		.4byte	.LASF10
 222 007b 03       		.byte	0x3
 223 007c 30       		.byte	0x30
 224 007d 48000000 		.4byte	0x48
 225 0081 02       		.uleb128 0x2
 226 0082 04       		.byte	0x4
 227 0083 04       		.byte	0x4
 228 0084 22020000 		.4byte	.LASF11
 229 0088 02       		.uleb128 0x2
 230 0089 08       		.byte	0x8
 231 008a 04       		.byte	0x4
 232 008b 98010000 		.4byte	.LASF12
 233 008f 02       		.uleb128 0x2
ARM GAS  C:\Users\DMYTRO~1.FED\AppData\Local\Temp\cc4DeSkk.s 			page 6


 234 0090 01       		.byte	0x1
 235 0091 08       		.byte	0x8
 236 0092 9F010000 		.4byte	.LASF13
 237 0096 02       		.uleb128 0x2
 238 0097 08       		.byte	0x8
 239 0098 04       		.byte	0x4
 240 0099 06020000 		.4byte	.LASF14
 241 009d 02       		.uleb128 0x2
 242 009e 04       		.byte	0x4
 243 009f 07       		.byte	0x7
 244 00a0 32020000 		.4byte	.LASF15
 245 00a4 05       		.uleb128 0x5
 246 00a5 76000000 		.4byte	0x76
 247 00a9 06       		.uleb128 0x6
 248 00aa DC000000 		.4byte	.LASF26
 249 00ae 01       		.byte	0x1
 250 00af 1E       		.byte	0x1e
 251 00b0 00000000 		.4byte	.LFB36
 252 00b4 10000000 		.4byte	.LFE36-.LFB36
 253 00b8 01       		.uleb128 0x1
 254 00b9 9C       		.byte	0x9c
 255 00ba 07       		.uleb128 0x7
 256 00bb BC010000 		.4byte	.LASF27
 257 00bf 01       		.byte	0x1
 258 00c0 0F       		.byte	0xf
 259 00c1 00000000 		.4byte	.LFB34
 260 00c5 28000000 		.4byte	.LFE34-.LFB34
 261 00c9 01       		.uleb128 0x1
 262 00ca 9C       		.byte	0x9c
 263 00cb FA000000 		.4byte	0xfa
 264 00cf 08       		.uleb128 0x8
 265 00d0 0C000000 		.4byte	.LVL0
 266 00d4 5E010000 		.4byte	0x15e
 267 00d8 08       		.uleb128 0x8
 268 00d9 10000000 		.4byte	.LVL1
 269 00dd 69010000 		.4byte	0x169
 270 00e1 09       		.uleb128 0x9
 271 00e2 18000000 		.4byte	.LVL2
 272 00e6 74010000 		.4byte	0x174
 273 00ea 0A       		.uleb128 0xa
 274 00eb 01       		.uleb128 0x1
 275 00ec 50       		.byte	0x50
 276 00ed 01       		.uleb128 0x1
 277 00ee 34       		.byte	0x34
 278 00ef 0A       		.uleb128 0xa
 279 00f0 01       		.uleb128 0x1
 280 00f1 51       		.byte	0x51
 281 00f2 05       		.uleb128 0x5
 282 00f3 03       		.byte	0x3
 283 00f4 00000000 		.4byte	sysTickTimer_Handler
 284 00f8 00       		.byte	0
 285 00f9 00       		.byte	0
 286 00fa 0B       		.uleb128 0xb
 287 00fb 52000000 		.4byte	.LASF28
 288 00ff 01       		.byte	0x1
 289 0100 18       		.byte	0x18
 290 0101 76000000 		.4byte	0x76
ARM GAS  C:\Users\DMYTRO~1.FED\AppData\Local\Temp\cc4DeSkk.s 			page 7


 291 0105 00000000 		.4byte	.LFB35
 292 0109 28000000 		.4byte	.LFE35-.LFB35
 293 010d 01       		.uleb128 0x1
 294 010e 9C       		.byte	0x9c
 295 010f 35010000 		.4byte	0x135
 296 0113 09       		.uleb128 0x9
 297 0114 14000000 		.4byte	.LVL3
 298 0118 80010000 		.4byte	0x180
 299 011c 0A       		.uleb128 0xa
 300 011d 01       		.uleb128 0x1
 301 011e 50       		.byte	0x50
 302 011f 05       		.uleb128 0x5
 303 0120 03       		.byte	0x3
 304 0121 10000000 		.4byte	.LC6
 305 0125 0A       		.uleb128 0xa
 306 0126 01       		.uleb128 0x1
 307 0127 51       		.byte	0x51
 308 0128 05       		.uleb128 0x5
 309 0129 03       		.byte	0x3
 310 012a 00000000 		.4byte	.LC4
 311 012e 0A       		.uleb128 0xa
 312 012f 01       		.uleb128 0x1
 313 0130 52       		.byte	0x52
 314 0131 01       		.uleb128 0x1
 315 0132 4A       		.byte	0x4a
 316 0133 00       		.byte	0
 317 0134 00       		.byte	0
 318 0135 0C       		.uleb128 0xc
 319 0136 DF010000 		.4byte	.LASF16
 320 013a 01       		.byte	0x1
 321 013b 0A       		.byte	0xa
 322 013c A4000000 		.4byte	0xa4
 323 0140 05       		.uleb128 0x5
 324 0141 03       		.byte	0x3
 325 0142 00000000 		.4byte	counter
 326 0146 0C       		.uleb128 0xc
 327 0147 F1000000 		.4byte	.LASF17
 328 014b 01       		.byte	0x1
 329 014c 0B       		.byte	0xb
 330 014d 57010000 		.4byte	0x157
 331 0151 05       		.uleb128 0x5
 332 0152 03       		.byte	0x3
 333 0153 04000000 		.4byte	isInit
 334 0157 02       		.uleb128 0x2
 335 0158 01       		.byte	0x1
 336 0159 02       		.byte	0x2
 337 015a CE010000 		.4byte	.LASF18
 338 015e 0D       		.uleb128 0xd
 339 015f F8000000 		.4byte	.LASF19
 340 0163 F8000000 		.4byte	.LASF19
 341 0167 04       		.byte	0x4
 342 0168 F8       		.byte	0xf8
 343 0169 0D       		.uleb128 0xd
 344 016a 12020000 		.4byte	.LASF20
 345 016e 12020000 		.4byte	.LASF20
 346 0172 04       		.byte	0x4
 347 0173 F9       		.byte	0xf9
ARM GAS  C:\Users\DMYTRO~1.FED\AppData\Local\Temp\cc4DeSkk.s 			page 8


 348 0174 0E       		.uleb128 0xe
 349 0175 3D000000 		.4byte	.LASF21
 350 0179 3D000000 		.4byte	.LASF21
 351 017d 04       		.byte	0x4
 352 017e 0001     		.2byte	0x100
 353 0180 0D       		.uleb128 0xd
 354 0181 1B000000 		.4byte	.LASF22
 355 0185 1B000000 		.4byte	.LASF22
 356 0189 05       		.byte	0x5
 357 018a 18       		.byte	0x18
 358 018b 00       		.byte	0
 359              		.section	.debug_abbrev,"",%progbits
 360              	.Ldebug_abbrev0:
 361 0000 01       		.uleb128 0x1
 362 0001 11       		.uleb128 0x11
 363 0002 01       		.byte	0x1
 364 0003 25       		.uleb128 0x25
 365 0004 0E       		.uleb128 0xe
 366 0005 13       		.uleb128 0x13
 367 0006 0B       		.uleb128 0xb
 368 0007 03       		.uleb128 0x3
 369 0008 0E       		.uleb128 0xe
 370 0009 1B       		.uleb128 0x1b
 371 000a 0E       		.uleb128 0xe
 372 000b 55       		.uleb128 0x55
 373 000c 17       		.uleb128 0x17
 374 000d 11       		.uleb128 0x11
 375 000e 01       		.uleb128 0x1
 376 000f 10       		.uleb128 0x10
 377 0010 17       		.uleb128 0x17
 378 0011 00       		.byte	0
 379 0012 00       		.byte	0
 380 0013 02       		.uleb128 0x2
 381 0014 24       		.uleb128 0x24
 382 0015 00       		.byte	0
 383 0016 0B       		.uleb128 0xb
 384 0017 0B       		.uleb128 0xb
 385 0018 3E       		.uleb128 0x3e
 386 0019 0B       		.uleb128 0xb
 387 001a 03       		.uleb128 0x3
 388 001b 0E       		.uleb128 0xe
 389 001c 00       		.byte	0
 390 001d 00       		.byte	0
 391 001e 03       		.uleb128 0x3
 392 001f 16       		.uleb128 0x16
 393 0020 00       		.byte	0
 394 0021 03       		.uleb128 0x3
 395 0022 0E       		.uleb128 0xe
 396 0023 3A       		.uleb128 0x3a
 397 0024 0B       		.uleb128 0xb
 398 0025 3B       		.uleb128 0x3b
 399 0026 0B       		.uleb128 0xb
 400 0027 49       		.uleb128 0x49
 401 0028 13       		.uleb128 0x13
 402 0029 00       		.byte	0
 403 002a 00       		.byte	0
 404 002b 04       		.uleb128 0x4
ARM GAS  C:\Users\DMYTRO~1.FED\AppData\Local\Temp\cc4DeSkk.s 			page 9


 405 002c 24       		.uleb128 0x24
 406 002d 00       		.byte	0
 407 002e 0B       		.uleb128 0xb
 408 002f 0B       		.uleb128 0xb
 409 0030 3E       		.uleb128 0x3e
 410 0031 0B       		.uleb128 0xb
 411 0032 03       		.uleb128 0x3
 412 0033 08       		.uleb128 0x8
 413 0034 00       		.byte	0
 414 0035 00       		.byte	0
 415 0036 05       		.uleb128 0x5
 416 0037 35       		.uleb128 0x35
 417 0038 00       		.byte	0
 418 0039 49       		.uleb128 0x49
 419 003a 13       		.uleb128 0x13
 420 003b 00       		.byte	0
 421 003c 00       		.byte	0
 422 003d 06       		.uleb128 0x6
 423 003e 2E       		.uleb128 0x2e
 424 003f 00       		.byte	0
 425 0040 03       		.uleb128 0x3
 426 0041 0E       		.uleb128 0xe
 427 0042 3A       		.uleb128 0x3a
 428 0043 0B       		.uleb128 0xb
 429 0044 3B       		.uleb128 0x3b
 430 0045 0B       		.uleb128 0xb
 431 0046 27       		.uleb128 0x27
 432 0047 19       		.uleb128 0x19
 433 0048 11       		.uleb128 0x11
 434 0049 01       		.uleb128 0x1
 435 004a 12       		.uleb128 0x12
 436 004b 06       		.uleb128 0x6
 437 004c 40       		.uleb128 0x40
 438 004d 18       		.uleb128 0x18
 439 004e 9742     		.uleb128 0x2117
 440 0050 19       		.uleb128 0x19
 441 0051 00       		.byte	0
 442 0052 00       		.byte	0
 443 0053 07       		.uleb128 0x7
 444 0054 2E       		.uleb128 0x2e
 445 0055 01       		.byte	0x1
 446 0056 3F       		.uleb128 0x3f
 447 0057 19       		.uleb128 0x19
 448 0058 03       		.uleb128 0x3
 449 0059 0E       		.uleb128 0xe
 450 005a 3A       		.uleb128 0x3a
 451 005b 0B       		.uleb128 0xb
 452 005c 3B       		.uleb128 0x3b
 453 005d 0B       		.uleb128 0xb
 454 005e 27       		.uleb128 0x27
 455 005f 19       		.uleb128 0x19
 456 0060 11       		.uleb128 0x11
 457 0061 01       		.uleb128 0x1
 458 0062 12       		.uleb128 0x12
 459 0063 06       		.uleb128 0x6
 460 0064 40       		.uleb128 0x40
 461 0065 18       		.uleb128 0x18
ARM GAS  C:\Users\DMYTRO~1.FED\AppData\Local\Temp\cc4DeSkk.s 			page 10


 462 0066 9742     		.uleb128 0x2117
 463 0068 19       		.uleb128 0x19
 464 0069 01       		.uleb128 0x1
 465 006a 13       		.uleb128 0x13
 466 006b 00       		.byte	0
 467 006c 00       		.byte	0
 468 006d 08       		.uleb128 0x8
 469 006e 898201   		.uleb128 0x4109
 470 0071 00       		.byte	0
 471 0072 11       		.uleb128 0x11
 472 0073 01       		.uleb128 0x1
 473 0074 31       		.uleb128 0x31
 474 0075 13       		.uleb128 0x13
 475 0076 00       		.byte	0
 476 0077 00       		.byte	0
 477 0078 09       		.uleb128 0x9
 478 0079 898201   		.uleb128 0x4109
 479 007c 01       		.byte	0x1
 480 007d 11       		.uleb128 0x11
 481 007e 01       		.uleb128 0x1
 482 007f 31       		.uleb128 0x31
 483 0080 13       		.uleb128 0x13
 484 0081 00       		.byte	0
 485 0082 00       		.byte	0
 486 0083 0A       		.uleb128 0xa
 487 0084 8A8201   		.uleb128 0x410a
 488 0087 00       		.byte	0
 489 0088 02       		.uleb128 0x2
 490 0089 18       		.uleb128 0x18
 491 008a 9142     		.uleb128 0x2111
 492 008c 18       		.uleb128 0x18
 493 008d 00       		.byte	0
 494 008e 00       		.byte	0
 495 008f 0B       		.uleb128 0xb
 496 0090 2E       		.uleb128 0x2e
 497 0091 01       		.byte	0x1
 498 0092 3F       		.uleb128 0x3f
 499 0093 19       		.uleb128 0x19
 500 0094 03       		.uleb128 0x3
 501 0095 0E       		.uleb128 0xe
 502 0096 3A       		.uleb128 0x3a
 503 0097 0B       		.uleb128 0xb
 504 0098 3B       		.uleb128 0x3b
 505 0099 0B       		.uleb128 0xb
 506 009a 27       		.uleb128 0x27
 507 009b 19       		.uleb128 0x19
 508 009c 49       		.uleb128 0x49
 509 009d 13       		.uleb128 0x13
 510 009e 11       		.uleb128 0x11
 511 009f 01       		.uleb128 0x1
 512 00a0 12       		.uleb128 0x12
 513 00a1 06       		.uleb128 0x6
 514 00a2 40       		.uleb128 0x40
 515 00a3 18       		.uleb128 0x18
 516 00a4 9742     		.uleb128 0x2117
 517 00a6 19       		.uleb128 0x19
 518 00a7 01       		.uleb128 0x1
ARM GAS  C:\Users\DMYTRO~1.FED\AppData\Local\Temp\cc4DeSkk.s 			page 11


 519 00a8 13       		.uleb128 0x13
 520 00a9 00       		.byte	0
 521 00aa 00       		.byte	0
 522 00ab 0C       		.uleb128 0xc
 523 00ac 34       		.uleb128 0x34
 524 00ad 00       		.byte	0
 525 00ae 03       		.uleb128 0x3
 526 00af 0E       		.uleb128 0xe
 527 00b0 3A       		.uleb128 0x3a
 528 00b1 0B       		.uleb128 0xb
 529 00b2 3B       		.uleb128 0x3b
 530 00b3 0B       		.uleb128 0xb
 531 00b4 49       		.uleb128 0x49
 532 00b5 13       		.uleb128 0x13
 533 00b6 02       		.uleb128 0x2
 534 00b7 18       		.uleb128 0x18
 535 00b8 00       		.byte	0
 536 00b9 00       		.byte	0
 537 00ba 0D       		.uleb128 0xd
 538 00bb 2E       		.uleb128 0x2e
 539 00bc 00       		.byte	0
 540 00bd 3F       		.uleb128 0x3f
 541 00be 19       		.uleb128 0x19
 542 00bf 3C       		.uleb128 0x3c
 543 00c0 19       		.uleb128 0x19
 544 00c1 6E       		.uleb128 0x6e
 545 00c2 0E       		.uleb128 0xe
 546 00c3 03       		.uleb128 0x3
 547 00c4 0E       		.uleb128 0xe
 548 00c5 3A       		.uleb128 0x3a
 549 00c6 0B       		.uleb128 0xb
 550 00c7 3B       		.uleb128 0x3b
 551 00c8 0B       		.uleb128 0xb
 552 00c9 00       		.byte	0
 553 00ca 00       		.byte	0
 554 00cb 0E       		.uleb128 0xe
 555 00cc 2E       		.uleb128 0x2e
 556 00cd 00       		.byte	0
 557 00ce 3F       		.uleb128 0x3f
 558 00cf 19       		.uleb128 0x19
 559 00d0 3C       		.uleb128 0x3c
 560 00d1 19       		.uleb128 0x19
 561 00d2 6E       		.uleb128 0x6e
 562 00d3 0E       		.uleb128 0xe
 563 00d4 03       		.uleb128 0x3
 564 00d5 0E       		.uleb128 0xe
 565 00d6 3A       		.uleb128 0x3a
 566 00d7 0B       		.uleb128 0xb
 567 00d8 3B       		.uleb128 0x3b
 568 00d9 05       		.uleb128 0x5
 569 00da 00       		.byte	0
 570 00db 00       		.byte	0
 571 00dc 00       		.byte	0
 572              		.section	.debug_aranges,"",%progbits
 573 0000 2C000000 		.4byte	0x2c
 574 0004 0200     		.2byte	0x2
 575 0006 00000000 		.4byte	.Ldebug_info0
ARM GAS  C:\Users\DMYTRO~1.FED\AppData\Local\Temp\cc4DeSkk.s 			page 12


 576 000a 04       		.byte	0x4
 577 000b 00       		.byte	0
 578 000c 0000     		.2byte	0
 579 000e 0000     		.2byte	0
 580 0010 00000000 		.4byte	.LFB36
 581 0014 10000000 		.4byte	.LFE36-.LFB36
 582 0018 00000000 		.4byte	.LFB34
 583 001c 28000000 		.4byte	.LFE34-.LFB34
 584 0020 00000000 		.4byte	.LFB35
 585 0024 28000000 		.4byte	.LFE35-.LFB35
 586 0028 00000000 		.4byte	0
 587 002c 00000000 		.4byte	0
 588              		.section	.debug_ranges,"",%progbits
 589              	.Ldebug_ranges0:
 590 0000 00000000 		.4byte	.LFB36
 591 0004 10000000 		.4byte	.LFE36
 592 0008 00000000 		.4byte	.LFB34
 593 000c 28000000 		.4byte	.LFE34
 594 0010 00000000 		.4byte	.LFB35
 595 0014 28000000 		.4byte	.LFE35
 596 0018 00000000 		.4byte	0
 597 001c 00000000 		.4byte	0
 598              		.section	.debug_line,"",%progbits
 599              	.Ldebug_line0:
 600 0000 98010000 		.section	.debug_str,"MS",%progbits,1
 600      02005301 
 600      00000201 
 600      FB0E0D00 
 600      01010101 
 601              	.LASF6:
 602 0000 6C6F6E67 		.ascii	"long long int\000"
 602      206C6F6E 
 602      6720696E 
 602      7400
 603              	.LASF8:
 604 000e 756E7369 		.ascii	"unsigned int\000"
 604      676E6564 
 604      20696E74 
 604      00
 605              	.LASF22:
 606 001b 75617274 		.ascii	"uartPrintf\000"
 606      5072696E 
 606      746600
 607              	.LASF10:
 608 0026 75696E74 		.ascii	"uint32_t\000"
 608      33325F74 
 608      00
 609              	.LASF1:
 610 002f 756E7369 		.ascii	"unsigned char\000"
 610      676E6564 
 610      20636861 
 610      7200
 611              	.LASF21:
 612 003d 43795379 		.ascii	"CySysTickSetCallback\000"
 612      73546963 
 612      6B536574 
 612      43616C6C 
ARM GAS  C:\Users\DMYTRO~1.FED\AppData\Local\Temp\cc4DeSkk.s 			page 13


 612      6261636B 
 613              	.LASF28:
 614 0052 73797354 		.ascii	"sysTickTimer_GetTimeMs\000"
 614      69636B54 
 614      696D6572 
 614      5F476574 
 614      54696D65 
 615              	.LASF5:
 616 0069 6C6F6E67 		.ascii	"long unsigned int\000"
 616      20756E73 
 616      69676E65 
 616      6420696E 
 616      7400
 617              	.LASF7:
 618 007b 6C6F6E67 		.ascii	"long long unsigned int\000"
 618      206C6F6E 
 618      6720756E 
 618      7369676E 
 618      65642069 
 619              	.LASF25:
 620 0092 433A5C55 		.ascii	"C:\\Users\\dmytro.fedorchenko\\Documents\\PSoC Crea"
 620      73657273 
 620      5C646D79 
 620      74726F2E 
 620      6665646F 
 621 00c1 746F725C 		.ascii	"tor\\PWM01\\midiPlayer.cydsn\000"
 621      50574D30 
 621      315C6D69 
 621      6469506C 
 621      61796572 
 622              	.LASF26:
 623 00dc 73797354 		.ascii	"sysTickTimer_Handler\000"
 623      69636B54 
 623      696D6572 
 623      5F48616E 
 623      646C6572 
 624              	.LASF17:
 625 00f1 6973496E 		.ascii	"isInit\000"
 625      697400
 626              	.LASF19:
 627 00f8 43795379 		.ascii	"CySysTickInit\000"
 627      73546963 
 627      6B496E69 
 627      7400
 628              	.LASF23:
 629 0106 474E5520 		.ascii	"GNU C11 5.4.1 20160609 (release) [ARM/embedded-5-br"
 629      43313120 
 629      352E342E 
 629      31203230 
 629      31363036 
 630 0139 616E6368 		.ascii	"anch revision 237715] -mcpu=cortex-m0plus -mthumb -"
 630      20726576 
 630      6973696F 
 630      6E203233 
 630      37373135 
 631 016c 67202D4F 		.ascii	"g -Og -ffunction-sections -ffat-lto-objects\000"
 631      67202D66 
ARM GAS  C:\Users\DMYTRO~1.FED\AppData\Local\Temp\cc4DeSkk.s 			page 14


 631      66756E63 
 631      74696F6E 
 631      2D736563 
 632              	.LASF12:
 633 0198 646F7562 		.ascii	"double\000"
 633      6C6500
 634              	.LASF13:
 635 019f 63686172 		.ascii	"char\000"
 635      00
 636              	.LASF24:
 637 01a4 73797354 		.ascii	"sysTickTimer.c\000"
 637      69636B54 
 637      696D6572 
 637      2E6300
 638              	.LASF4:
 639 01b3 6C6F6E67 		.ascii	"long int\000"
 639      20696E74 
 639      00
 640              	.LASF27:
 641 01bc 73797354 		.ascii	"sysTickTimer_Init\000"
 641      69636B54 
 641      696D6572 
 641      5F496E69 
 641      7400
 642              	.LASF18:
 643 01ce 5F426F6F 		.ascii	"_Bool\000"
 643      6C00
 644              	.LASF9:
 645 01d4 5F5F7569 		.ascii	"__uint32_t\000"
 645      6E743332 
 645      5F7400
 646              	.LASF16:
 647 01df 636F756E 		.ascii	"counter\000"
 647      74657200 
 648              	.LASF3:
 649 01e7 73686F72 		.ascii	"short unsigned int\000"
 649      7420756E 
 649      7369676E 
 649      65642069 
 649      6E7400
 650              	.LASF0:
 651 01fa 7369676E 		.ascii	"signed char\000"
 651      65642063 
 651      68617200 
 652              	.LASF14:
 653 0206 6C6F6E67 		.ascii	"long double\000"
 653      20646F75 
 653      626C6500 
 654              	.LASF20:
 655 0212 43795379 		.ascii	"CySysTickEnable\000"
 655      73546963 
 655      6B456E61 
 655      626C6500 
 656              	.LASF11:
 657 0222 666C6F61 		.ascii	"float\000"
 657      7400
 658              	.LASF2:
ARM GAS  C:\Users\DMYTRO~1.FED\AppData\Local\Temp\cc4DeSkk.s 			page 15


 659 0228 73686F72 		.ascii	"short int\000"
 659      7420696E 
 659      7400
 660              	.LASF15:
 661 0232 73697A65 		.ascii	"sizetype\000"
 661      74797065 
 661      00
 662              		.ident	"GCC: (GNU Tools for ARM Embedded Processors) 5.4.1 20160609 (release) [ARM/embedded-5-bran
