ARM GAS  C:\Users\DMYTRO~1.FED\AppData\Local\Temp\ccNBQt4Z.s 			page 1


   1              		.syntax unified
   2              		.cpu cortex-m0plus
   3              		.fpu softvfp
   4              		.eabi_attribute 20, 1
   5              		.eabi_attribute 21, 1
   6              		.eabi_attribute 23, 3
   7              		.eabi_attribute 24, 1
   8              		.eabi_attribute 25, 1
   9              		.eabi_attribute 26, 1
  10              		.eabi_attribute 30, 1
  11              		.eabi_attribute 34, 0
  12              		.eabi_attribute 18, 4
  13              		.thumb
  14              		.syntax unified
  15              		.file	"uartPrint.c"
  16              		.text
  17              	.Ltext0:
  18              		.cfi_sections	.debug_frame
  19              		.section	.text.uartPrintf,"ax",%progbits
  20              		.align	2
  21              		.global	uartPrintf
  22              		.code	16
  23              		.thumb_func
  24              		.type	uartPrintf, %function
  25              	uartPrintf:
  26              	.LFB34:
  27              		.file 1 "uartPrint.c"
   1:uartPrint.c   **** /** @file
   2:uartPrint.c   ****  *  @brief Source file for debug prints
   3:uartPrint.c   ****  */
   4:uartPrint.c   **** #include <project.h>
   5:uartPrint.c   **** #include <stdbool.h>
   6:uartPrint.c   **** #include <stdarg.h>
   7:uartPrint.c   **** #include <stdio.h>
   8:uartPrint.c   **** #include <string.h>
   9:uartPrint.c   **** #include "uartPrint.h"
  10:uartPrint.c   **** 
  11:uartPrint.c   **** static char buff[MAX_PRINT_BUFF_SIZE];
  12:uartPrint.c   **** 
  13:uartPrint.c   **** void uartPrintf(const char * sFormat, ...)
  14:uartPrint.c   **** {
  28              		.loc 1 14 0
  29              		.cfi_startproc
  30              		@ args = 4, pretend = 16, frame = 8
  31              		@ frame_needed = 0, uses_anonymous_args = 1
  32              	.LVL0:
  33 0000 0FB4     		push	{r0, r1, r2, r3}
  34              		.cfi_def_cfa_offset 16
  35 0002 10B5     		push	{r4, lr}
  36              		.cfi_def_cfa_offset 24
  37              		.cfi_offset 4, -24
  38              		.cfi_offset 14, -20
  39 0004 82B0     		sub	sp, sp, #8
  40              		.cfi_def_cfa_offset 32
  41 0006 04AB     		add	r3, sp, #16
  42 0008 04CB     		ldmia	r3!, {r2}
  15:uartPrint.c   ****     va_list ParamList;
ARM GAS  C:\Users\DMYTRO~1.FED\AppData\Local\Temp\ccNBQt4Z.s 			page 2


  16:uartPrint.c   **** 
  17:uartPrint.c   **** 	va_start(ParamList, sFormat);
  43              		.loc 1 17 0
  44 000a 0193     		str	r3, [sp, #4]
  18:uartPrint.c   ****     vsnprintf(buff, sizeof(buff), sFormat, ParamList);
  45              		.loc 1 18 0
  46 000c 064C     		ldr	r4, .L2
  47 000e 6421     		movs	r1, #100
  48 0010 2000     		movs	r0, r4
  49 0012 FFF7FEFF 		bl	vsnprintf
  50              	.LVL1:
  19:uartPrint.c   **** 	va_end(ParamList);
  20:uartPrint.c   ****     UART_UartPutString(buff);
  51              		.loc 1 20 0
  52 0016 2000     		movs	r0, r4
  53 0018 FFF7FEFF 		bl	UART_UartPutString
  54              	.LVL2:
  21:uartPrint.c   **** }
  55              		.loc 1 21 0
  56 001c 02B0     		add	sp, sp, #8
  57              		@ sp needed
  58 001e 10BC     		pop	{r4}
  59 0020 08BC     		pop	{r3}
  60 0022 04B0     		add	sp, sp, #16
  61 0024 1847     		bx	r3
  62              	.L3:
  63 0026 C046     		.align	2
  64              	.L2:
  65 0028 00000000 		.word	.LANCHOR0
  66              		.cfi_endproc
  67              	.LFE34:
  68              		.size	uartPrintf, .-uartPrintf
  69              		.bss
  70              		.align	2
  71              		.set	.LANCHOR0,. + 0
  72              		.type	buff, %object
  73              		.size	buff, 100
  74              	buff:
  75 0000 00000000 		.space	100
  75      00000000 
  75      00000000 
  75      00000000 
  75      00000000 
  76              		.text
  77              	.Letext0:
  78              		.file 2 "c:\\program files (x86)\\cypress\\psoc creator\\4.2\\psoc creator\\import\\gnu\\arm\\5.4.
  79              		.file 3 "c:\\program files (x86)\\cypress\\psoc creator\\4.2\\psoc creator\\import\\gnu\\arm\\5.4.
  80              		.file 4 "Generated_Source\\PSoC4/UART_SPI_UART.h"
  81              		.file 5 "<built-in>"
  82              		.section	.debug_info,"",%progbits
  83              	.Ldebug_info0:
  84 0000 67010000 		.4byte	0x167
  85 0004 0400     		.2byte	0x4
  86 0006 00000000 		.4byte	.Ldebug_abbrev0
  87 000a 04       		.byte	0x4
  88 000b 01       		.uleb128 0x1
  89 000c C5000000 		.4byte	.LASF20
ARM GAS  C:\Users\DMYTRO~1.FED\AppData\Local\Temp\ccNBQt4Z.s 			page 3


  90 0010 0C       		.byte	0xc
  91 0011 B9000000 		.4byte	.LASF21
  92 0015 6F000000 		.4byte	.LASF22
  93 0019 00000000 		.4byte	.Ldebug_ranges0+0
  94 001d 00000000 		.4byte	0
  95 0021 00000000 		.4byte	.Ldebug_line0
  96 0025 02       		.uleb128 0x2
  97 0026 01       		.byte	0x1
  98 0027 06       		.byte	0x6
  99 0028 9B010000 		.4byte	.LASF0
 100 002c 02       		.uleb128 0x2
 101 002d 01       		.byte	0x1
 102 002e 08       		.byte	0x8
 103 002f 26000000 		.4byte	.LASF1
 104 0033 02       		.uleb128 0x2
 105 0034 02       		.byte	0x2
 106 0035 05       		.byte	0x5
 107 0036 C8010000 		.4byte	.LASF2
 108 003a 02       		.uleb128 0x2
 109 003b 02       		.byte	0x2
 110 003c 07       		.byte	0x7
 111 003d 88010000 		.4byte	.LASF3
 112 0041 02       		.uleb128 0x2
 113 0042 04       		.byte	0x4
 114 0043 05       		.byte	0x5
 115 0044 66010000 		.4byte	.LASF4
 116 0048 02       		.uleb128 0x2
 117 0049 04       		.byte	0x4
 118 004a 07       		.byte	0x7
 119 004b 46000000 		.4byte	.LASF5
 120 004f 02       		.uleb128 0x2
 121 0050 08       		.byte	0x8
 122 0051 05       		.byte	0x5
 123 0052 00000000 		.4byte	.LASF6
 124 0056 02       		.uleb128 0x2
 125 0057 08       		.byte	0x8
 126 0058 07       		.byte	0x7
 127 0059 58000000 		.4byte	.LASF7
 128 005d 03       		.uleb128 0x3
 129 005e 04       		.byte	0x4
 130 005f 05       		.byte	0x5
 131 0060 696E7400 		.ascii	"int\000"
 132 0064 02       		.uleb128 0x2
 133 0065 04       		.byte	0x4
 134 0066 07       		.byte	0x7
 135 0067 0E000000 		.4byte	.LASF8
 136 006b 02       		.uleb128 0x2
 137 006c 04       		.byte	0x4
 138 006d 04       		.byte	0x4
 139 006e C2010000 		.4byte	.LASF9
 140 0072 02       		.uleb128 0x2
 141 0073 08       		.byte	0x8
 142 0074 04       		.byte	0x4
 143 0075 81010000 		.4byte	.LASF10
 144 0079 02       		.uleb128 0x2
 145 007a 01       		.byte	0x1
 146 007b 08       		.byte	0x8
ARM GAS  C:\Users\DMYTRO~1.FED\AppData\Local\Temp\ccNBQt4Z.s 			page 4


 147 007c 61010000 		.4byte	.LASF11
 148 0080 02       		.uleb128 0x2
 149 0081 08       		.byte	0x8
 150 0082 04       		.byte	0x4
 151 0083 A7010000 		.4byte	.LASF12
 152 0087 02       		.uleb128 0x2
 153 0088 04       		.byte	0x4
 154 0089 07       		.byte	0x7
 155 008a EA010000 		.4byte	.LASF13
 156 008e 04       		.uleb128 0x4
 157 008f 04       		.byte	0x4
 158 0090 05       		.uleb128 0x5
 159 0091 04       		.byte	0x4
 160 0092 96000000 		.4byte	0x96
 161 0096 06       		.uleb128 0x6
 162 0097 79000000 		.4byte	0x79
 163 009b 07       		.uleb128 0x7
 164 009c B3010000 		.4byte	.LASF14
 165 00a0 02       		.byte	0x2
 166 00a1 28       		.byte	0x28
 167 00a2 A6000000 		.4byte	0xa6
 168 00a6 08       		.uleb128 0x8
 169 00a7 57010000 		.4byte	.LASF23
 170 00ab 04       		.byte	0x4
 171 00ac 05       		.byte	0x5
 172 00ad 00       		.byte	0
 173 00ae BD000000 		.4byte	0xbd
 174 00b2 09       		.uleb128 0x9
 175 00b3 F3010000 		.4byte	.LASF24
 176 00b7 8E000000 		.4byte	0x8e
 177 00bb 00       		.byte	0
 178 00bc 00       		.byte	0
 179 00bd 07       		.uleb128 0x7
 180 00be 79010000 		.4byte	.LASF15
 181 00c2 02       		.byte	0x2
 182 00c3 62       		.byte	0x62
 183 00c4 9B000000 		.4byte	0x9b
 184 00c8 0A       		.uleb128 0xa
 185 00c9 1B000000 		.4byte	.LASF25
 186 00cd 01       		.byte	0x1
 187 00ce 0D       		.byte	0xd
 188 00cf 00000000 		.4byte	.LFB34
 189 00d3 2C000000 		.4byte	.LFE34-.LFB34
 190 00d7 01       		.uleb128 0x1
 191 00d8 9C       		.byte	0x9c
 192 00d9 32010000 		.4byte	0x132
 193 00dd 0B       		.uleb128 0xb
 194 00de 3E000000 		.4byte	.LASF26
 195 00e2 01       		.byte	0x1
 196 00e3 0D       		.byte	0xd
 197 00e4 90000000 		.4byte	0x90
 198 00e8 02       		.uleb128 0x2
 199 00e9 91       		.byte	0x91
 200 00ea 70       		.sleb128 -16
 201 00eb 0C       		.uleb128 0xc
 202 00ec 0D       		.uleb128 0xd
 203 00ed 6F010000 		.4byte	.LASF16
ARM GAS  C:\Users\DMYTRO~1.FED\AppData\Local\Temp\ccNBQt4Z.s 			page 5


 204 00f1 01       		.byte	0x1
 205 00f2 0F       		.byte	0xf
 206 00f3 BD000000 		.4byte	0xbd
 207 00f7 02       		.uleb128 0x2
 208 00f8 91       		.byte	0x91
 209 00f9 64       		.sleb128 -28
 210 00fa 0E       		.uleb128 0xe
 211 00fb 16000000 		.4byte	.LVL1
 212 00ff 53010000 		.4byte	0x153
 213 0103 21010000 		.4byte	0x121
 214 0107 0F       		.uleb128 0xf
 215 0108 01       		.uleb128 0x1
 216 0109 50       		.byte	0x50
 217 010a 02       		.uleb128 0x2
 218 010b 74       		.byte	0x74
 219 010c 00       		.sleb128 0
 220 010d 0F       		.uleb128 0xf
 221 010e 01       		.uleb128 0x1
 222 010f 51       		.byte	0x51
 223 0110 02       		.uleb128 0x2
 224 0111 08       		.byte	0x8
 225 0112 64       		.byte	0x64
 226 0113 0F       		.uleb128 0xf
 227 0114 01       		.uleb128 0x1
 228 0115 52       		.byte	0x52
 229 0116 03       		.uleb128 0x3
 230 0117 91       		.byte	0x91
 231 0118 50       		.sleb128 -48
 232 0119 06       		.byte	0x6
 233 011a 0F       		.uleb128 0xf
 234 011b 01       		.uleb128 0x1
 235 011c 53       		.byte	0x53
 236 011d 02       		.uleb128 0x2
 237 011e 91       		.byte	0x91
 238 011f 54       		.sleb128 -44
 239 0120 00       		.byte	0
 240 0121 10       		.uleb128 0x10
 241 0122 1C000000 		.4byte	.LVL2
 242 0126 5E010000 		.4byte	0x15e
 243 012a 0F       		.uleb128 0xf
 244 012b 01       		.uleb128 0x1
 245 012c 50       		.byte	0x50
 246 012d 02       		.uleb128 0x2
 247 012e 74       		.byte	0x74
 248 012f 00       		.sleb128 0
 249 0130 00       		.byte	0
 250 0131 00       		.byte	0
 251 0132 11       		.uleb128 0x11
 252 0133 79000000 		.4byte	0x79
 253 0137 42010000 		.4byte	0x142
 254 013b 12       		.uleb128 0x12
 255 013c 87000000 		.4byte	0x87
 256 0140 63       		.byte	0x63
 257 0141 00       		.byte	0
 258 0142 0D       		.uleb128 0xd
 259 0143 E5010000 		.4byte	.LASF17
 260 0147 01       		.byte	0x1
ARM GAS  C:\Users\DMYTRO~1.FED\AppData\Local\Temp\ccNBQt4Z.s 			page 6


 261 0148 0B       		.byte	0xb
 262 0149 32010000 		.4byte	0x132
 263 014d 05       		.uleb128 0x5
 264 014e 03       		.byte	0x3
 265 014f 00000000 		.4byte	buff
 266 0153 13       		.uleb128 0x13
 267 0154 34000000 		.4byte	.LASF18
 268 0158 34000000 		.4byte	.LASF18
 269 015c 03       		.byte	0x3
 270 015d FF       		.byte	0xff
 271 015e 14       		.uleb128 0x14
 272 015f D2010000 		.4byte	.LASF19
 273 0163 D2010000 		.4byte	.LASF19
 274 0167 04       		.byte	0x4
 275 0168 2A03     		.2byte	0x32a
 276 016a 00       		.byte	0
 277              		.section	.debug_abbrev,"",%progbits
 278              	.Ldebug_abbrev0:
 279 0000 01       		.uleb128 0x1
 280 0001 11       		.uleb128 0x11
 281 0002 01       		.byte	0x1
 282 0003 25       		.uleb128 0x25
 283 0004 0E       		.uleb128 0xe
 284 0005 13       		.uleb128 0x13
 285 0006 0B       		.uleb128 0xb
 286 0007 03       		.uleb128 0x3
 287 0008 0E       		.uleb128 0xe
 288 0009 1B       		.uleb128 0x1b
 289 000a 0E       		.uleb128 0xe
 290 000b 55       		.uleb128 0x55
 291 000c 17       		.uleb128 0x17
 292 000d 11       		.uleb128 0x11
 293 000e 01       		.uleb128 0x1
 294 000f 10       		.uleb128 0x10
 295 0010 17       		.uleb128 0x17
 296 0011 00       		.byte	0
 297 0012 00       		.byte	0
 298 0013 02       		.uleb128 0x2
 299 0014 24       		.uleb128 0x24
 300 0015 00       		.byte	0
 301 0016 0B       		.uleb128 0xb
 302 0017 0B       		.uleb128 0xb
 303 0018 3E       		.uleb128 0x3e
 304 0019 0B       		.uleb128 0xb
 305 001a 03       		.uleb128 0x3
 306 001b 0E       		.uleb128 0xe
 307 001c 00       		.byte	0
 308 001d 00       		.byte	0
 309 001e 03       		.uleb128 0x3
 310 001f 24       		.uleb128 0x24
 311 0020 00       		.byte	0
 312 0021 0B       		.uleb128 0xb
 313 0022 0B       		.uleb128 0xb
 314 0023 3E       		.uleb128 0x3e
 315 0024 0B       		.uleb128 0xb
 316 0025 03       		.uleb128 0x3
 317 0026 08       		.uleb128 0x8
ARM GAS  C:\Users\DMYTRO~1.FED\AppData\Local\Temp\ccNBQt4Z.s 			page 7


 318 0027 00       		.byte	0
 319 0028 00       		.byte	0
 320 0029 04       		.uleb128 0x4
 321 002a 0F       		.uleb128 0xf
 322 002b 00       		.byte	0
 323 002c 0B       		.uleb128 0xb
 324 002d 0B       		.uleb128 0xb
 325 002e 00       		.byte	0
 326 002f 00       		.byte	0
 327 0030 05       		.uleb128 0x5
 328 0031 0F       		.uleb128 0xf
 329 0032 00       		.byte	0
 330 0033 0B       		.uleb128 0xb
 331 0034 0B       		.uleb128 0xb
 332 0035 49       		.uleb128 0x49
 333 0036 13       		.uleb128 0x13
 334 0037 00       		.byte	0
 335 0038 00       		.byte	0
 336 0039 06       		.uleb128 0x6
 337 003a 26       		.uleb128 0x26
 338 003b 00       		.byte	0
 339 003c 49       		.uleb128 0x49
 340 003d 13       		.uleb128 0x13
 341 003e 00       		.byte	0
 342 003f 00       		.byte	0
 343 0040 07       		.uleb128 0x7
 344 0041 16       		.uleb128 0x16
 345 0042 00       		.byte	0
 346 0043 03       		.uleb128 0x3
 347 0044 0E       		.uleb128 0xe
 348 0045 3A       		.uleb128 0x3a
 349 0046 0B       		.uleb128 0xb
 350 0047 3B       		.uleb128 0x3b
 351 0048 0B       		.uleb128 0xb
 352 0049 49       		.uleb128 0x49
 353 004a 13       		.uleb128 0x13
 354 004b 00       		.byte	0
 355 004c 00       		.byte	0
 356 004d 08       		.uleb128 0x8
 357 004e 13       		.uleb128 0x13
 358 004f 01       		.byte	0x1
 359 0050 03       		.uleb128 0x3
 360 0051 0E       		.uleb128 0xe
 361 0052 0B       		.uleb128 0xb
 362 0053 0B       		.uleb128 0xb
 363 0054 3A       		.uleb128 0x3a
 364 0055 0B       		.uleb128 0xb
 365 0056 3B       		.uleb128 0x3b
 366 0057 0B       		.uleb128 0xb
 367 0058 01       		.uleb128 0x1
 368 0059 13       		.uleb128 0x13
 369 005a 00       		.byte	0
 370 005b 00       		.byte	0
 371 005c 09       		.uleb128 0x9
 372 005d 0D       		.uleb128 0xd
 373 005e 00       		.byte	0
 374 005f 03       		.uleb128 0x3
ARM GAS  C:\Users\DMYTRO~1.FED\AppData\Local\Temp\ccNBQt4Z.s 			page 8


 375 0060 0E       		.uleb128 0xe
 376 0061 49       		.uleb128 0x49
 377 0062 13       		.uleb128 0x13
 378 0063 38       		.uleb128 0x38
 379 0064 0B       		.uleb128 0xb
 380 0065 34       		.uleb128 0x34
 381 0066 19       		.uleb128 0x19
 382 0067 00       		.byte	0
 383 0068 00       		.byte	0
 384 0069 0A       		.uleb128 0xa
 385 006a 2E       		.uleb128 0x2e
 386 006b 01       		.byte	0x1
 387 006c 3F       		.uleb128 0x3f
 388 006d 19       		.uleb128 0x19
 389 006e 03       		.uleb128 0x3
 390 006f 0E       		.uleb128 0xe
 391 0070 3A       		.uleb128 0x3a
 392 0071 0B       		.uleb128 0xb
 393 0072 3B       		.uleb128 0x3b
 394 0073 0B       		.uleb128 0xb
 395 0074 27       		.uleb128 0x27
 396 0075 19       		.uleb128 0x19
 397 0076 11       		.uleb128 0x11
 398 0077 01       		.uleb128 0x1
 399 0078 12       		.uleb128 0x12
 400 0079 06       		.uleb128 0x6
 401 007a 40       		.uleb128 0x40
 402 007b 18       		.uleb128 0x18
 403 007c 9742     		.uleb128 0x2117
 404 007e 19       		.uleb128 0x19
 405 007f 01       		.uleb128 0x1
 406 0080 13       		.uleb128 0x13
 407 0081 00       		.byte	0
 408 0082 00       		.byte	0
 409 0083 0B       		.uleb128 0xb
 410 0084 05       		.uleb128 0x5
 411 0085 00       		.byte	0
 412 0086 03       		.uleb128 0x3
 413 0087 0E       		.uleb128 0xe
 414 0088 3A       		.uleb128 0x3a
 415 0089 0B       		.uleb128 0xb
 416 008a 3B       		.uleb128 0x3b
 417 008b 0B       		.uleb128 0xb
 418 008c 49       		.uleb128 0x49
 419 008d 13       		.uleb128 0x13
 420 008e 02       		.uleb128 0x2
 421 008f 18       		.uleb128 0x18
 422 0090 00       		.byte	0
 423 0091 00       		.byte	0
 424 0092 0C       		.uleb128 0xc
 425 0093 18       		.uleb128 0x18
 426 0094 00       		.byte	0
 427 0095 00       		.byte	0
 428 0096 00       		.byte	0
 429 0097 0D       		.uleb128 0xd
 430 0098 34       		.uleb128 0x34
 431 0099 00       		.byte	0
ARM GAS  C:\Users\DMYTRO~1.FED\AppData\Local\Temp\ccNBQt4Z.s 			page 9


 432 009a 03       		.uleb128 0x3
 433 009b 0E       		.uleb128 0xe
 434 009c 3A       		.uleb128 0x3a
 435 009d 0B       		.uleb128 0xb
 436 009e 3B       		.uleb128 0x3b
 437 009f 0B       		.uleb128 0xb
 438 00a0 49       		.uleb128 0x49
 439 00a1 13       		.uleb128 0x13
 440 00a2 02       		.uleb128 0x2
 441 00a3 18       		.uleb128 0x18
 442 00a4 00       		.byte	0
 443 00a5 00       		.byte	0
 444 00a6 0E       		.uleb128 0xe
 445 00a7 898201   		.uleb128 0x4109
 446 00aa 01       		.byte	0x1
 447 00ab 11       		.uleb128 0x11
 448 00ac 01       		.uleb128 0x1
 449 00ad 31       		.uleb128 0x31
 450 00ae 13       		.uleb128 0x13
 451 00af 01       		.uleb128 0x1
 452 00b0 13       		.uleb128 0x13
 453 00b1 00       		.byte	0
 454 00b2 00       		.byte	0
 455 00b3 0F       		.uleb128 0xf
 456 00b4 8A8201   		.uleb128 0x410a
 457 00b7 00       		.byte	0
 458 00b8 02       		.uleb128 0x2
 459 00b9 18       		.uleb128 0x18
 460 00ba 9142     		.uleb128 0x2111
 461 00bc 18       		.uleb128 0x18
 462 00bd 00       		.byte	0
 463 00be 00       		.byte	0
 464 00bf 10       		.uleb128 0x10
 465 00c0 898201   		.uleb128 0x4109
 466 00c3 01       		.byte	0x1
 467 00c4 11       		.uleb128 0x11
 468 00c5 01       		.uleb128 0x1
 469 00c6 31       		.uleb128 0x31
 470 00c7 13       		.uleb128 0x13
 471 00c8 00       		.byte	0
 472 00c9 00       		.byte	0
 473 00ca 11       		.uleb128 0x11
 474 00cb 01       		.uleb128 0x1
 475 00cc 01       		.byte	0x1
 476 00cd 49       		.uleb128 0x49
 477 00ce 13       		.uleb128 0x13
 478 00cf 01       		.uleb128 0x1
 479 00d0 13       		.uleb128 0x13
 480 00d1 00       		.byte	0
 481 00d2 00       		.byte	0
 482 00d3 12       		.uleb128 0x12
 483 00d4 21       		.uleb128 0x21
 484 00d5 00       		.byte	0
 485 00d6 49       		.uleb128 0x49
 486 00d7 13       		.uleb128 0x13
 487 00d8 2F       		.uleb128 0x2f
 488 00d9 0B       		.uleb128 0xb
ARM GAS  C:\Users\DMYTRO~1.FED\AppData\Local\Temp\ccNBQt4Z.s 			page 10


 489 00da 00       		.byte	0
 490 00db 00       		.byte	0
 491 00dc 13       		.uleb128 0x13
 492 00dd 2E       		.uleb128 0x2e
 493 00de 00       		.byte	0
 494 00df 3F       		.uleb128 0x3f
 495 00e0 19       		.uleb128 0x19
 496 00e1 3C       		.uleb128 0x3c
 497 00e2 19       		.uleb128 0x19
 498 00e3 6E       		.uleb128 0x6e
 499 00e4 0E       		.uleb128 0xe
 500 00e5 03       		.uleb128 0x3
 501 00e6 0E       		.uleb128 0xe
 502 00e7 3A       		.uleb128 0x3a
 503 00e8 0B       		.uleb128 0xb
 504 00e9 3B       		.uleb128 0x3b
 505 00ea 0B       		.uleb128 0xb
 506 00eb 00       		.byte	0
 507 00ec 00       		.byte	0
 508 00ed 14       		.uleb128 0x14
 509 00ee 2E       		.uleb128 0x2e
 510 00ef 00       		.byte	0
 511 00f0 3F       		.uleb128 0x3f
 512 00f1 19       		.uleb128 0x19
 513 00f2 3C       		.uleb128 0x3c
 514 00f3 19       		.uleb128 0x19
 515 00f4 6E       		.uleb128 0x6e
 516 00f5 0E       		.uleb128 0xe
 517 00f6 03       		.uleb128 0x3
 518 00f7 0E       		.uleb128 0xe
 519 00f8 3A       		.uleb128 0x3a
 520 00f9 0B       		.uleb128 0xb
 521 00fa 3B       		.uleb128 0x3b
 522 00fb 05       		.uleb128 0x5
 523 00fc 00       		.byte	0
 524 00fd 00       		.byte	0
 525 00fe 00       		.byte	0
 526              		.section	.debug_aranges,"",%progbits
 527 0000 1C000000 		.4byte	0x1c
 528 0004 0200     		.2byte	0x2
 529 0006 00000000 		.4byte	.Ldebug_info0
 530 000a 04       		.byte	0x4
 531 000b 00       		.byte	0
 532 000c 0000     		.2byte	0
 533 000e 0000     		.2byte	0
 534 0010 00000000 		.4byte	.LFB34
 535 0014 2C000000 		.4byte	.LFE34-.LFB34
 536 0018 00000000 		.4byte	0
 537 001c 00000000 		.4byte	0
 538              		.section	.debug_ranges,"",%progbits
 539              	.Ldebug_ranges0:
 540 0000 00000000 		.4byte	.LFB34
 541 0004 2C000000 		.4byte	.LFE34
 542 0008 00000000 		.4byte	0
 543 000c 00000000 		.4byte	0
 544              		.section	.debug_line,"",%progbits
 545              	.Ldebug_line0:
ARM GAS  C:\Users\DMYTRO~1.FED\AppData\Local\Temp\ccNBQt4Z.s 			page 11


 546 0000 68010000 		.section	.debug_str,"MS",%progbits,1
 546      02004F01 
 546      00000201 
 546      FB0E0D00 
 546      01010101 
 547              	.LASF6:
 548 0000 6C6F6E67 		.ascii	"long long int\000"
 548      206C6F6E 
 548      6720696E 
 548      7400
 549              	.LASF8:
 550 000e 756E7369 		.ascii	"unsigned int\000"
 550      676E6564 
 550      20696E74 
 550      00
 551              	.LASF25:
 552 001b 75617274 		.ascii	"uartPrintf\000"
 552      5072696E 
 552      746600
 553              	.LASF1:
 554 0026 756E7369 		.ascii	"unsigned char\000"
 554      676E6564 
 554      20636861 
 554      7200
 555              	.LASF18:
 556 0034 76736E70 		.ascii	"vsnprintf\000"
 556      72696E74 
 556      6600
 557              	.LASF26:
 558 003e 73466F72 		.ascii	"sFormat\000"
 558      6D617400 
 559              	.LASF5:
 560 0046 6C6F6E67 		.ascii	"long unsigned int\000"
 560      20756E73 
 560      69676E65 
 560      6420696E 
 560      7400
 561              	.LASF7:
 562 0058 6C6F6E67 		.ascii	"long long unsigned int\000"
 562      206C6F6E 
 562      6720756E 
 562      7369676E 
 562      65642069 
 563              	.LASF22:
 564 006f 433A5C55 		.ascii	"C:\\Users\\dmytro.fedorchenko\\Documents\\PSoC Crea"
 564      73657273 
 564      5C646D79 
 564      74726F2E 
 564      6665646F 
 565 009e 746F725C 		.ascii	"tor\\PWM01\\midiPlayer.cydsn\000"
 565      50574D30 
 565      315C6D69 
 565      6469506C 
 565      61796572 
 566              	.LASF21:
 567 00b9 75617274 		.ascii	"uartPrint.c\000"
 567      5072696E 
ARM GAS  C:\Users\DMYTRO~1.FED\AppData\Local\Temp\ccNBQt4Z.s 			page 12


 567      742E6300 
 568              	.LASF20:
 569 00c5 474E5520 		.ascii	"GNU C11 5.4.1 20160609 (release) [ARM/embedded-5-br"
 569      43313120 
 569      352E342E 
 569      31203230 
 569      31363036 
 570 00f8 616E6368 		.ascii	"anch revision 237715] -mcpu=cortex-m0plus -mthumb -"
 570      20726576 
 570      6973696F 
 570      6E203233 
 570      37373135 
 571 012b 67202D4F 		.ascii	"g -Og -ffunction-sections -ffat-lto-objects\000"
 571      67202D66 
 571      66756E63 
 571      74696F6E 
 571      2D736563 
 572              	.LASF23:
 573 0157 5F5F7661 		.ascii	"__va_list\000"
 573      5F6C6973 
 573      7400
 574              	.LASF11:
 575 0161 63686172 		.ascii	"char\000"
 575      00
 576              	.LASF4:
 577 0166 6C6F6E67 		.ascii	"long int\000"
 577      20696E74 
 577      00
 578              	.LASF16:
 579 016f 50617261 		.ascii	"ParamList\000"
 579      6D4C6973 
 579      7400
 580              	.LASF15:
 581 0179 76615F6C 		.ascii	"va_list\000"
 581      69737400 
 582              	.LASF10:
 583 0181 646F7562 		.ascii	"double\000"
 583      6C6500
 584              	.LASF3:
 585 0188 73686F72 		.ascii	"short unsigned int\000"
 585      7420756E 
 585      7369676E 
 585      65642069 
 585      6E7400
 586              	.LASF0:
 587 019b 7369676E 		.ascii	"signed char\000"
 587      65642063 
 587      68617200 
 588              	.LASF12:
 589 01a7 6C6F6E67 		.ascii	"long double\000"
 589      20646F75 
 589      626C6500 
 590              	.LASF14:
 591 01b3 5F5F676E 		.ascii	"__gnuc_va_list\000"
 591      75635F76 
 591      615F6C69 
 591      737400
ARM GAS  C:\Users\DMYTRO~1.FED\AppData\Local\Temp\ccNBQt4Z.s 			page 13


 592              	.LASF9:
 593 01c2 666C6F61 		.ascii	"float\000"
 593      7400
 594              	.LASF2:
 595 01c8 73686F72 		.ascii	"short int\000"
 595      7420696E 
 595      7400
 596              	.LASF19:
 597 01d2 55415254 		.ascii	"UART_UartPutString\000"
 597      5F556172 
 597      74507574 
 597      53747269 
 597      6E6700
 598              	.LASF17:
 599 01e5 62756666 		.ascii	"buff\000"
 599      00
 600              	.LASF13:
 601 01ea 73697A65 		.ascii	"sizetype\000"
 601      74797065 
 601      00
 602              	.LASF24:
 603 01f3 5F5F6170 		.ascii	"__ap\000"
 603      00
 604              		.ident	"GCC: (GNU Tools for ARM Embedded Processors) 5.4.1 20160609 (release) [ARM/embedded-5-bran
