ARM GAS  C:\Users\DMYTRO~1.FED\AppData\Local\Temp\cc4h0FXc.s 			page 1


   1              		.syntax unified
   2              		.cpu cortex-m0plus
   3              		.fpu softvfp
   4              		.eabi_attribute 20, 1
   5              		.eabi_attribute 21, 1
   6              		.eabi_attribute 23, 3
   7              		.eabi_attribute 24, 1
   8              		.eabi_attribute 25, 1
   9              		.eabi_attribute 26, 1
  10              		.eabi_attribute 30, 1
  11              		.eabi_attribute 34, 0
  12              		.eabi_attribute 18, 4
  13              		.thumb
  14              		.syntax unified
  15              		.file	"userControls.c"
  16              		.text
  17              	.Ltext0:
  18              		.cfi_sections	.debug_frame
  19              		.section	.text.Isr_UC_Btn_Handler,"ax",%progbits
  20              		.align	2
  21              		.global	Isr_UC_Btn_Handler
  22              		.code	16
  23              		.thumb_func
  24              		.type	Isr_UC_Btn_Handler, %function
  25              	Isr_UC_Btn_Handler:
  26              	.LFB34:
  27              		.file 1 "userControls.c"
   1:userControls.c **** /** @file
   2:userControls.c ****  *  @brief Source file for button handlers
   3:userControls.c ****  */
   4:userControls.c **** #include <stdbool.h>
   5:userControls.c **** #include "project.h"
   6:userControls.c **** #include "assert.h"
   7:userControls.c **** #include "userControls.h"
   8:userControls.c **** #include "sysTickTimer.h"
   9:userControls.c **** 
  10:userControls.c **** #define BUTTON_PRESS   0
  11:userControls.c **** #define BUTTON_RELEASE 1U
  12:userControls.c **** 
  13:userControls.c **** #define BUTTON_LONG_PRESS_MS        3000U 
  14:userControls.c **** #define BUTTON_MIDDLE_PRESS_MS      1000U 
  15:userControls.c **** 
  16:userControls.c **** 
  17:userControls.c **** typedef struct
  18:userControls.c **** {
  19:userControls.c ****     bool                isInit;
  20:userControls.c ****     bool                isIRQ;
  21:userControls.c ****     bool                longPressSend;
  22:userControls.c ****     uint32_t            timeStampPrev;
  23:userControls.c ****     uint32_t            timeStampCur;
  24:userControls.c ****     uint8_t             curState;
  25:userControls.c ****     uint8_t             prevState;
  26:userControls.c ****     onBtnChange_t       onBtnChangeCb;
  27:userControls.c **** } userControl_t;
  28:userControls.c **** 
  29:userControls.c **** static userControl_t userControl = {.isInit = false};
  30:userControls.c **** 
ARM GAS  C:\Users\DMYTRO~1.FED\AppData\Local\Temp\cc4h0FXc.s 			page 2


  31:userControls.c **** CY_ISR(Isr_UC_Btn_Handler)
  32:userControls.c **** {
  28              		.loc 1 32 0
  29              		.cfi_startproc
  30              		@ args = 0, pretend = 0, frame = 0
  31              		@ frame_needed = 0, uses_anonymous_args = 0
  32 0000 10B5     		push	{r4, lr}
  33              		.cfi_def_cfa_offset 8
  34              		.cfi_offset 4, -8
  35              		.cfi_offset 14, -4
  33:userControls.c ****     Button_ClearInterrupt();
  36              		.loc 1 33 0
  37 0002 FFF7FEFF 		bl	Button_ClearInterrupt
  38              	.LVL0:
  34:userControls.c ****     
  35:userControls.c ****     userControl.isIRQ = true;
  39              		.loc 1 35 0
  40 0006 0122     		movs	r2, #1
  41 0008 024B     		ldr	r3, .L2
  42 000a 5A70     		strb	r2, [r3, #1]
  36:userControls.c ****     Isr_UC_Btn_ClearPending();
  43              		.loc 1 36 0
  44 000c FFF7FEFF 		bl	Isr_UC_Btn_ClearPending
  45              	.LVL1:
  37:userControls.c **** }
  46              		.loc 1 37 0
  47              		@ sp needed
  48 0010 10BD     		pop	{r4, pc}
  49              	.L3:
  50 0012 C046     		.align	2
  51              	.L2:
  52 0014 00000000 		.word	.LANCHOR0
  53              		.cfi_endproc
  54              	.LFE34:
  55              		.size	Isr_UC_Btn_Handler, .-Isr_UC_Btn_Handler
  56              		.section	.text.userControl_Init,"ax",%progbits
  57              		.align	2
  58              		.global	userControl_Init
  59              		.code	16
  60              		.thumb_func
  61              		.type	userControl_Init, %function
  62              	userControl_Init:
  63              	.LFB35:
  38:userControls.c **** 
  39:userControls.c **** void userControl_Init(onBtnChange_t btn_cb)
  40:userControls.c **** {
  64              		.loc 1 40 0
  65              		.cfi_startproc
  66              		@ args = 0, pretend = 0, frame = 0
  67              		@ frame_needed = 0, uses_anonymous_args = 0
  68              	.LVL2:
  69 0000 10B5     		push	{r4, lr}
  70              		.cfi_def_cfa_offset 8
  71              		.cfi_offset 4, -8
  72              		.cfi_offset 14, -4
  41:userControls.c ****     ASSERT(NULL != btn_cb);
  73              		.loc 1 41 0
ARM GAS  C:\Users\DMYTRO~1.FED\AppData\Local\Temp\cc4h0FXc.s 			page 3


  74 0002 0028     		cmp	r0, #0
  75 0004 05D1     		bne	.L5
  76              		.loc 1 41 0 is_stmt 0 discriminator 1
  77 0006 2922     		movs	r2, #41
  78 0008 0849     		ldr	r1, .L7
  79 000a 0948     		ldr	r0, .L7+4
  80              	.LVL3:
  81 000c FFF7FEFF 		bl	uartPrintf
  82              	.LVL4:
  83              	.L6:
  84 0010 FEE7     		b	.L6
  85              	.LVL5:
  86              	.L5:
  42:userControls.c **** 
  43:userControls.c ****     userControl.isInit = true;
  87              		.loc 1 43 0 is_stmt 1
  88 0012 084B     		ldr	r3, .L7+8
  89 0014 0122     		movs	r2, #1
  90 0016 1A70     		strb	r2, [r3]
  44:userControls.c ****     userControl.onBtnChangeCb = btn_cb;
  91              		.loc 1 44 0
  92 0018 1861     		str	r0, [r3, #16]
  45:userControls.c ****     userControl.isIRQ = false;
  93              		.loc 1 45 0
  94 001a 0021     		movs	r1, #0
  95 001c 5970     		strb	r1, [r3, #1]
  46:userControls.c ****     userControl.prevState = BUTTON_RELEASE;
  96              		.loc 1 46 0
  97 001e 5A73     		strb	r2, [r3, #13]
  47:userControls.c ****     userControl.curState  = BUTTON_RELEASE;
  98              		.loc 1 47 0
  99 0020 1A73     		strb	r2, [r3, #12]
  48:userControls.c ****     userControl.timeStampPrev = 0;
 100              		.loc 1 48 0
 101 0022 5960     		str	r1, [r3, #4]
  49:userControls.c ****     Isr_UC_Btn_StartEx(Isr_UC_Btn_Handler);
 102              		.loc 1 49 0
 103 0024 0448     		ldr	r0, .L7+12
 104              	.LVL6:
 105 0026 FFF7FEFF 		bl	Isr_UC_Btn_StartEx
 106              	.LVL7:
  50:userControls.c **** }
 107              		.loc 1 50 0
 108              		@ sp needed
 109 002a 10BD     		pop	{r4, pc}
 110              	.L8:
 111              		.align	2
 112              	.L7:
 113 002c 00000000 		.word	.LC1
 114 0030 10000000 		.word	.LC3
 115 0034 00000000 		.word	.LANCHOR0
 116 0038 00000000 		.word	Isr_UC_Btn_Handler
 117              		.cfi_endproc
 118              	.LFE35:
 119              		.size	userControl_Init, .-userControl_Init
 120              		.section	.text.userControl_Run,"ax",%progbits
 121              		.align	2
ARM GAS  C:\Users\DMYTRO~1.FED\AppData\Local\Temp\cc4h0FXc.s 			page 4


 122              		.global	userControl_Run
 123              		.code	16
 124              		.thumb_func
 125              		.type	userControl_Run, %function
 126              	userControl_Run:
 127              	.LFB36:
  51:userControls.c **** 
  52:userControls.c **** void userControl_Run(void)
  53:userControls.c **** {
 128              		.loc 1 53 0
 129              		.cfi_startproc
 130              		@ args = 0, pretend = 0, frame = 0
 131              		@ frame_needed = 0, uses_anonymous_args = 0
 132 0000 10B5     		push	{r4, lr}
 133              		.cfi_def_cfa_offset 8
 134              		.cfi_offset 4, -8
 135              		.cfi_offset 14, -4
  54:userControls.c ****    ASSERT(userControl.isInit);
 136              		.loc 1 54 0
 137 0002 204B     		ldr	r3, .L15
 138 0004 1B78     		ldrb	r3, [r3]
 139 0006 002B     		cmp	r3, #0
 140 0008 05D1     		bne	.L10
 141              		.loc 1 54 0 is_stmt 0 discriminator 1
 142 000a 3622     		movs	r2, #54
 143 000c 1E49     		ldr	r1, .L15+4
 144 000e 1F48     		ldr	r0, .L15+8
 145 0010 FFF7FEFF 		bl	uartPrintf
 146              	.LVL8:
 147              	.L11:
 148 0014 FEE7     		b	.L11
 149              	.L10:
  55:userControls.c **** 
  56:userControls.c ****    /* No bounce problem observed, skip debouncing for now. */
  57:userControls.c ****    if (userControl.isIRQ)
 150              		.loc 1 57 0 is_stmt 1
 151 0016 1B4B     		ldr	r3, .L15
 152 0018 5B78     		ldrb	r3, [r3, #1]
 153 001a 002B     		cmp	r3, #0
 154 001c 30D0     		beq	.L9
  58:userControls.c ****    {
  59:userControls.c ****         userControl.isIRQ = false;
 155              		.loc 1 59 0
 156 001e 194C     		ldr	r4, .L15
 157 0020 0023     		movs	r3, #0
 158 0022 6370     		strb	r3, [r4, #1]
  60:userControls.c ****         
  61:userControls.c ****         userControl.timeStampPrev = userControl.timeStampCur;
 159              		.loc 1 61 0
 160 0024 A368     		ldr	r3, [r4, #8]
 161 0026 6360     		str	r3, [r4, #4]
  62:userControls.c ****         userControl.prevState = userControl.curState;
 162              		.loc 1 62 0
 163 0028 237B     		ldrb	r3, [r4, #12]
 164 002a 6373     		strb	r3, [r4, #13]
  63:userControls.c ****     
  64:userControls.c ****         userControl.curState = Button_Read();
ARM GAS  C:\Users\DMYTRO~1.FED\AppData\Local\Temp\cc4h0FXc.s 			page 5


 165              		.loc 1 64 0
 166 002c FFF7FEFF 		bl	Button_Read
 167              	.LVL9:
 168 0030 2073     		strb	r0, [r4, #12]
  65:userControls.c ****         userControl.timeStampCur = sysTickTimer_GetTimeMs();
 169              		.loc 1 65 0
 170 0032 FFF7FEFF 		bl	sysTickTimer_GetTimeMs
 171              	.LVL10:
 172 0036 A060     		str	r0, [r4, #8]
  66:userControls.c ****         
  67:userControls.c ****         if ((userControl.prevState != userControl.curState) && (userControl.prevState == BUTTON_PRE
 173              		.loc 1 67 0
 174 0038 637B     		ldrb	r3, [r4, #13]
 175 003a 227B     		ldrb	r2, [r4, #12]
 176 003c 9342     		cmp	r3, r2
 177 003e 1FD0     		beq	.L9
 178              		.loc 1 67 0 is_stmt 0 discriminator 1
 179 0040 002B     		cmp	r3, #0
 180 0042 1DD1     		bne	.L9
  68:userControls.c ****         {
  69:userControls.c ****             do
  70:userControls.c ****             {
  71:userControls.c ****                 if (sysTickTimer_IsTimePassedMs(userControl.timeStampPrev, BUTTON_LONG_PRESS_MS))
 181              		.loc 1 71 0 is_stmt 1
 182 0044 0F4B     		ldr	r3, .L15
 183 0046 5C68     		ldr	r4, [r3, #4]
 184              	.LVL11:
 185              	.LBB6:
 186              	.LBB7:
 187              		.file 2 "sysTickTimer.h"
   1:sysTickTimer.h **** /** @file
   2:sysTickTimer.h ****  *  @brief Header file for timers utility
   3:sysTickTimer.h ****  */
   4:sysTickTimer.h **** #ifndef SYSTICKTIMER_H
   5:sysTickTimer.h **** #define SYSTICKTIMER_H
   6:sysTickTimer.h **** #include <stdint.h>
   7:sysTickTimer.h **** #include <stdbool.h>
   8:sysTickTimer.h ****  /**
   9:sysTickTimer.h ****  * @defgroup sysTickTimer
  10:sysTickTimer.h ****  *
  11:sysTickTimer.h ****  * The utility to measure time
  12:sysTickTimer.h ****  *
  13:sysTickTimer.h ****  * sysTickTimer component API
  14:sysTickTimer.h ****  * Used for time measurement
  15:sysTickTimer.h ****  * Period of the timer 1ms
  16:sysTickTimer.h ****  * @{
  17:sysTickTimer.h ****  */ 
  18:sysTickTimer.h **** 
  19:sysTickTimer.h **** /**
  20:sysTickTimer.h ****  * @brief Configures sysTick Timer
  21:sysTickTimer.h ****  * Should be called before any actions with module
  22:sysTickTimer.h ****  *
  23:sysTickTimer.h ****  * @return none
  24:sysTickTimer.h ****  */
  25:sysTickTimer.h **** void sysTickTimer_Init(void);
  26:sysTickTimer.h **** 
  27:sysTickTimer.h **** /**
ARM GAS  C:\Users\DMYTRO~1.FED\AppData\Local\Temp\cc4h0FXc.s 			page 6


  28:sysTickTimer.h ****  * @brief Reading of sysTick Timer counter
  29:sysTickTimer.h ****  * Miliseconds that are passed from moment of call of 
  30:sysTickTimer.h ****  * the init function
  31:sysTickTimer.h ****  *
  32:sysTickTimer.h ****  * @return actual sysTick Timer value
  33:sysTickTimer.h ****  */
  34:sysTickTimer.h **** uint32_t sysTickTimer_GetTimeMs(void);
  35:sysTickTimer.h **** 
  36:sysTickTimer.h **** /**
  37:sysTickTimer.h ****  * @brief Time period passing check
  38:sysTickTimer.h ****  *
  39:sysTickTimer.h ****  * @param[in]  savedTime the time when checking started
  40:sysTickTimer.h ****  * @param[in]  period  required period
  41:sysTickTimer.h ****  *
  42:sysTickTimer.h ****  * @return true if the period is passed, false - if it is not passed
  43:sysTickTimer.h ****  */
  44:sysTickTimer.h **** inline bool sysTickTimer_IsTimePassedMs(uint32_t savedTime, uint32_t period)
  45:sysTickTimer.h **** {
  46:sysTickTimer.h ****     return ((sysTickTimer_GetTimeMs() - savedTime) >= period);
 188              		.loc 2 46 0
 189 0048 FFF7FEFF 		bl	sysTickTimer_GetTimeMs
 190              	.LVL12:
 191 004c 001B     		subs	r0, r0, r4
 192              	.LVL13:
 193              	.LBE7:
 194              	.LBE6:
 195              		.loc 1 71 0
 196 004e 104B     		ldr	r3, .L15+12
 197 0050 9842     		cmp	r0, r3
 198 0052 04D9     		bls	.L13
  72:userControls.c ****                 {
  73:userControls.c ****                     userControl.onBtnChangeCb(BTN_LONG_PRESS);
 199              		.loc 1 73 0
 200 0054 0B4B     		ldr	r3, .L15
 201 0056 1B69     		ldr	r3, [r3, #16]
 202 0058 0020     		movs	r0, #0
 203 005a 9847     		blx	r3
 204              	.LVL14:
  74:userControls.c ****                     break;
 205              		.loc 1 74 0
 206 005c 10E0     		b	.L9
 207              	.L13:
  75:userControls.c ****                 }
  76:userControls.c ****                 
  77:userControls.c ****                 if (sysTickTimer_IsTimePassedMs(userControl.timeStampPrev, BUTTON_MIDDLE_PRESS_MS))
 208              		.loc 1 77 0
 209 005e 094B     		ldr	r3, .L15
 210 0060 5C68     		ldr	r4, [r3, #4]
 211              	.LVL15:
 212              	.LBB8:
 213              	.LBB9:
 214              		.loc 2 46 0
 215 0062 FFF7FEFF 		bl	sysTickTimer_GetTimeMs
 216              	.LVL16:
 217 0066 001B     		subs	r0, r0, r4
 218              	.LVL17:
 219              	.LBE9:
ARM GAS  C:\Users\DMYTRO~1.FED\AppData\Local\Temp\cc4h0FXc.s 			page 7


 220              	.LBE8:
 221              		.loc 1 77 0
 222 0068 0A4B     		ldr	r3, .L15+16
 223 006a 9842     		cmp	r0, r3
 224 006c 04D9     		bls	.L14
  78:userControls.c ****                 {
  79:userControls.c ****                     userControl.onBtnChangeCb(BTN_MIDDLE_PRESS);
 225              		.loc 1 79 0
 226 006e 054B     		ldr	r3, .L15
 227 0070 1B69     		ldr	r3, [r3, #16]
 228 0072 0220     		movs	r0, #2
 229 0074 9847     		blx	r3
 230              	.LVL18:
  80:userControls.c ****                     break;
 231              		.loc 1 80 0
 232 0076 03E0     		b	.L9
 233              	.L14:
  81:userControls.c ****                 }
  82:userControls.c **** 
  83:userControls.c ****                userControl.onBtnChangeCb(BTN_SHORT_PRESS);
 234              		.loc 1 83 0
 235 0078 024B     		ldr	r3, .L15
 236 007a 1B69     		ldr	r3, [r3, #16]
 237 007c 0120     		movs	r0, #1
 238 007e 9847     		blx	r3
 239              	.LVL19:
 240              	.L9:
  84:userControls.c ****             } while(false);
  85:userControls.c ****         }
  86:userControls.c ****     }
  87:userControls.c **** }...
 241              		.loc 1 87 0
 242              		@ sp needed
 243 0080 10BD     		pop	{r4, pc}
 244              	.L16:
 245 0082 C046     		.align	2
 246              	.L15:
 247 0084 00000000 		.word	.LANCHOR0
 248 0088 00000000 		.word	.LC1
 249 008c 10000000 		.word	.LC3
 250 0090 B70B0000 		.word	2999
 251 0094 E7030000 		.word	999
 252              		.cfi_endproc
 253              	.LFE36:
 254              		.size	userControl_Run, .-userControl_Run
 255              		.section	.rodata.str1.4,"aMS",%progbits,1
 256              		.align	2
 257              	.LC1:
 258 0000 75736572 		.ascii	"userControls.c\000"
 258      436F6E74 
 258      726F6C73 
 258      2E6300
 259 000f 00       		.space	1
 260              	.LC3:
 261 0010 52756E74 		.ascii	"RuntimeError: Assert in file: %s line: %d\015\012\000"
 261      696D6545 
 261      72726F72 
ARM GAS  C:\Users\DMYTRO~1.FED\AppData\Local\Temp\cc4h0FXc.s 			page 8


 261      3A204173 
 261      73657274 
 262              		.bss
 263              		.align	2
 264              		.set	.LANCHOR0,. + 0
 265              		.type	userControl, %object
 266              		.size	userControl, 20
 267              	userControl:
 268 0000 00000000 		.space	20
 268      00000000 
 268      00000000 
 268      00000000 
 268      00000000 
 269              		.text
 270              	.Letext0:
 271              		.file 3 "c:\\program files (x86)\\cypress\\psoc creator\\4.2\\psoc creator\\import\\gnu\\arm\\5.4.
 272              		.file 4 "c:\\program files (x86)\\cypress\\psoc creator\\4.2\\psoc creator\\import\\gnu\\arm\\5.4.
 273              		.file 5 "userControls.h"
 274              		.file 6 "Generated_Source\\PSoC4/Button.h"
 275              		.file 7 "Generated_Source\\PSoC4/Isr_UC_Btn.h"
 276              		.file 8 "uartPrint.h"
 277              		.section	.debug_info,"",%progbits
 278              	.Ldebug_info0:
 279 0000 4D030000 		.4byte	0x34d
 280 0004 0400     		.2byte	0x4
 281 0006 00000000 		.4byte	.Ldebug_abbrev0
 282 000a 04       		.byte	0x4
 283 000b 01       		.uleb128 0x1
 284 000c BA020000 		.4byte	.LASF44
 285 0010 0C       		.byte	0xc
 286 0011 FA000000 		.4byte	.LASF45
 287 0015 2B020000 		.4byte	.LASF46
 288 0019 00000000 		.4byte	.Ldebug_ranges0+0
 289 001d 00000000 		.4byte	0
 290 0021 00000000 		.4byte	.Ldebug_line0
 291 0025 02       		.uleb128 0x2
 292 0026 01       		.byte	0x1
 293 0027 06       		.byte	0x6
 294 0028 4C030000 		.4byte	.LASF0
 295 002c 03       		.uleb128 0x3
 296 002d 3E000000 		.4byte	.LASF5
 297 0031 03       		.byte	0x3
 298 0032 1D       		.byte	0x1d
 299 0033 37000000 		.4byte	0x37
 300 0037 02       		.uleb128 0x2
 301 0038 01       		.byte	0x1
 302 0039 08       		.byte	0x8
 303 003a B4000000 		.4byte	.LASF1
 304 003e 02       		.uleb128 0x2
 305 003f 02       		.byte	0x2
 306 0040 05       		.byte	0x5
 307 0041 75020000 		.4byte	.LASF2
 308 0045 02       		.uleb128 0x2
 309 0046 02       		.byte	0x2
 310 0047 07       		.byte	0x7
 311 0048 DE000000 		.4byte	.LASF3
 312 004c 02       		.uleb128 0x2
ARM GAS  C:\Users\DMYTRO~1.FED\AppData\Local\Temp\cc4h0FXc.s 			page 9


 313 004d 04       		.byte	0x4
 314 004e 05       		.byte	0x5
 315 004f F1000000 		.4byte	.LASF4
 316 0053 03       		.uleb128 0x3
 317 0054 49010000 		.4byte	.LASF6
 318 0058 03       		.byte	0x3
 319 0059 41       		.byte	0x41
 320 005a 5E000000 		.4byte	0x5e
 321 005e 02       		.uleb128 0x2
 322 005f 04       		.byte	0x4
 323 0060 07       		.byte	0x7
 324 0061 CC000000 		.4byte	.LASF7
 325 0065 02       		.uleb128 0x2
 326 0066 08       		.byte	0x8
 327 0067 05       		.byte	0x5
 328 0068 0A020000 		.4byte	.LASF8
 329 006c 02       		.uleb128 0x2
 330 006d 08       		.byte	0x8
 331 006e 07       		.byte	0x7
 332 006f 8B010000 		.4byte	.LASF9
 333 0073 04       		.uleb128 0x4
 334 0074 04       		.byte	0x4
 335 0075 05       		.byte	0x5
 336 0076 696E7400 		.ascii	"int\000"
 337 007a 02       		.uleb128 0x2
 338 007b 04       		.byte	0x4
 339 007c 07       		.byte	0x7
 340 007d 67010000 		.4byte	.LASF10
 341 0081 03       		.uleb128 0x3
 342 0082 A2010000 		.4byte	.LASF11
 343 0086 04       		.byte	0x4
 344 0087 18       		.byte	0x18
 345 0088 2C000000 		.4byte	0x2c
 346 008c 03       		.uleb128 0x3
 347 008d 8F020000 		.4byte	.LASF12
 348 0091 04       		.byte	0x4
 349 0092 30       		.byte	0x30
 350 0093 53000000 		.4byte	0x53
 351 0097 02       		.uleb128 0x2
 352 0098 04       		.byte	0x4
 353 0099 04       		.byte	0x4
 354 009a A7000000 		.4byte	.LASF13
 355 009e 02       		.uleb128 0x2
 356 009f 08       		.byte	0x8
 357 00a0 04       		.byte	0x4
 358 00a1 09010000 		.4byte	.LASF14
 359 00a5 02       		.uleb128 0x2
 360 00a6 01       		.byte	0x1
 361 00a7 08       		.byte	0x8
 362 00a8 26020000 		.4byte	.LASF15
 363 00ac 02       		.uleb128 0x2
 364 00ad 08       		.byte	0x8
 365 00ae 04       		.byte	0x4
 366 00af AE020000 		.4byte	.LASF16
 367 00b3 02       		.uleb128 0x2
 368 00b4 04       		.byte	0x4
 369 00b5 07       		.byte	0x7
ARM GAS  C:\Users\DMYTRO~1.FED\AppData\Local\Temp\cc4h0FXc.s 			page 10


 370 00b6 01020000 		.4byte	.LASF17
 371 00ba 05       		.uleb128 0x5
 372 00bb 01       		.byte	0x1
 373 00bc 37000000 		.4byte	0x37
 374 00c0 05       		.byte	0x5
 375 00c1 13       		.byte	0x13
 376 00c2 D9000000 		.4byte	0xd9
 377 00c6 06       		.uleb128 0x6
 378 00c7 10010000 		.4byte	.LASF18
 379 00cb 00       		.byte	0
 380 00cc 06       		.uleb128 0x6
 381 00cd 48000000 		.4byte	.LASF19
 382 00d1 01       		.byte	0x1
 383 00d2 06       		.uleb128 0x6
 384 00d3 B8010000 		.4byte	.LASF20
 385 00d7 02       		.byte	0x2
 386 00d8 00       		.byte	0
 387 00d9 03       		.uleb128 0x3
 388 00da 63000000 		.4byte	.LASF21
 389 00de 05       		.byte	0x5
 390 00df 17       		.byte	0x17
 391 00e0 BA000000 		.4byte	0xba
 392 00e4 03       		.uleb128 0x3
 393 00e5 AA010000 		.4byte	.LASF22
 394 00e9 05       		.byte	0x5
 395 00ea 1A       		.byte	0x1a
 396 00eb EF000000 		.4byte	0xef
 397 00ef 07       		.uleb128 0x7
 398 00f0 04       		.byte	0x4
 399 00f1 F5000000 		.4byte	0xf5
 400 00f5 08       		.uleb128 0x8
 401 00f6 00010000 		.4byte	0x100
 402 00fa 09       		.uleb128 0x9
 403 00fb D9000000 		.4byte	0xd9
 404 00ff 00       		.byte	0
 405 0100 0A       		.uleb128 0xa
 406 0101 14       		.byte	0x14
 407 0102 01       		.byte	0x1
 408 0103 11       		.byte	0x11
 409 0104 69010000 		.4byte	0x169
 410 0108 0B       		.uleb128 0xb
 411 0109 AD000000 		.4byte	.LASF23
 412 010d 01       		.byte	0x1
 413 010e 13       		.byte	0x13
 414 010f 69010000 		.4byte	0x169
 415 0113 00       		.byte	0
 416 0114 0B       		.uleb128 0xb
 417 0115 80000000 		.4byte	.LASF24
 418 0119 01       		.byte	0x1
 419 011a 14       		.byte	0x14
 420 011b 69010000 		.4byte	0x169
 421 011f 01       		.byte	0x1
 422 0120 0B       		.uleb128 0xb
 423 0121 11000000 		.4byte	.LASF25
 424 0125 01       		.byte	0x1
 425 0126 15       		.byte	0x15
 426 0127 69010000 		.4byte	0x169
ARM GAS  C:\Users\DMYTRO~1.FED\AppData\Local\Temp\cc4h0FXc.s 			page 11


 427 012b 02       		.byte	0x2
 428 012c 0B       		.uleb128 0xb
 429 012d 1F010000 		.4byte	.LASF26
 430 0131 01       		.byte	0x1
 431 0132 16       		.byte	0x16
 432 0133 8C000000 		.4byte	0x8c
 433 0137 04       		.byte	0x4
 434 0138 0B       		.uleb128 0xb
 435 0139 D0010000 		.4byte	.LASF27
 436 013d 01       		.byte	0x1
 437 013e 17       		.byte	0x17
 438 013f 8C000000 		.4byte	0x8c
 439 0143 08       		.byte	0x8
 440 0144 0B       		.uleb128 0xb
 441 0145 9E000000 		.4byte	.LASF28
 442 0149 01       		.byte	0x1
 443 014a 18       		.byte	0x18
 444 014b 81000000 		.4byte	0x81
 445 014f 0C       		.byte	0xc
 446 0150 0B       		.uleb128 0xb
 447 0151 C2000000 		.4byte	.LASF29
 448 0155 01       		.byte	0x1
 449 0156 19       		.byte	0x19
 450 0157 81000000 		.4byte	0x81
 451 015b 0D       		.byte	0xd
 452 015c 0B       		.uleb128 0xb
 453 015d 18020000 		.4byte	.LASF30
 454 0161 01       		.byte	0x1
 455 0162 1A       		.byte	0x1a
 456 0163 E4000000 		.4byte	0xe4
 457 0167 10       		.byte	0x10
 458 0168 00       		.byte	0
 459 0169 02       		.uleb128 0x2
 460 016a 01       		.byte	0x1
 461 016b 02       		.byte	0x2
 462 016c 58030000 		.4byte	.LASF31
 463 0170 03       		.uleb128 0x3
 464 0171 86000000 		.4byte	.LASF32
 465 0175 01       		.byte	0x1
 466 0176 1B       		.byte	0x1b
 467 0177 00010000 		.4byte	0x100
 468 017b 0C       		.uleb128 0xc
 469 017c 2D010000 		.4byte	.LASF47
 470 0180 02       		.byte	0x2
 471 0181 2C       		.byte	0x2c
 472 0182 69010000 		.4byte	0x169
 473 0186 03       		.byte	0x3
 474 0187 A2010000 		.4byte	0x1a2
 475 018b 0D       		.uleb128 0xd
 476 018c 94000000 		.4byte	.LASF33
 477 0190 02       		.byte	0x2
 478 0191 2C       		.byte	0x2c
 479 0192 8C000000 		.4byte	0x8c
 480 0196 0D       		.uleb128 0xd
 481 0197 79000000 		.4byte	.LASF34
 482 019b 02       		.byte	0x2
 483 019c 2C       		.byte	0x2c
ARM GAS  C:\Users\DMYTRO~1.FED\AppData\Local\Temp\cc4h0FXc.s 			page 12


 484 019d 8C000000 		.4byte	0x8c
 485 01a1 00       		.byte	0
 486 01a2 0E       		.uleb128 0xe
 487 01a3 1F000000 		.4byte	.LASF35
 488 01a7 01       		.byte	0x1
 489 01a8 1F       		.byte	0x1f
 490 01a9 00000000 		.4byte	.LFB34
 491 01ad 18000000 		.4byte	.LFE34-.LFB34
 492 01b1 01       		.uleb128 0x1
 493 01b2 9C       		.byte	0x9c
 494 01b3 CA010000 		.4byte	0x1ca
 495 01b7 0F       		.uleb128 0xf
 496 01b8 06000000 		.4byte	.LVL0
 497 01bc 0E030000 		.4byte	0x30e
 498 01c0 0F       		.uleb128 0xf
 499 01c1 10000000 		.4byte	.LVL1
 500 01c5 19030000 		.4byte	0x319
 501 01c9 00       		.byte	0
 502 01ca 0E       		.uleb128 0xe
 503 01cb 00000000 		.4byte	.LASF36
 504 01cf 01       		.byte	0x1
 505 01d0 27       		.byte	0x27
 506 01d1 00000000 		.4byte	.LFB35
 507 01d5 3C000000 		.4byte	.LFE35-.LFB35
 508 01d9 01       		.uleb128 0x1
 509 01da 9C       		.byte	0x9c
 510 01db 28020000 		.4byte	0x228
 511 01df 10       		.uleb128 0x10
 512 01e0 C9010000 		.4byte	.LASF48
 513 01e4 01       		.byte	0x1
 514 01e5 27       		.byte	0x27
 515 01e6 E4000000 		.4byte	0xe4
 516 01ea 00000000 		.4byte	.LLST0
 517 01ee 11       		.uleb128 0x11
 518 01ef 10000000 		.4byte	.LVL4
 519 01f3 24030000 		.4byte	0x324
 520 01f7 14020000 		.4byte	0x214
 521 01fb 12       		.uleb128 0x12
 522 01fc 01       		.uleb128 0x1
 523 01fd 50       		.byte	0x50
 524 01fe 05       		.uleb128 0x5
 525 01ff 03       		.byte	0x3
 526 0200 10000000 		.4byte	.LC3
 527 0204 12       		.uleb128 0x12
 528 0205 01       		.uleb128 0x1
 529 0206 51       		.byte	0x51
 530 0207 05       		.uleb128 0x5
 531 0208 03       		.byte	0x3
 532 0209 00000000 		.4byte	.LC1
 533 020d 12       		.uleb128 0x12
 534 020e 01       		.uleb128 0x1
 535 020f 52       		.byte	0x52
 536 0210 02       		.uleb128 0x2
 537 0211 08       		.byte	0x8
 538 0212 29       		.byte	0x29
 539 0213 00       		.byte	0
 540 0214 13       		.uleb128 0x13
ARM GAS  C:\Users\DMYTRO~1.FED\AppData\Local\Temp\cc4h0FXc.s 			page 13


 541 0215 2A000000 		.4byte	.LVL7
 542 0219 2F030000 		.4byte	0x32f
 543 021d 12       		.uleb128 0x12
 544 021e 01       		.uleb128 0x1
 545 021f 50       		.byte	0x50
 546 0220 05       		.uleb128 0x5
 547 0221 03       		.byte	0x3
 548 0222 00000000 		.4byte	Isr_UC_Btn_Handler
 549 0226 00       		.byte	0
 550 0227 00       		.byte	0
 551 0228 0E       		.uleb128 0xe
 552 0229 7F020000 		.4byte	.LASF37
 553 022d 01       		.byte	0x1
 554 022e 34       		.byte	0x34
 555 022f 00000000 		.4byte	.LFB36
 556 0233 98000000 		.4byte	.LFE36-.LFB36
 557 0237 01       		.uleb128 0x1
 558 0238 9C       		.byte	0x9c
 559 0239 FD020000 		.4byte	0x2fd
 560 023d 14       		.uleb128 0x14
 561 023e 7B010000 		.4byte	0x17b
 562 0242 48000000 		.4byte	.LBB6
 563 0246 06000000 		.4byte	.LBE6-.LBB6
 564 024a 01       		.byte	0x1
 565 024b 47       		.byte	0x47
 566 024c 6C020000 		.4byte	0x26c
 567 0250 15       		.uleb128 0x15
 568 0251 96010000 		.4byte	0x196
 569 0255 49000000 		.4byte	.LLST1
 570 0259 15       		.uleb128 0x15
 571 025a 8B010000 		.4byte	0x18b
 572 025e 5F000000 		.4byte	.LLST2
 573 0262 0F       		.uleb128 0xf
 574 0263 4C000000 		.4byte	.LVL12
 575 0267 3A030000 		.4byte	0x33a
 576 026b 00       		.byte	0
 577 026c 14       		.uleb128 0x14
 578 026d 7B010000 		.4byte	0x17b
 579 0271 62000000 		.4byte	.LBB8
 580 0275 06000000 		.4byte	.LBE8-.LBB8
 581 0279 01       		.byte	0x1
 582 027a 4D       		.byte	0x4d
 583 027b 9B020000 		.4byte	0x29b
 584 027f 15       		.uleb128 0x15
 585 0280 96010000 		.4byte	0x196
 586 0284 72000000 		.4byte	.LLST3
 587 0288 15       		.uleb128 0x15
 588 0289 8B010000 		.4byte	0x18b
 589 028d 88000000 		.4byte	.LLST4
 590 0291 0F       		.uleb128 0xf
 591 0292 66000000 		.4byte	.LVL16
 592 0296 3A030000 		.4byte	0x33a
 593 029a 00       		.byte	0
 594 029b 11       		.uleb128 0x11
 595 029c 14000000 		.4byte	.LVL8
 596 02a0 24030000 		.4byte	0x324
 597 02a4 C1020000 		.4byte	0x2c1
ARM GAS  C:\Users\DMYTRO~1.FED\AppData\Local\Temp\cc4h0FXc.s 			page 14


 598 02a8 12       		.uleb128 0x12
 599 02a9 01       		.uleb128 0x1
 600 02aa 50       		.byte	0x50
 601 02ab 05       		.uleb128 0x5
 602 02ac 03       		.byte	0x3
 603 02ad 10000000 		.4byte	.LC3
 604 02b1 12       		.uleb128 0x12
 605 02b2 01       		.uleb128 0x1
 606 02b3 51       		.byte	0x51
 607 02b4 05       		.uleb128 0x5
 608 02b5 03       		.byte	0x3
 609 02b6 00000000 		.4byte	.LC1
 610 02ba 12       		.uleb128 0x12
 611 02bb 01       		.uleb128 0x1
 612 02bc 52       		.byte	0x52
 613 02bd 02       		.uleb128 0x2
 614 02be 08       		.byte	0x8
 615 02bf 36       		.byte	0x36
 616 02c0 00       		.byte	0
 617 02c1 0F       		.uleb128 0xf
 618 02c2 30000000 		.4byte	.LVL9
 619 02c6 45030000 		.4byte	0x345
 620 02ca 0F       		.uleb128 0xf
 621 02cb 36000000 		.4byte	.LVL10
 622 02cf 3A030000 		.4byte	0x33a
 623 02d3 16       		.uleb128 0x16
 624 02d4 5C000000 		.4byte	.LVL14
 625 02d8 E2020000 		.4byte	0x2e2
 626 02dc 12       		.uleb128 0x12
 627 02dd 01       		.uleb128 0x1
 628 02de 50       		.byte	0x50
 629 02df 01       		.uleb128 0x1
 630 02e0 30       		.byte	0x30
 631 02e1 00       		.byte	0
 632 02e2 16       		.uleb128 0x16
 633 02e3 76000000 		.4byte	.LVL18
 634 02e7 F1020000 		.4byte	0x2f1
 635 02eb 12       		.uleb128 0x12
 636 02ec 01       		.uleb128 0x1
 637 02ed 50       		.byte	0x50
 638 02ee 01       		.uleb128 0x1
 639 02ef 32       		.byte	0x32
 640 02f0 00       		.byte	0
 641 02f1 17       		.uleb128 0x17
 642 02f2 80000000 		.4byte	.LVL19
 643 02f6 12       		.uleb128 0x12
 644 02f7 01       		.uleb128 0x1
 645 02f8 50       		.byte	0x50
 646 02f9 01       		.uleb128 0x1
 647 02fa 31       		.byte	0x31
 648 02fb 00       		.byte	0
 649 02fc 00       		.byte	0
 650 02fd 18       		.uleb128 0x18
 651 02fe 32000000 		.4byte	.LASF49
 652 0302 01       		.byte	0x1
 653 0303 1D       		.byte	0x1d
 654 0304 70010000 		.4byte	0x170
ARM GAS  C:\Users\DMYTRO~1.FED\AppData\Local\Temp\cc4h0FXc.s 			page 15


 655 0308 05       		.uleb128 0x5
 656 0309 03       		.byte	0x3
 657 030a 00000000 		.4byte	userControl
 658 030e 19       		.uleb128 0x19
 659 030f 98020000 		.4byte	.LASF38
 660 0313 98020000 		.4byte	.LASF38
 661 0317 06       		.byte	0x6
 662 0318 39       		.byte	0x39
 663 0319 19       		.uleb128 0x19
 664 031a DD010000 		.4byte	.LASF39
 665 031e DD010000 		.4byte	.LASF39
 666 0322 07       		.byte	0x7
 667 0323 28       		.byte	0x28
 668 0324 19       		.uleb128 0x19
 669 0325 58000000 		.4byte	.LASF40
 670 0329 58000000 		.4byte	.LASF40
 671 032d 08       		.byte	0x8
 672 032e 18       		.byte	0x18
 673 032f 19       		.uleb128 0x19
 674 0330 54010000 		.4byte	.LASF41
 675 0334 54010000 		.4byte	.LASF41
 676 0338 07       		.byte	0x7
 677 0339 18       		.byte	0x18
 678 033a 19       		.uleb128 0x19
 679 033b 74010000 		.4byte	.LASF42
 680 033f 74010000 		.4byte	.LASF42
 681 0343 02       		.byte	0x2
 682 0344 22       		.byte	0x22
 683 0345 19       		.uleb128 0x19
 684 0346 F5010000 		.4byte	.LASF43
 685 034a F5010000 		.4byte	.LASF43
 686 034e 06       		.byte	0x6
 687 034f 32       		.byte	0x32
 688 0350 00       		.byte	0
 689              		.section	.debug_abbrev,"",%progbits
 690              	.Ldebug_abbrev0:
 691 0000 01       		.uleb128 0x1
 692 0001 11       		.uleb128 0x11
 693 0002 01       		.byte	0x1
 694 0003 25       		.uleb128 0x25
 695 0004 0E       		.uleb128 0xe
 696 0005 13       		.uleb128 0x13
 697 0006 0B       		.uleb128 0xb
 698 0007 03       		.uleb128 0x3
 699 0008 0E       		.uleb128 0xe
 700 0009 1B       		.uleb128 0x1b
 701 000a 0E       		.uleb128 0xe
 702 000b 55       		.uleb128 0x55
 703 000c 17       		.uleb128 0x17
 704 000d 11       		.uleb128 0x11
 705 000e 01       		.uleb128 0x1
 706 000f 10       		.uleb128 0x10
 707 0010 17       		.uleb128 0x17
 708 0011 00       		.byte	0
 709 0012 00       		.byte	0
 710 0013 02       		.uleb128 0x2
 711 0014 24       		.uleb128 0x24
ARM GAS  C:\Users\DMYTRO~1.FED\AppData\Local\Temp\cc4h0FXc.s 			page 16


 712 0015 00       		.byte	0
 713 0016 0B       		.uleb128 0xb
 714 0017 0B       		.uleb128 0xb
 715 0018 3E       		.uleb128 0x3e
 716 0019 0B       		.uleb128 0xb
 717 001a 03       		.uleb128 0x3
 718 001b 0E       		.uleb128 0xe
 719 001c 00       		.byte	0
 720 001d 00       		.byte	0
 721 001e 03       		.uleb128 0x3
 722 001f 16       		.uleb128 0x16
 723 0020 00       		.byte	0
 724 0021 03       		.uleb128 0x3
 725 0022 0E       		.uleb128 0xe
 726 0023 3A       		.uleb128 0x3a
 727 0024 0B       		.uleb128 0xb
 728 0025 3B       		.uleb128 0x3b
 729 0026 0B       		.uleb128 0xb
 730 0027 49       		.uleb128 0x49
 731 0028 13       		.uleb128 0x13
 732 0029 00       		.byte	0
 733 002a 00       		.byte	0
 734 002b 04       		.uleb128 0x4
 735 002c 24       		.uleb128 0x24
 736 002d 00       		.byte	0
 737 002e 0B       		.uleb128 0xb
 738 002f 0B       		.uleb128 0xb
 739 0030 3E       		.uleb128 0x3e
 740 0031 0B       		.uleb128 0xb
 741 0032 03       		.uleb128 0x3
 742 0033 08       		.uleb128 0x8
 743 0034 00       		.byte	0
 744 0035 00       		.byte	0
 745 0036 05       		.uleb128 0x5
 746 0037 04       		.uleb128 0x4
 747 0038 01       		.byte	0x1
 748 0039 0B       		.uleb128 0xb
 749 003a 0B       		.uleb128 0xb
 750 003b 49       		.uleb128 0x49
 751 003c 13       		.uleb128 0x13
 752 003d 3A       		.uleb128 0x3a
 753 003e 0B       		.uleb128 0xb
 754 003f 3B       		.uleb128 0x3b
 755 0040 0B       		.uleb128 0xb
 756 0041 01       		.uleb128 0x1
 757 0042 13       		.uleb128 0x13
 758 0043 00       		.byte	0
 759 0044 00       		.byte	0
 760 0045 06       		.uleb128 0x6
 761 0046 28       		.uleb128 0x28
 762 0047 00       		.byte	0
 763 0048 03       		.uleb128 0x3
 764 0049 0E       		.uleb128 0xe
 765 004a 1C       		.uleb128 0x1c
 766 004b 0B       		.uleb128 0xb
 767 004c 00       		.byte	0
 768 004d 00       		.byte	0
ARM GAS  C:\Users\DMYTRO~1.FED\AppData\Local\Temp\cc4h0FXc.s 			page 17


 769 004e 07       		.uleb128 0x7
 770 004f 0F       		.uleb128 0xf
 771 0050 00       		.byte	0
 772 0051 0B       		.uleb128 0xb
 773 0052 0B       		.uleb128 0xb
 774 0053 49       		.uleb128 0x49
 775 0054 13       		.uleb128 0x13
 776 0055 00       		.byte	0
 777 0056 00       		.byte	0
 778 0057 08       		.uleb128 0x8
 779 0058 15       		.uleb128 0x15
 780 0059 01       		.byte	0x1
 781 005a 27       		.uleb128 0x27
 782 005b 19       		.uleb128 0x19
 783 005c 01       		.uleb128 0x1
 784 005d 13       		.uleb128 0x13
 785 005e 00       		.byte	0
 786 005f 00       		.byte	0
 787 0060 09       		.uleb128 0x9
 788 0061 05       		.uleb128 0x5
 789 0062 00       		.byte	0
 790 0063 49       		.uleb128 0x49
 791 0064 13       		.uleb128 0x13
 792 0065 00       		.byte	0
 793 0066 00       		.byte	0
 794 0067 0A       		.uleb128 0xa
 795 0068 13       		.uleb128 0x13
 796 0069 01       		.byte	0x1
 797 006a 0B       		.uleb128 0xb
 798 006b 0B       		.uleb128 0xb
 799 006c 3A       		.uleb128 0x3a
 800 006d 0B       		.uleb128 0xb
 801 006e 3B       		.uleb128 0x3b
 802 006f 0B       		.uleb128 0xb
 803 0070 01       		.uleb128 0x1
 804 0071 13       		.uleb128 0x13
 805 0072 00       		.byte	0
 806 0073 00       		.byte	0
 807 0074 0B       		.uleb128 0xb
 808 0075 0D       		.uleb128 0xd
 809 0076 00       		.byte	0
 810 0077 03       		.uleb128 0x3
 811 0078 0E       		.uleb128 0xe
 812 0079 3A       		.uleb128 0x3a
 813 007a 0B       		.uleb128 0xb
 814 007b 3B       		.uleb128 0x3b
 815 007c 0B       		.uleb128 0xb
 816 007d 49       		.uleb128 0x49
 817 007e 13       		.uleb128 0x13
 818 007f 38       		.uleb128 0x38
 819 0080 0B       		.uleb128 0xb
 820 0081 00       		.byte	0
 821 0082 00       		.byte	0
 822 0083 0C       		.uleb128 0xc
 823 0084 2E       		.uleb128 0x2e
 824 0085 01       		.byte	0x1
 825 0086 3F       		.uleb128 0x3f
ARM GAS  C:\Users\DMYTRO~1.FED\AppData\Local\Temp\cc4h0FXc.s 			page 18


 826 0087 19       		.uleb128 0x19
 827 0088 03       		.uleb128 0x3
 828 0089 0E       		.uleb128 0xe
 829 008a 3A       		.uleb128 0x3a
 830 008b 0B       		.uleb128 0xb
 831 008c 3B       		.uleb128 0x3b
 832 008d 0B       		.uleb128 0xb
 833 008e 27       		.uleb128 0x27
 834 008f 19       		.uleb128 0x19
 835 0090 49       		.uleb128 0x49
 836 0091 13       		.uleb128 0x13
 837 0092 20       		.uleb128 0x20
 838 0093 0B       		.uleb128 0xb
 839 0094 01       		.uleb128 0x1
 840 0095 13       		.uleb128 0x13
 841 0096 00       		.byte	0
 842 0097 00       		.byte	0
 843 0098 0D       		.uleb128 0xd
 844 0099 05       		.uleb128 0x5
 845 009a 00       		.byte	0
 846 009b 03       		.uleb128 0x3
 847 009c 0E       		.uleb128 0xe
 848 009d 3A       		.uleb128 0x3a
 849 009e 0B       		.uleb128 0xb
 850 009f 3B       		.uleb128 0x3b
 851 00a0 0B       		.uleb128 0xb
 852 00a1 49       		.uleb128 0x49
 853 00a2 13       		.uleb128 0x13
 854 00a3 00       		.byte	0
 855 00a4 00       		.byte	0
 856 00a5 0E       		.uleb128 0xe
 857 00a6 2E       		.uleb128 0x2e
 858 00a7 01       		.byte	0x1
 859 00a8 3F       		.uleb128 0x3f
 860 00a9 19       		.uleb128 0x19
 861 00aa 03       		.uleb128 0x3
 862 00ab 0E       		.uleb128 0xe
 863 00ac 3A       		.uleb128 0x3a
 864 00ad 0B       		.uleb128 0xb
 865 00ae 3B       		.uleb128 0x3b
 866 00af 0B       		.uleb128 0xb
 867 00b0 27       		.uleb128 0x27
 868 00b1 19       		.uleb128 0x19
 869 00b2 11       		.uleb128 0x11
 870 00b3 01       		.uleb128 0x1
 871 00b4 12       		.uleb128 0x12
 872 00b5 06       		.uleb128 0x6
 873 00b6 40       		.uleb128 0x40
 874 00b7 18       		.uleb128 0x18
 875 00b8 9742     		.uleb128 0x2117
 876 00ba 19       		.uleb128 0x19
 877 00bb 01       		.uleb128 0x1
 878 00bc 13       		.uleb128 0x13
 879 00bd 00       		.byte	0
 880 00be 00       		.byte	0
 881 00bf 0F       		.uleb128 0xf
 882 00c0 898201   		.uleb128 0x4109
ARM GAS  C:\Users\DMYTRO~1.FED\AppData\Local\Temp\cc4h0FXc.s 			page 19


 883 00c3 00       		.byte	0
 884 00c4 11       		.uleb128 0x11
 885 00c5 01       		.uleb128 0x1
 886 00c6 31       		.uleb128 0x31
 887 00c7 13       		.uleb128 0x13
 888 00c8 00       		.byte	0
 889 00c9 00       		.byte	0
 890 00ca 10       		.uleb128 0x10
 891 00cb 05       		.uleb128 0x5
 892 00cc 00       		.byte	0
 893 00cd 03       		.uleb128 0x3
 894 00ce 0E       		.uleb128 0xe
 895 00cf 3A       		.uleb128 0x3a
 896 00d0 0B       		.uleb128 0xb
 897 00d1 3B       		.uleb128 0x3b
 898 00d2 0B       		.uleb128 0xb
 899 00d3 49       		.uleb128 0x49
 900 00d4 13       		.uleb128 0x13
 901 00d5 02       		.uleb128 0x2
 902 00d6 17       		.uleb128 0x17
 903 00d7 00       		.byte	0
 904 00d8 00       		.byte	0
 905 00d9 11       		.uleb128 0x11
 906 00da 898201   		.uleb128 0x4109
 907 00dd 01       		.byte	0x1
 908 00de 11       		.uleb128 0x11
 909 00df 01       		.uleb128 0x1
 910 00e0 31       		.uleb128 0x31
 911 00e1 13       		.uleb128 0x13
 912 00e2 01       		.uleb128 0x1
 913 00e3 13       		.uleb128 0x13
 914 00e4 00       		.byte	0
 915 00e5 00       		.byte	0
 916 00e6 12       		.uleb128 0x12
 917 00e7 8A8201   		.uleb128 0x410a
 918 00ea 00       		.byte	0
 919 00eb 02       		.uleb128 0x2
 920 00ec 18       		.uleb128 0x18
 921 00ed 9142     		.uleb128 0x2111
 922 00ef 18       		.uleb128 0x18
 923 00f0 00       		.byte	0
 924 00f1 00       		.byte	0
 925 00f2 13       		.uleb128 0x13
 926 00f3 898201   		.uleb128 0x4109
 927 00f6 01       		.byte	0x1
 928 00f7 11       		.uleb128 0x11
 929 00f8 01       		.uleb128 0x1
 930 00f9 31       		.uleb128 0x31
 931 00fa 13       		.uleb128 0x13
 932 00fb 00       		.byte	0
 933 00fc 00       		.byte	0
 934 00fd 14       		.uleb128 0x14
 935 00fe 1D       		.uleb128 0x1d
 936 00ff 01       		.byte	0x1
 937 0100 31       		.uleb128 0x31
 938 0101 13       		.uleb128 0x13
 939 0102 11       		.uleb128 0x11
ARM GAS  C:\Users\DMYTRO~1.FED\AppData\Local\Temp\cc4h0FXc.s 			page 20


 940 0103 01       		.uleb128 0x1
 941 0104 12       		.uleb128 0x12
 942 0105 06       		.uleb128 0x6
 943 0106 58       		.uleb128 0x58
 944 0107 0B       		.uleb128 0xb
 945 0108 59       		.uleb128 0x59
 946 0109 0B       		.uleb128 0xb
 947 010a 01       		.uleb128 0x1
 948 010b 13       		.uleb128 0x13
 949 010c 00       		.byte	0
 950 010d 00       		.byte	0
 951 010e 15       		.uleb128 0x15
 952 010f 05       		.uleb128 0x5
 953 0110 00       		.byte	0
 954 0111 31       		.uleb128 0x31
 955 0112 13       		.uleb128 0x13
 956 0113 02       		.uleb128 0x2
 957 0114 17       		.uleb128 0x17
 958 0115 00       		.byte	0
 959 0116 00       		.byte	0
 960 0117 16       		.uleb128 0x16
 961 0118 898201   		.uleb128 0x4109
 962 011b 01       		.byte	0x1
 963 011c 11       		.uleb128 0x11
 964 011d 01       		.uleb128 0x1
 965 011e 01       		.uleb128 0x1
 966 011f 13       		.uleb128 0x13
 967 0120 00       		.byte	0
 968 0121 00       		.byte	0
 969 0122 17       		.uleb128 0x17
 970 0123 898201   		.uleb128 0x4109
 971 0126 01       		.byte	0x1
 972 0127 11       		.uleb128 0x11
 973 0128 01       		.uleb128 0x1
 974 0129 00       		.byte	0
 975 012a 00       		.byte	0
 976 012b 18       		.uleb128 0x18
 977 012c 34       		.uleb128 0x34
 978 012d 00       		.byte	0
 979 012e 03       		.uleb128 0x3
 980 012f 0E       		.uleb128 0xe
 981 0130 3A       		.uleb128 0x3a
 982 0131 0B       		.uleb128 0xb
 983 0132 3B       		.uleb128 0x3b
 984 0133 0B       		.uleb128 0xb
 985 0134 49       		.uleb128 0x49
 986 0135 13       		.uleb128 0x13
 987 0136 02       		.uleb128 0x2
 988 0137 18       		.uleb128 0x18
 989 0138 00       		.byte	0
 990 0139 00       		.byte	0
 991 013a 19       		.uleb128 0x19
 992 013b 2E       		.uleb128 0x2e
 993 013c 00       		.byte	0
 994 013d 3F       		.uleb128 0x3f
 995 013e 19       		.uleb128 0x19
 996 013f 3C       		.uleb128 0x3c
ARM GAS  C:\Users\DMYTRO~1.FED\AppData\Local\Temp\cc4h0FXc.s 			page 21


 997 0140 19       		.uleb128 0x19
 998 0141 6E       		.uleb128 0x6e
 999 0142 0E       		.uleb128 0xe
 1000 0143 03       		.uleb128 0x3
 1001 0144 0E       		.uleb128 0xe
 1002 0145 3A       		.uleb128 0x3a
 1003 0146 0B       		.uleb128 0xb
 1004 0147 3B       		.uleb128 0x3b
 1005 0148 0B       		.uleb128 0xb
 1006 0149 00       		.byte	0
 1007 014a 00       		.byte	0
 1008 014b 00       		.byte	0
 1009              		.section	.debug_loc,"",%progbits
 1010              	.Ldebug_loc0:
 1011              	.LLST0:
 1012 0000 00000000 		.4byte	.LVL2
 1013 0004 0C000000 		.4byte	.LVL3
 1014 0008 0100     		.2byte	0x1
 1015 000a 50       		.byte	0x50
 1016 000b 0C000000 		.4byte	.LVL3
 1017 000f 12000000 		.4byte	.LVL5
 1018 0013 0400     		.2byte	0x4
 1019 0015 F3       		.byte	0xf3
 1020 0016 01       		.uleb128 0x1
 1021 0017 50       		.byte	0x50
 1022 0018 9F       		.byte	0x9f
 1023 0019 12000000 		.4byte	.LVL5
 1024 001d 26000000 		.4byte	.LVL6
 1025 0021 0100     		.2byte	0x1
 1026 0023 50       		.byte	0x50
 1027 0024 26000000 		.4byte	.LVL6
 1028 0028 29000000 		.4byte	.LVL7-1
 1029 002c 0500     		.2byte	0x5
 1030 002e 03       		.byte	0x3
 1031 002f 10000000 		.4byte	userControl+16
 1032 0033 29000000 		.4byte	.LVL7-1
 1033 0037 3C000000 		.4byte	.LFE35
 1034 003b 0400     		.2byte	0x4
 1035 003d F3       		.byte	0xf3
 1036 003e 01       		.uleb128 0x1
 1037 003f 50       		.byte	0x50
 1038 0040 9F       		.byte	0x9f
 1039 0041 00000000 		.4byte	0
 1040 0045 00000000 		.4byte	0
 1041              	.LLST1:
 1042 0049 48000000 		.4byte	.LVL11
 1043 004d 4E000000 		.4byte	.LVL13
 1044 0051 0400     		.2byte	0x4
 1045 0053 0A       		.byte	0xa
 1046 0054 B80B     		.2byte	0xbb8
 1047 0056 9F       		.byte	0x9f
 1048 0057 00000000 		.4byte	0
 1049 005b 00000000 		.4byte	0
 1050              	.LLST2:
 1051 005f 48000000 		.4byte	.LVL11
 1052 0063 4E000000 		.4byte	.LVL13
 1053 0067 0100     		.2byte	0x1
ARM GAS  C:\Users\DMYTRO~1.FED\AppData\Local\Temp\cc4h0FXc.s 			page 22


 1054 0069 54       		.byte	0x54
 1055 006a 00000000 		.4byte	0
 1056 006e 00000000 		.4byte	0
 1057              	.LLST3:
 1058 0072 62000000 		.4byte	.LVL15
 1059 0076 68000000 		.4byte	.LVL17
 1060 007a 0400     		.2byte	0x4
 1061 007c 0A       		.byte	0xa
 1062 007d E803     		.2byte	0x3e8
 1063 007f 9F       		.byte	0x9f
 1064 0080 00000000 		.4byte	0
 1065 0084 00000000 		.4byte	0
 1066              	.LLST4:
 1067 0088 62000000 		.4byte	.LVL15
 1068 008c 68000000 		.4byte	.LVL17
 1069 0090 0100     		.2byte	0x1
 1070 0092 54       		.byte	0x54
 1071 0093 00000000 		.4byte	0
 1072 0097 00000000 		.4byte	0
 1073              		.section	.debug_aranges,"",%progbits
 1074 0000 2C000000 		.4byte	0x2c
 1075 0004 0200     		.2byte	0x2
 1076 0006 00000000 		.4byte	.Ldebug_info0
 1077 000a 04       		.byte	0x4
 1078 000b 00       		.byte	0
 1079 000c 0000     		.2byte	0
 1080 000e 0000     		.2byte	0
 1081 0010 00000000 		.4byte	.LFB34
 1082 0014 18000000 		.4byte	.LFE34-.LFB34
 1083 0018 00000000 		.4byte	.LFB35
 1084 001c 3C000000 		.4byte	.LFE35-.LFB35
 1085 0020 00000000 		.4byte	.LFB36
 1086 0024 98000000 		.4byte	.LFE36-.LFB36
 1087 0028 00000000 		.4byte	0
 1088 002c 00000000 		.4byte	0
 1089              		.section	.debug_ranges,"",%progbits
 1090              	.Ldebug_ranges0:
 1091 0000 00000000 		.4byte	.LFB34
 1092 0004 18000000 		.4byte	.LFE34
 1093 0008 00000000 		.4byte	.LFB35
 1094 000c 3C000000 		.4byte	.LFE35
 1095 0010 00000000 		.4byte	.LFB36
 1096 0014 98000000 		.4byte	.LFE36
 1097 0018 00000000 		.4byte	0
 1098 001c 00000000 		.4byte	0
 1099              		.section	.debug_line,"",%progbits
 1100              	.Ldebug_line0:
 1101 0000 01020000 		.section	.debug_str,"MS",%progbits,1
 1101      02008801 
 1101      00000201 
 1101      FB0E0D00 
 1101      01010101 
 1102              	.LASF36:
 1103 0000 75736572 		.ascii	"userControl_Init\000"
 1103      436F6E74 
 1103      726F6C5F 
 1103      496E6974 
ARM GAS  C:\Users\DMYTRO~1.FED\AppData\Local\Temp\cc4h0FXc.s 			page 23


 1103      00
 1104              	.LASF25:
 1105 0011 6C6F6E67 		.ascii	"longPressSend\000"
 1105      50726573 
 1105      7353656E 
 1105      6400
 1106              	.LASF35:
 1107 001f 4973725F 		.ascii	"Isr_UC_Btn_Handler\000"
 1107      55435F42 
 1107      746E5F48 
 1107      616E646C 
 1107      657200
 1108              	.LASF49:
 1109 0032 75736572 		.ascii	"userControl\000"
 1109      436F6E74 
 1109      726F6C00 
 1110              	.LASF5:
 1111 003e 5F5F7569 		.ascii	"__uint8_t\000"
 1111      6E74385F 
 1111      7400
 1112              	.LASF19:
 1113 0048 42544E5F 		.ascii	"BTN_SHORT_PRESS\000"
 1113      53484F52 
 1113      545F5052 
 1113      45535300 
 1114              	.LASF40:
 1115 0058 75617274 		.ascii	"uartPrintf\000"
 1115      5072696E 
 1115      746600
 1116              	.LASF21:
 1117 0063 75736572 		.ascii	"userControlBtnState_t\000"
 1117      436F6E74 
 1117      726F6C42 
 1117      746E5374 
 1117      6174655F 
 1118              	.LASF34:
 1119 0079 70657269 		.ascii	"period\000"
 1119      6F6400
 1120              	.LASF24:
 1121 0080 69734952 		.ascii	"isIRQ\000"
 1121      5100
 1122              	.LASF32:
 1123 0086 75736572 		.ascii	"userControl_t\000"
 1123      436F6E74 
 1123      726F6C5F 
 1123      7400
 1124              	.LASF33:
 1125 0094 73617665 		.ascii	"savedTime\000"
 1125      6454696D 
 1125      6500
 1126              	.LASF28:
 1127 009e 63757253 		.ascii	"curState\000"
 1127      74617465 
 1127      00
 1128              	.LASF13:
 1129 00a7 666C6F61 		.ascii	"float\000"
 1129      7400
ARM GAS  C:\Users\DMYTRO~1.FED\AppData\Local\Temp\cc4h0FXc.s 			page 24


 1130              	.LASF23:
 1131 00ad 6973496E 		.ascii	"isInit\000"
 1131      697400
 1132              	.LASF1:
 1133 00b4 756E7369 		.ascii	"unsigned char\000"
 1133      676E6564 
 1133      20636861 
 1133      7200
 1134              	.LASF29:
 1135 00c2 70726576 		.ascii	"prevState\000"
 1135      53746174 
 1135      6500
 1136              	.LASF7:
 1137 00cc 6C6F6E67 		.ascii	"long unsigned int\000"
 1137      20756E73 
 1137      69676E65 
 1137      6420696E 
 1137      7400
 1138              	.LASF3:
 1139 00de 73686F72 		.ascii	"short unsigned int\000"
 1139      7420756E 
 1139      7369676E 
 1139      65642069 
 1139      6E7400
 1140              	.LASF4:
 1141 00f1 6C6F6E67 		.ascii	"long int\000"
 1141      20696E74 
 1141      00
 1142              	.LASF45:
 1143 00fa 75736572 		.ascii	"userControls.c\000"
 1143      436F6E74 
 1143      726F6C73 
 1143      2E6300
 1144              	.LASF14:
 1145 0109 646F7562 		.ascii	"double\000"
 1145      6C6500
 1146              	.LASF18:
 1147 0110 42544E5F 		.ascii	"BTN_LONG_PRESS\000"
 1147      4C4F4E47 
 1147      5F505245 
 1147      535300
 1148              	.LASF26:
 1149 011f 74696D65 		.ascii	"timeStampPrev\000"
 1149      5374616D 
 1149      70507265 
 1149      7600
 1150              	.LASF47:
 1151 012d 73797354 		.ascii	"sysTickTimer_IsTimePassedMs\000"
 1151      69636B54 
 1151      696D6572 
 1151      5F497354 
 1151      696D6550 
 1152              	.LASF6:
 1153 0149 5F5F7569 		.ascii	"__uint32_t\000"
 1153      6E743332 
 1153      5F7400
 1154              	.LASF41:
ARM GAS  C:\Users\DMYTRO~1.FED\AppData\Local\Temp\cc4h0FXc.s 			page 25


 1155 0154 4973725F 		.ascii	"Isr_UC_Btn_StartEx\000"
 1155      55435F42 
 1155      746E5F53 
 1155      74617274 
 1155      457800
 1156              	.LASF10:
 1157 0167 756E7369 		.ascii	"unsigned int\000"
 1157      676E6564 
 1157      20696E74 
 1157      00
 1158              	.LASF42:
 1159 0174 73797354 		.ascii	"sysTickTimer_GetTimeMs\000"
 1159      69636B54 
 1159      696D6572 
 1159      5F476574 
 1159      54696D65 
 1160              	.LASF9:
 1161 018b 6C6F6E67 		.ascii	"long long unsigned int\000"
 1161      206C6F6E 
 1161      6720756E 
 1161      7369676E 
 1161      65642069 
 1162              	.LASF11:
 1163 01a2 75696E74 		.ascii	"uint8_t\000"
 1163      385F7400 
 1164              	.LASF22:
 1165 01aa 6F6E4274 		.ascii	"onBtnChange_t\000"
 1165      6E436861 
 1165      6E67655F 
 1165      7400
 1166              	.LASF20:
 1167 01b8 42544E5F 		.ascii	"BTN_MIDDLE_PRESS\000"
 1167      4D494444 
 1167      4C455F50 
 1167      52455353 
 1167      00
 1168              	.LASF48:
 1169 01c9 62746E5F 		.ascii	"btn_cb\000"
 1169      636200
 1170              	.LASF27:
 1171 01d0 74696D65 		.ascii	"timeStampCur\000"
 1171      5374616D 
 1171      70437572 
 1171      00
 1172              	.LASF39:
 1173 01dd 4973725F 		.ascii	"Isr_UC_Btn_ClearPending\000"
 1173      55435F42 
 1173      746E5F43 
 1173      6C656172 
 1173      50656E64 
 1174              	.LASF43:
 1175 01f5 42757474 		.ascii	"Button_Read\000"
 1175      6F6E5F52 
 1175      65616400 
 1176              	.LASF17:
 1177 0201 73697A65 		.ascii	"sizetype\000"
 1177      74797065 
ARM GAS  C:\Users\DMYTRO~1.FED\AppData\Local\Temp\cc4h0FXc.s 			page 26


 1177      00
 1178              	.LASF8:
 1179 020a 6C6F6E67 		.ascii	"long long int\000"
 1179      206C6F6E 
 1179      6720696E 
 1179      7400
 1180              	.LASF30:
 1181 0218 6F6E4274 		.ascii	"onBtnChangeCb\000"
 1181      6E436861 
 1181      6E676543 
 1181      6200
 1182              	.LASF15:
 1183 0226 63686172 		.ascii	"char\000"
 1183      00
 1184              	.LASF46:
 1185 022b 433A5C55 		.ascii	"C:\\Users\\dmytro.fedorchenko\\Documents\\PSoC Crea"
 1185      73657273 
 1185      5C646D79 
 1185      74726F2E 
 1185      6665646F 
 1186 025a 746F725C 		.ascii	"tor\\PWM01\\midiPlayer.cydsn\000"
 1186      50574D30 
 1186      315C6D69 
 1186      6469506C 
 1186      61796572 
 1187              	.LASF2:
 1188 0275 73686F72 		.ascii	"short int\000"
 1188      7420696E 
 1188      7400
 1189              	.LASF37:
 1190 027f 75736572 		.ascii	"userControl_Run\000"
 1190      436F6E74 
 1190      726F6C5F 
 1190      52756E00 
 1191              	.LASF12:
 1192 028f 75696E74 		.ascii	"uint32_t\000"
 1192      33325F74 
 1192      00
 1193              	.LASF38:
 1194 0298 42757474 		.ascii	"Button_ClearInterrupt\000"
 1194      6F6E5F43 
 1194      6C656172 
 1194      496E7465 
 1194      72727570 
 1195              	.LASF16:
 1196 02ae 6C6F6E67 		.ascii	"long double\000"
 1196      20646F75 
 1196      626C6500 
 1197              	.LASF44:
 1198 02ba 474E5520 		.ascii	"GNU C11 5.4.1 20160609 (release) [ARM/embedded-5-br"
 1198      43313120 
 1198      352E342E 
 1198      31203230 
 1198      31363036 
 1199 02ed 616E6368 		.ascii	"anch revision 237715] -mcpu=cortex-m0plus -mthumb -"
 1199      20726576 
 1199      6973696F 
ARM GAS  C:\Users\DMYTRO~1.FED\AppData\Local\Temp\cc4h0FXc.s 			page 27


 1199      6E203233 
 1199      37373135 
 1200 0320 67202D4F 		.ascii	"g -Og -ffunction-sections -ffat-lto-objects\000"
 1200      67202D66 
 1200      66756E63 
 1200      74696F6E 
 1200      2D736563 
 1201              	.LASF0:
 1202 034c 7369676E 		.ascii	"signed char\000"
 1202      65642063 
 1202      68617200 
 1203              	.LASF31:
 1204 0358 5F426F6F 		.ascii	"_Bool\000"
 1204      6C00
 1205              		.ident	"GCC: (GNU Tools for ARM Embedded Processors) 5.4.1 20160609 (release) [ARM/embedded-5-bran
