Loading plugins phase: Elapsed time ==> 0s.233ms
<CYPRESSTAG name="CyDsfit arguments...">
cydsfit arguments: -.fdsnotice -.fdswarpdepfile=warp_dependencies.txt -.fdselabdepfile=elab_dependencies.txt -.fdsbldfile=generated_files.txt -.fdsreffile=referenced_files.txt -p C:\Users\dmytro.fedorchenko\Documents\PSoC Creator\PWM01\midiPlayer.cydsn\midiPlayer.cyprj -d CY8C4045AZI-S413 -s C:\Users\dmytro.fedorchenko\Documents\PSoC Creator\PWM01\midiPlayer.cydsn\Generated_Source\PSoC4 -- -yv2 -q10 -ygs -o2 -v3 -.fftcfgtype=LE
</CYPRESSTAG>
<CYPRESSTAG name="Design elaboration results...">
</CYPRESSTAG>
Elaboration phase: Elapsed time ==> 2s.604ms
<CYPRESSTAG name="HDL generation results...">
</CYPRESSTAG>
HDL generation phase: Elapsed time ==> 0s.047ms
<CYPRESSTAG name="Synthesis results...">

     | | | | | | |
   _________________
  -|               |-
  -|               |-
  -|               |-
  -|    CYPRESS    |-
  -|               |-
  -|               |-   Warp Verilog Synthesis Compiler: Version 6.3 IR 41
  -|               |-   Copyright (C) 1991-2001 Cypress Semiconductor
   |_______________|
     | | | | | | |

======================================================================
Compiling:  midiPlayer.v
Program  :   C:\Program Files (x86)\Cypress\PSoC Creator\4.2\PSoC Creator\warp\bin\warp.exe
Options  :    -yv2 -q10 -ygs -o2 -v3 -.fftcfgtype=LE -ya -.fftprj=C:\Users\dmytro.fedorchenko\Documents\PSoC Creator\PWM01\midiPlayer.cydsn\midiPlayer.cyprj -dcpsoc3 midiPlayer.v -verilog
======================================================================

======================================================================
Compiling:  midiPlayer.v
Program  :   C:\Program Files (x86)\Cypress\PSoC Creator\4.2\PSoC Creator\warp\bin\warp.exe
Options  :    -yv2 -q10 -ygs -o2 -v3 -.fftcfgtype=LE -ya -.fftprj=C:\Users\dmytro.fedorchenko\Documents\PSoC Creator\PWM01\midiPlayer.cydsn\midiPlayer.cyprj -dcpsoc3 midiPlayer.v -verilog
======================================================================

======================================================================
Compiling:  midiPlayer.v
Program  :   vlogfe
Options  :    -yv2 -q10 -ygs -o2 -v3 -.fftcfgtype=LE -ya -.fftprj=C:\Users\dmytro.fedorchenko\Documents\PSoC Creator\PWM01\midiPlayer.cydsn\midiPlayer.cyprj -dcpsoc3 -verilog midiPlayer.v
======================================================================

vlogfe V6.3 IR 41:  Verilog parser
Wed Jul 11 22:33:36 2018


======================================================================
Compiling:  midiPlayer.v
Program  :   vpp
Options  :    -yv2 -q10 midiPlayer.v
======================================================================

vpp V6.3 IR 41:  Verilog Pre-Processor
Wed Jul 11 22:33:36 2018

Flattening file 'C:\Program Files (x86)\Cypress\PSoC Creator\4.2\PSoC Creator\psoc\content\CyPrimitives\cyprimitives.cylib\cy_virtualmux_v1_0\cy_virtualmux_v1_0.v'
Flattening file 'C:\Program Files (x86)\Cypress\PSoC Creator\4.2\PSoC Creator\psoc\content\CyPrimitives\cyprimitives.cylib\ZeroTerminal\ZeroTerminal.v'
Flattening file 'C:\Program Files (x86)\Cypress\PSoC Creator\4.2\PSoC Creator\psoc\content\CyPrimitives\cyprimitives.cylib\or_v1_0\or_v1_0.v'

vpp:  No errors.

Library 'work' => directory 'lcpsoc3'
General_symbol_table
General_symbol_table
Linking 'C:\Program Files (x86)\Cypress\PSoC Creator\4.2\PSoC Creator\warp\lib\common\std.vhd'.
Linking 'C:\Program Files (x86)\Cypress\PSoC Creator\4.2\PSoC Creator\warp\lib\common\cypress.vhd'.
Linking 'C:\Program Files (x86)\Cypress\PSoC Creator\4.2\PSoC Creator\warp\lib\common\work\cypress.vif'.
Linking 'C:\Program Files (x86)\Cypress\PSoC Creator\4.2\PSoC Creator\warp\lib\ieee\work\stdlogic.vif'.
Linking 'C:\Program Files (x86)\Cypress\PSoC Creator\4.2\PSoC Creator\warp\lib\common\stdlogic\lpmpkg.vif'.
Linking 'C:\Program Files (x86)\Cypress\PSoC Creator\4.2\PSoC Creator\warp\lib\common\stdlogic\rtlpkg.vif'.
Linking 'C:\Program Files (x86)\Cypress\PSoC Creator\4.2\PSoC Creator\warp\lib\common\stdlogic\mod_cnst.vif'.
Linking 'C:\Program Files (x86)\Cypress\PSoC Creator\4.2\PSoC Creator\warp\lib\common\stdlogic\mod_mthv.vif'.
Linking 'C:\Program Files (x86)\Cypress\PSoC Creator\4.2\PSoC Creator\warp\lib\common\stdlogic\mod_genv.vif'.
Using control file 'midiPlayer.ctl'.

vlogfe:  No errors.


======================================================================
Compiling:  midiPlayer.v
Program  :   tovif
Options  :    -yv2 -q10 -ygs -o2 -v3 -.fftcfgtype=LE -ya -.fftprj=C:\Users\dmytro.fedorchenko\Documents\PSoC Creator\PWM01\midiPlayer.cydsn\midiPlayer.cyprj -dcpsoc3 -verilog midiPlayer.v
======================================================================

tovif V6.3 IR 41:  High-level synthesis
Wed Jul 11 22:33:36 2018

Linking 'C:\Program Files (x86)\Cypress\PSoC Creator\4.2\PSoC Creator\warp\lib\common\std.vhd'.
Linking 'C:\Program Files (x86)\Cypress\PSoC Creator\4.2\PSoC Creator\warp\lib\common\cypress.vhd'.
Linking 'C:\Program Files (x86)\Cypress\PSoC Creator\4.2\PSoC Creator\warp\lib\common\work\cypress.vif'.
Linking 'C:\Program Files (x86)\Cypress\PSoC Creator\4.2\PSoC Creator\warp\lib\ieee\work\stdlogic.vif'.
Linking 'C:\Program Files (x86)\Cypress\PSoC Creator\4.2\PSoC Creator\warp\lib\common\stdlogic\lpmpkg.vif'.
Linking 'C:\Program Files (x86)\Cypress\PSoC Creator\4.2\PSoC Creator\warp\lib\common\stdlogic\rtlpkg.vif'.
Linking 'C:\Program Files (x86)\Cypress\PSoC Creator\4.2\PSoC Creator\warp\lib\common\stdlogic\mod_cnst.vif'.
Linking 'C:\Program Files (x86)\Cypress\PSoC Creator\4.2\PSoC Creator\warp\lib\common\stdlogic\mod_mthv.vif'.
Linking 'C:\Program Files (x86)\Cypress\PSoC Creator\4.2\PSoC Creator\warp\lib\common\stdlogic\mod_genv.vif'.
Linking 'C:\Users\dmytro.fedorchenko\Documents\PSoC Creator\PWM01\midiPlayer.cydsn\codegentemp\midiPlayer.ctl'.
Linking 'C:\Program Files (x86)\Cypress\PSoC Creator\4.2\PSoC Creator\psoc\content\CyPrimitives\cyprimitives.cylib\cy_virtualmux_v1_0\cy_virtualmux_v1_0.v'.
Linking 'C:\Users\dmytro.fedorchenko\Documents\PSoC Creator\PWM01\midiPlayer.cydsn\codegentemp\midiPlayer.v'.
Linking 'C:\Program Files (x86)\Cypress\PSoC Creator\4.2\PSoC Creator\psoc\content\CyPrimitives\cyprimitives.cylib\ZeroTerminal\ZeroTerminal.v'.
Linking 'C:\Program Files (x86)\Cypress\PSoC Creator\4.2\PSoC Creator\psoc\content\CyPrimitives\cyprimitives.cylib\or_v1_0\or_v1_0.v'.

tovif:  No errors.


======================================================================
Compiling:  midiPlayer.v
Program  :   topld
Options  :    -yv2 -q10 -ygs -o2 -v3 -.fftcfgtype=LE -ya -.fftprj=C:\Users\dmytro.fedorchenko\Documents\PSoC Creator\PWM01\midiPlayer.cydsn\midiPlayer.cyprj -dcpsoc3 -verilog midiPlayer.v
======================================================================

topld V6.3 IR 41:  Synthesis and optimization
Wed Jul 11 22:33:36 2018

Linking 'C:\Program Files (x86)\Cypress\PSoC Creator\4.2\PSoC Creator\warp\lib\common\std.vhd'.
Linking 'C:\Program Files (x86)\Cypress\PSoC Creator\4.2\PSoC Creator\warp\lib\common\cypress.vhd'.
Linking 'C:\Program Files (x86)\Cypress\PSoC Creator\4.2\PSoC Creator\warp\lib\common\work\cypress.vif'.
Linking 'C:\Program Files (x86)\Cypress\PSoC Creator\4.2\PSoC Creator\warp\lib\ieee\work\stdlogic.vif'.
Linking 'C:\Program Files (x86)\Cypress\PSoC Creator\4.2\PSoC Creator\warp\lib\common\stdlogic\lpmpkg.vif'.
Linking 'C:\Program Files (x86)\Cypress\PSoC Creator\4.2\PSoC Creator\warp\lib\common\stdlogic\rtlpkg.vif'.
Linking 'C:\Program Files (x86)\Cypress\PSoC Creator\4.2\PSoC Creator\warp\lib\common\stdlogic\mod_cnst.vif'.
Linking 'C:\Program Files (x86)\Cypress\PSoC Creator\4.2\PSoC Creator\warp\lib\common\stdlogic\mod_mthv.vif'.
Linking 'C:\Program Files (x86)\Cypress\PSoC Creator\4.2\PSoC Creator\warp\lib\common\stdlogic\mod_genv.vif'.
Linking 'C:\Users\dmytro.fedorchenko\Documents\PSoC Creator\PWM01\midiPlayer.cydsn\codegentemp\midiPlayer.ctl'.
Linking 'C:\Program Files (x86)\Cypress\PSoC Creator\4.2\PSoC Creator\psoc\content\CyPrimitives\cyprimitives.cylib\cy_virtualmux_v1_0\cy_virtualmux_v1_0.v'.
Linking 'C:\Users\dmytro.fedorchenko\Documents\PSoC Creator\PWM01\midiPlayer.cydsn\codegentemp\midiPlayer.v'.
Linking 'C:\Program Files (x86)\Cypress\PSoC Creator\4.2\PSoC Creator\psoc\content\CyPrimitives\cyprimitives.cylib\ZeroTerminal\ZeroTerminal.v'.
Linking 'C:\Program Files (x86)\Cypress\PSoC Creator\4.2\PSoC Creator\psoc\content\CyPrimitives\cyprimitives.cylib\or_v1_0\or_v1_0.v'.
Linking 'C:\Program Files (x86)\Cypress\PSoC Creator\4.2\PSoC Creator\warp\lib\lcpsoc3\stdlogic\cpsoc3.vif'.

----------------------------------------------------------
Detecting unused logic.
----------------------------------------------------------
    User names
	\UART:Net_1257\
	\UART:uncfg_rx_irq\
	\UART:Net_1099\
	\UART:Net_1258\
	Net_2161
	Net_2170
	Net_2171
	Net_2172
	Net_2173
	Net_2174
	Net_2175
	Net_2176
	Net_2178
	Net_2181
	\SPI:Net_1257\
	\SPI:uncfg_rx_irq\
	\SPI:Net_1099\
	\SPI:Net_1258\
	Net_643
	Net_652
	Net_653
	Net_654
	Net_655
	Net_656
	Net_657
	Net_658
	Net_660
	Net_663


Deleted 28 User equations/components.
Deleted 0 Synthesized equations/components.

------------------------------------------------------
Alias Detection
------------------------------------------------------
Aliasing \PWM:Net_66\ to \PWM:Net_75\
Aliasing \PWM:Net_82\ to \PWM:Net_75\
Aliasing \PWM:Net_72\ to \PWM:Net_75\
Aliasing tmpOE__Audio_OUT_net_0 to \PWM:Net_69\
Aliasing zero to \PWM:Net_75\
Aliasing one to \PWM:Net_69\
Aliasing \UART:select_s_wire\ to \PWM:Net_75\
Aliasing \UART:sclk_s_wire\ to \PWM:Net_75\
Aliasing \UART:mosi_s_wire\ to \PWM:Net_75\
Aliasing \UART:miso_m_wire\ to \PWM:Net_75\
Aliasing \UART:tmpOE__tx_net_0\ to \PWM:Net_69\
Aliasing \UART:tmpOE__rx_net_0\ to \PWM:Net_69\
Aliasing \UART:cts_wire\ to \PWM:Net_75\
Aliasing \SPI:select_s_wire\ to \PWM:Net_75\
Aliasing \SPI:rx_wire\ to \PWM:Net_75\
Aliasing \SPI:sclk_s_wire\ to \PWM:Net_75\
Aliasing \SPI:mosi_s_wire\ to \PWM:Net_75\
Aliasing \SPI:tmpOE__sclk_m_net_0\ to \PWM:Net_69\
Aliasing \SPI:tmpOE__miso_m_net_0\ to \PWM:Net_69\
Aliasing \SPI:tmpOE__mosi_m_net_0\ to \PWM:Net_69\
Aliasing \SPI:tmpOE__ss0_m_net_0\ to \PWM:Net_69\
Aliasing \SPI:cts_wire\ to \PWM:Net_75\
Aliasing \Timer_audio:Net_75\ to \PWM:Net_75\
Aliasing \Timer_audio:Net_69\ to \PWM:Net_69\
Aliasing \Timer_audio:Net_66\ to \PWM:Net_75\
Aliasing \Timer_audio:Net_82\ to \PWM:Net_75\
Aliasing \Timer_audio:Net_72\ to \PWM:Net_75\
Aliasing tmpOE__LED8_net_0 to \PWM:Net_69\
Aliasing tmpOE__LED7_net_0 to \PWM:Net_69\
Aliasing tmpOE__LED6_net_0 to \PWM:Net_69\
Aliasing tmpOE__LED5_net_0 to \PWM:Net_69\
Aliasing tmpOE__LED4_net_0 to \PWM:Net_69\
Aliasing tmpOE__LED9_net_0 to \PWM:Net_69\
Aliasing tmpOE__Button_net_0 to \PWM:Net_69\
Removing Lhs of wire \PWM:Net_81\[1] = Net_1246[13]
Removing Lhs of wire \PWM:Net_66\[4] = \PWM:Net_75\[2]
Removing Lhs of wire \PWM:Net_82\[5] = \PWM:Net_75\[2]
Removing Lhs of wire \PWM:Net_72\[6] = \PWM:Net_75\[2]
Removing Rhs of wire tmpOE__Audio_OUT_net_0[17] = \PWM:Net_69\[3]
Removing Rhs of wire zero[22] = \PWM:Net_75\[2]
Removing Lhs of wire one[23] = tmpOE__Audio_OUT_net_0[17]
Removing Lhs of wire \UART:select_s_wire\[31] = zero[22]
Removing Rhs of wire \UART:rx_wire\[32] = \UART:Net_1268\[33]
Removing Lhs of wire \UART:Net_1170\[36] = \UART:Net_847\[30]
Removing Lhs of wire \UART:sclk_s_wire\[37] = zero[22]
Removing Lhs of wire \UART:mosi_s_wire\[38] = zero[22]
Removing Lhs of wire \UART:miso_m_wire\[39] = zero[22]
Removing Lhs of wire \UART:tmpOE__tx_net_0\[41] = tmpOE__Audio_OUT_net_0[17]
Removing Lhs of wire \UART:tmpOE__rx_net_0\[50] = tmpOE__Audio_OUT_net_0[17]
Removing Lhs of wire \UART:cts_wire\[54] = zero[22]
Removing Lhs of wire \SPI:select_s_wire\[83] = zero[22]
Removing Lhs of wire \SPI:rx_wire\[84] = zero[22]
Removing Lhs of wire \SPI:Net_1170\[87] = \SPI:Net_847\[82]
Removing Lhs of wire \SPI:sclk_s_wire\[88] = zero[22]
Removing Lhs of wire \SPI:mosi_s_wire\[89] = zero[22]
Removing Rhs of wire \SPI:miso_m_wire\[90] = \SPI:Net_467\[91]
Removing Lhs of wire \SPI:tmpOE__sclk_m_net_0\[95] = tmpOE__Audio_OUT_net_0[17]
Removing Lhs of wire \SPI:tmpOE__miso_m_net_0\[102] = tmpOE__Audio_OUT_net_0[17]
Removing Lhs of wire \SPI:tmpOE__mosi_m_net_0\[107] = tmpOE__Audio_OUT_net_0[17]
Removing Lhs of wire \SPI:tmpOE__ss0_m_net_0\[114] = tmpOE__Audio_OUT_net_0[17]
Removing Lhs of wire \SPI:cts_wire\[120] = zero[22]
Removing Lhs of wire \Timer_audio:Net_81\[145] = Net_1162[156]
Removing Lhs of wire \Timer_audio:Net_75\[146] = zero[22]
Removing Lhs of wire \Timer_audio:Net_69\[147] = tmpOE__Audio_OUT_net_0[17]
Removing Lhs of wire \Timer_audio:Net_66\[148] = zero[22]
Removing Lhs of wire \Timer_audio:Net_82\[149] = zero[22]
Removing Lhs of wire \Timer_audio:Net_72\[150] = zero[22]
Removing Lhs of wire tmpOE__LED8_net_0[174] = tmpOE__Audio_OUT_net_0[17]
Removing Lhs of wire tmpOE__LED7_net_0[180] = tmpOE__Audio_OUT_net_0[17]
Removing Lhs of wire tmpOE__LED6_net_0[186] = tmpOE__Audio_OUT_net_0[17]
Removing Lhs of wire tmpOE__LED5_net_0[192] = tmpOE__Audio_OUT_net_0[17]
Removing Lhs of wire tmpOE__LED4_net_0[198] = tmpOE__Audio_OUT_net_0[17]
Removing Lhs of wire tmpOE__LED9_net_0[225] = tmpOE__Audio_OUT_net_0[17]
Removing Lhs of wire tmpOE__Button_net_0[236] = tmpOE__Audio_OUT_net_0[17]

------------------------------------------------------
Aliased 0 equations, 40 wires.
------------------------------------------------------

----------------------------------------------------------
Circuit simplification
----------------------------------------------------------

Substituting virtuals - pass 1:


----------------------------------------------------------
Circuit simplification results:

	Expanded 0 signals.
	Turned 0 signals into soft nodes.
	Maximum default expansion cost was set at 3.
----------------------------------------------------------

topld:  No errors.

CYPRESS_DIR    : C:\Program Files (x86)\Cypress\PSoC Creator\4.2\PSoC Creator\warp
Warp Program   : C:\Program Files (x86)\Cypress\PSoC Creator\4.2\PSoC Creator\warp\bin\warp.exe
Warp Arguments : -yv2 -q10 -ygs -o2 -v3 -.fftcfgtype=LE -ya "-.fftprj=C:\Users\dmytro.fedorchenko\Documents\PSoC Creator\PWM01\midiPlayer.cydsn\midiPlayer.cyprj" -dcpsoc3 midiPlayer.v -verilog
</CYPRESSTAG>
Warp synthesis phase: Elapsed time ==> 0s.401ms
<CYPRESSTAG name="Fitter results...">
<CYPRESSTAG name="Fitter startup details...">
cyp3fit: V4.2.0.641, Family: PSoC3, Started at: Wednesday, 11 July 2018 22:33:36
Options: -yv2 -q10 -ygs -o2 -v3 -.fftcfgtype=LE -ya -.fftprj=C:\Users\dmytro.fedorchenko\Documents\PSoC Creator\PWM01\midiPlayer.cydsn\midiPlayer.cyprj -d CY8C4045AZI-S413 midiPlayer.v -verilog
</CYPRESSTAG>
<CYPRESSTAG name="Design parsing">
Design parsing phase: Elapsed time ==> 0s.009ms
</CYPRESSTAG>
<CYPRESSTAG name="Tech Mapping">
<CYPRESSTAG name="Initial Mapping" icon="FILE_RPT_TECHM">
Info: mpr.M0053: Information from the design wide resources Pin Editor has overridden the control file entry for "\UART:tx(0)\". (App=cydsfit)
Info: mpr.M0053: Information from the design wide resources Pin Editor has overridden the control file entry for "\UART:rx(0)\". (App=cydsfit)

Removing unused cells resulting from optimization
Done removing unused cells.
<CYPRESSTAG name="Global Clock Selection" icon="FILE_RPT_TECHM">
    Fixed Function Clock 3: Automatic-assigning  clock 'Clock_1'. Signal=Net_1246_ff3
    Fixed Function Clock 0: Automatic-assigning  clock 'SPI_SCBCLK'. Signal=\SPI:Net_847_ff0\
    Fixed Function Clock 4: Automatic-assigning  clock 'Clock_2'. Signal=Net_1162_ff4
    Fixed Function Clock 1: Automatic-assigning  clock 'UART_SCBCLK'. Signal=\UART:Net_847_ff1\
<CYPRESSTAG name="UDB Clock/Enable Remapping Results">
</CYPRESSTAG>
</CYPRESSTAG>

Removing unused cells resulting from optimization
Done removing unused cells.
<CYPRESSTAG name="Duplicate Macrocell detection">
</CYPRESSTAG>
</CYPRESSTAG>
<CYPRESSTAG name="Duplicate Macrocell detection">
</CYPRESSTAG>
<CYPRESSTAG name="Design Equations" icon="FILE_RPT_EQUATION">

------------------------------------------------------------
Design Equations
------------------------------------------------------------
    <CYPRESSTAG name="Pin listing">

    ------------------------------------------------------------
    Pin listing
    ------------------------------------------------------------

    Pin : Name = Audio_OUT(0)
        Attributes:
            In Group/Port: True
            In Sync Option: AUTO
            Out Sync Option: NOSYNC
            Interrupt generated: False
            Interrupt mode: NONE
            Drive mode: RES_PULL_UP_DOWN
            VTrip: EITHER
            Slew: FAST
            Input Sync needed: False
            Output Sync needed: False
            SC shield enabled: False
            POR State: ANY
            LCD Mode: COMMON
            Register Mode: RegComb
            CaSense Mode: NEITHER
            Treat as pin: True
            Is OE Registered: False
            Uses Analog: False
            Can contain Digital: True
            Is SIO: False
            SIO Output Buf: NONREGULATED
            SIO Input Buf: SINGLE_ENDED
            SIO HiFreq: LOW
            SIO Hyst: DISABLED
            SIO Vtrip: MULTIPLIER_0_5
            SIO Multiplier Index: 0
            SIO RefSel: VCC_IO
            Required Capabilities: DIGITAL
            Initial Value: 1
            IO Voltage: 0
        PORT MAP (
            pa_out => Audio_OUT(0)__PA ,
            pin_input => Net_1324 ,
            annotation => Net_1186 ,
            pad => Audio_OUT(0)_PAD );
        Properties:
        {
        }

    Pin : Name = \UART:tx(0)\
        Attributes:
            In Group/Port: True
            In Sync Option: NOSYNC
            Out Sync Option: NOSYNC
            Interrupt generated: False
            Interrupt mode: NONE
            Drive mode: CMOS_OUT
            VTrip: CMOS
            Slew: FAST
            Input Sync needed: False
            Output Sync needed: False
            SC shield enabled: False
            POR State: ANY
            LCD Mode: COMMON
            Register Mode: RegComb
            CaSense Mode: NEITHER
            Treat as pin: True
            Is OE Registered: False
            Uses Analog: False
            Can contain Digital: True
            Is SIO: False
            SIO Output Buf: NONREGULATED
            SIO Input Buf: SINGLE_ENDED
            SIO HiFreq: LOW
            SIO Hyst: DISABLED
            SIO Vtrip: MULTIPLIER_0_5
            SIO Multiplier Index: 0
            SIO RefSel: VCC_IO
            Required Capabilities: DIGITAL
            Initial Value: 1
            IO Voltage: 0
        PORT MAP (
            pa_out => \UART:tx(0)\__PA ,
            pin_input => \UART:tx_wire\ ,
            pad => \UART:tx(0)_PAD\ );
        Properties:
        {
            port_location = "PORT(0,5)"
        }

    Pin : Name = \UART:rx(0)\
        Attributes:
            In Group/Port: True
            In Sync Option: NOSYNC
            Out Sync Option: AUTO
            Interrupt generated: False
            Interrupt mode: NONE
            Drive mode: HI_Z_DIGITAL
            VTrip: CMOS
            Slew: FAST
            Input Sync needed: False
            Output Sync needed: False
            SC shield enabled: False
            POR State: ANY
            LCD Mode: COMMON
            Register Mode: RegComb
            CaSense Mode: NEITHER
            Treat as pin: True
            Is OE Registered: False
            Uses Analog: False
            Can contain Digital: True
            Is SIO: False
            SIO Output Buf: NONREGULATED
            SIO Input Buf: SINGLE_ENDED
            SIO HiFreq: LOW
            SIO Hyst: DISABLED
            SIO Vtrip: MULTIPLIER_0_5
            SIO Multiplier Index: 0
            SIO RefSel: VCC_IO
            Required Capabilities: DIGITAL
            Initial Value: 0
            IO Voltage: 0
        PORT MAP (
            pa_out => \UART:rx(0)\__PA ,
            fb => \UART:rx_wire\ ,
            pad => \UART:rx(0)_PAD\ );
        Properties:
        {
            port_location = "PORT(0,4)"
        }

    Pin : Name = \SPI:sclk_m(0)\
        Attributes:
            In Group/Port: True
            In Sync Option: NOSYNC
            Out Sync Option: NOSYNC
            Interrupt generated: False
            Interrupt mode: NONE
            Drive mode: CMOS_OUT
            VTrip: CMOS
            Slew: FAST
            Input Sync needed: False
            Output Sync needed: False
            SC shield enabled: False
            POR State: ANY
            LCD Mode: COMMON
            Register Mode: RegComb
            CaSense Mode: NEITHER
            Treat as pin: True
            Is OE Registered: False
            Uses Analog: False
            Can contain Digital: True
            Is SIO: False
            SIO Output Buf: NONREGULATED
            SIO Input Buf: SINGLE_ENDED
            SIO HiFreq: LOW
            SIO Hyst: DISABLED
            SIO Vtrip: MULTIPLIER_0_5
            SIO Multiplier Index: 0
            SIO RefSel: VCC_IO
            Required Capabilities: DIGITAL
            Initial Value: 1
            IO Voltage: 0
        PORT MAP (
            pa_out => \SPI:sclk_m(0)\__PA ,
            pin_input => \SPI:sclk_m_wire\ ,
            pad => \SPI:sclk_m(0)_PAD\ );
        Properties:
        {
        }

    Pin : Name = \SPI:miso_m(0)\
        Attributes:
            In Group/Port: True
            In Sync Option: NOSYNC
            Out Sync Option: AUTO
            Interrupt generated: False
            Interrupt mode: NONE
            Drive mode: HI_Z_DIGITAL
            VTrip: CMOS
            Slew: FAST
            Input Sync needed: False
            Output Sync needed: False
            SC shield enabled: False
            POR State: ANY
            LCD Mode: COMMON
            Register Mode: RegComb
            CaSense Mode: NEITHER
            Treat as pin: True
            Is OE Registered: False
            Uses Analog: False
            Can contain Digital: True
            Is SIO: False
            SIO Output Buf: NONREGULATED
            SIO Input Buf: SINGLE_ENDED
            SIO HiFreq: LOW
            SIO Hyst: DISABLED
            SIO Vtrip: MULTIPLIER_0_5
            SIO Multiplier Index: 0
            SIO RefSel: VCC_IO
            Required Capabilities: DIGITAL
            Initial Value: 0
            IO Voltage: 0
        PORT MAP (
            pa_out => \SPI:miso_m(0)\__PA ,
            fb => \SPI:miso_m_wire\ ,
            pad => \SPI:miso_m(0)_PAD\ );
        Properties:
        {
        }

    Pin : Name = \SPI:mosi_m(0)\
        Attributes:
            In Group/Port: True
            In Sync Option: NOSYNC
            Out Sync Option: NOSYNC
            Interrupt generated: False
            Interrupt mode: NONE
            Drive mode: CMOS_OUT
            VTrip: CMOS
            Slew: FAST
            Input Sync needed: False
            Output Sync needed: False
            SC shield enabled: False
            POR State: ANY
            LCD Mode: COMMON
            Register Mode: RegComb
            CaSense Mode: NEITHER
            Treat as pin: True
            Is OE Registered: False
            Uses Analog: False
            Can contain Digital: True
            Is SIO: False
            SIO Output Buf: NONREGULATED
            SIO Input Buf: SINGLE_ENDED
            SIO HiFreq: LOW
            SIO Hyst: DISABLED
            SIO Vtrip: MULTIPLIER_0_5
            SIO Multiplier Index: 0
            SIO RefSel: VCC_IO
            Required Capabilities: DIGITAL
            Initial Value: 1
            IO Voltage: 0
        PORT MAP (
            pa_out => \SPI:mosi_m(0)\__PA ,
            pin_input => \SPI:mosi_m_wire\ ,
            pad => \SPI:mosi_m(0)_PAD\ );
        Properties:
        {
        }

    Pin : Name = \SPI:ss0_m(0)\
        Attributes:
            In Group/Port: True
            In Sync Option: NOSYNC
            Out Sync Option: NOSYNC
            Interrupt generated: False
            Interrupt mode: NONE
            Drive mode: CMOS_OUT
            VTrip: CMOS
            Slew: FAST
            Input Sync needed: False
            Output Sync needed: False
            SC shield enabled: False
            POR State: ANY
            LCD Mode: COMMON
            Register Mode: RegComb
            CaSense Mode: NEITHER
            Treat as pin: True
            Is OE Registered: False
            Uses Analog: False
            Can contain Digital: True
            Is SIO: False
            SIO Output Buf: NONREGULATED
            SIO Input Buf: SINGLE_ENDED
            SIO HiFreq: LOW
            SIO Hyst: DISABLED
            SIO Vtrip: MULTIPLIER_0_5
            SIO Multiplier Index: 0
            SIO RefSel: VCC_IO
            Required Capabilities: DIGITAL
            Initial Value: 1
            IO Voltage: 0
        PORT MAP (
            pa_out => \SPI:ss0_m(0)\__PA ,
            pin_input => \SPI:select_m_wire_0\ ,
            pad => \SPI:ss0_m(0)_PAD\ );
        Properties:
        {
        }

    Pin : Name = LED8(0)
        Attributes:
            In Group/Port: True
            In Sync Option: AUTO
            Out Sync Option: NOSYNC
            Interrupt generated: False
            Interrupt mode: NONE
            Drive mode: CMOS_OUT
            VTrip: EITHER
            Slew: FAST
            Input Sync needed: False
            Output Sync needed: False
            SC shield enabled: False
            POR State: ANY
            LCD Mode: COMMON
            Register Mode: RegComb
            CaSense Mode: NEITHER
            Treat as pin: True
            Is OE Registered: False
            Uses Analog: False
            Can contain Digital: True
            Is SIO: False
            SIO Output Buf: NONREGULATED
            SIO Input Buf: SINGLE_ENDED
            SIO HiFreq: LOW
            SIO Hyst: DISABLED
            SIO Vtrip: MULTIPLIER_0_5
            SIO Multiplier Index: 0
            SIO RefSel: VCC_IO
            Required Capabilities: DIGITAL
            Initial Value: 1
            IO Voltage: 0
        PORT MAP (
            pa_out => LED8(0)__PA ,
            pad => LED8(0)_PAD );
        Properties:
        {
        }

    Pin : Name = LED7(0)
        Attributes:
            In Group/Port: True
            In Sync Option: AUTO
            Out Sync Option: NOSYNC
            Interrupt generated: False
            Interrupt mode: NONE
            Drive mode: CMOS_OUT
            VTrip: EITHER
            Slew: FAST
            Input Sync needed: False
            Output Sync needed: False
            SC shield enabled: False
            POR State: ANY
            LCD Mode: COMMON
            Register Mode: RegComb
            CaSense Mode: NEITHER
            Treat as pin: True
            Is OE Registered: False
            Uses Analog: False
            Can contain Digital: True
            Is SIO: False
            SIO Output Buf: NONREGULATED
            SIO Input Buf: SINGLE_ENDED
            SIO HiFreq: LOW
            SIO Hyst: DISABLED
            SIO Vtrip: MULTIPLIER_0_5
            SIO Multiplier Index: 0
            SIO RefSel: VCC_IO
            Required Capabilities: DIGITAL
            Initial Value: 1
            IO Voltage: 0
        PORT MAP (
            pa_out => LED7(0)__PA ,
            pad => LED7(0)_PAD );
        Properties:
        {
        }

    Pin : Name = LED6(0)
        Attributes:
            In Group/Port: True
            In Sync Option: AUTO
            Out Sync Option: NOSYNC
            Interrupt generated: False
            Interrupt mode: NONE
            Drive mode: CMOS_OUT
            VTrip: EITHER
            Slew: FAST
            Input Sync needed: False
            Output Sync needed: False
            SC shield enabled: False
            POR State: ANY
            LCD Mode: COMMON
            Register Mode: RegComb
            CaSense Mode: NEITHER
            Treat as pin: True
            Is OE Registered: False
            Uses Analog: False
            Can contain Digital: True
            Is SIO: False
            SIO Output Buf: NONREGULATED
            SIO Input Buf: SINGLE_ENDED
            SIO HiFreq: LOW
            SIO Hyst: DISABLED
            SIO Vtrip: MULTIPLIER_0_5
            SIO Multiplier Index: 0
            SIO RefSel: VCC_IO
            Required Capabilities: DIGITAL
            Initial Value: 1
            IO Voltage: 0
        PORT MAP (
            pa_out => LED6(0)__PA ,
            pad => LED6(0)_PAD );
        Properties:
        {
        }

    Pin : Name = LED5(0)
        Attributes:
            In Group/Port: True
            In Sync Option: AUTO
            Out Sync Option: NOSYNC
            Interrupt generated: False
            Interrupt mode: NONE
            Drive mode: CMOS_OUT
            VTrip: EITHER
            Slew: FAST
            Input Sync needed: False
            Output Sync needed: False
            SC shield enabled: False
            POR State: ANY
            LCD Mode: COMMON
            Register Mode: RegComb
            CaSense Mode: NEITHER
            Treat as pin: True
            Is OE Registered: False
            Uses Analog: False
            Can contain Digital: True
            Is SIO: False
            SIO Output Buf: NONREGULATED
            SIO Input Buf: SINGLE_ENDED
            SIO HiFreq: LOW
            SIO Hyst: DISABLED
            SIO Vtrip: MULTIPLIER_0_5
            SIO Multiplier Index: 0
            SIO RefSel: VCC_IO
            Required Capabilities: DIGITAL
            Initial Value: 1
            IO Voltage: 0
        PORT MAP (
            pa_out => LED5(0)__PA ,
            pad => LED5(0)_PAD );
        Properties:
        {
        }

    Pin : Name = LED4(0)
        Attributes:
            In Group/Port: True
            In Sync Option: AUTO
            Out Sync Option: NOSYNC
            Interrupt generated: False
            Interrupt mode: NONE
            Drive mode: CMOS_OUT
            VTrip: EITHER
            Slew: FAST
            Input Sync needed: False
            Output Sync needed: False
            SC shield enabled: False
            POR State: ANY
            LCD Mode: COMMON
            Register Mode: RegComb
            CaSense Mode: NEITHER
            Treat as pin: True
            Is OE Registered: False
            Uses Analog: False
            Can contain Digital: True
            Is SIO: False
            SIO Output Buf: NONREGULATED
            SIO Input Buf: SINGLE_ENDED
            SIO HiFreq: LOW
            SIO Hyst: DISABLED
            SIO Vtrip: MULTIPLIER_0_5
            SIO Multiplier Index: 0
            SIO RefSel: VCC_IO
            Required Capabilities: DIGITAL
            Initial Value: 1
            IO Voltage: 0
        PORT MAP (
            pa_out => LED4(0)__PA ,
            pad => LED4(0)_PAD );
        Properties:
        {
        }

    Pin : Name = LED9(0)
        Attributes:
            In Group/Port: True
            In Sync Option: AUTO
            Out Sync Option: NOSYNC
            Interrupt generated: False
            Interrupt mode: NONE
            Drive mode: CMOS_OUT
            VTrip: EITHER
            Slew: FAST
            Input Sync needed: False
            Output Sync needed: False
            SC shield enabled: False
            POR State: ANY
            LCD Mode: COMMON
            Register Mode: RegComb
            CaSense Mode: NEITHER
            Treat as pin: True
            Is OE Registered: False
            Uses Analog: False
            Can contain Digital: True
            Is SIO: False
            SIO Output Buf: NONREGULATED
            SIO Input Buf: SINGLE_ENDED
            SIO HiFreq: LOW
            SIO Hyst: DISABLED
            SIO Vtrip: MULTIPLIER_0_5
            SIO Multiplier Index: 0
            SIO RefSel: VCC_IO
            Required Capabilities: DIGITAL
            Initial Value: 1
            IO Voltage: 0
        PORT MAP (
            pa_out => LED9(0)__PA ,
            pad => LED9(0)_PAD );
        Properties:
        {
        }

    Pin : Name = Button(0)
        Attributes:
            In Group/Port: True
            In Sync Option: NOSYNC
            Out Sync Option: AUTO
            Interrupt generated: True
            Interrupt mode: ON_CHANGE
            Drive mode: RES_PULL_UP
            VTrip: CMOS
            Slew: FAST
            Input Sync needed: False
            Output Sync needed: False
            SC shield enabled: False
            POR State: ANY
            LCD Mode: COMMON
            Register Mode: RegComb
            CaSense Mode: NEITHER
            Treat as pin: False
            Is OE Registered: False
            Uses Analog: False
            Can contain Digital: True
            Is SIO: False
            SIO Output Buf: NONREGULATED
            SIO Input Buf: SINGLE_ENDED
            SIO HiFreq: LOW
            SIO Hyst: DISABLED
            SIO Vtrip: MULTIPLIER_0_5
            SIO Multiplier Index: 0
            SIO RefSel: VCC_IO
            Required Capabilities: DIGITAL, PORT_INTERRUPT
            Initial Value: 1
            IO Voltage: 0
        PORT MAP (
            pa_out => Button(0)__PA ,
            annotation => Net_1800 ,
            pad => Button(0)_PAD );
        Properties:
        {
        }
    </CYPRESSTAG>
    <CYPRESSTAG name="Macrocell listing" icon="FILE_RPT_EQUATION">
    </CYPRESSTAG>
    <CYPRESSTAG name="Datapath listing">
    </CYPRESSTAG>
    <CYPRESSTAG name="Status register listing">
    </CYPRESSTAG>
    <CYPRESSTAG name="StatusI register listing">
    </CYPRESSTAG>
    <CYPRESSTAG name="Sync listing">
    </CYPRESSTAG>
    <CYPRESSTAG name="Control register listing">
    </CYPRESSTAG>
    <CYPRESSTAG name="Count7 listing">
    </CYPRESSTAG>
    <CYPRESSTAG name="DRQ listing">
    </CYPRESSTAG>
    <CYPRESSTAG name="Interrupt listing">

    ------------------------------------------------------------
    Interrupt listing
    ------------------------------------------------------------

    interrupt: Name =Isr_TC
        PORT MAP (
            interrupt => Net_1156 );
        Properties:
        {
            int_type = "10"
            is_nmi = 0
        }

    interrupt: Name =Isr_UC_Btn
        PORT MAP (
            interrupt => Net_1926 );
        Properties:
        {
            int_type = "01"
            is_nmi = 0
        }
    </CYPRESSTAG>
</CYPRESSTAG>
<CYPRESSTAG name="Technology mapping summary" expanded>

------------------------------------------------------------
Technology mapping summary
------------------------------------------------------------

Resource Type                 : Used : Free :  Max :  % Used
============================================================
Interrupts                    :    2 :   14 :   16 : 12.50 %
IO                            :   16 :   20 :   36 : 44.44 %
Segment LCD                   :    0 :    1 :    1 :  0.00 %
CapSense                      :    0 :    1 :    1 :  0.00 %
Serial Communication (SCB)    :    2 :    0 :    2 : 100.00 %
Timer/Counter/PWM             :    2 :    3 :    5 : 40.00 %
Smart IO Ports                :    0 :    2 :    2 :  0.00 %
Comparator                    :    0 :    1 :    1 :  0.00 %
LP Comparator                 :    0 :    2 :    2 :  0.00 %
DAC                           :      :      :      :        
  7-bit IDAC                  :    0 :    2 :    2 :  0.00 %
</CYPRESSTAG>
Technology Mapping: Elapsed time ==> 0s.029ms
Tech Mapping phase: Elapsed time ==> 0s.039ms
</CYPRESSTAG>
<CYPRESSTAG name="Analog Placement">
<CYPRESSTAG name="FFB & IO Pre Placement">
<CYPRESSTAG name="Placement" icon="FILE_RPT_PLACEMENT">

Cell                                : Block                              
=========================================================================
Audio_OUT(0)                        : [IOP=(2)][IoId=(6)]                
\UART:tx(0)\                        : [IOP=(3)][IoId=(1)]                
\UART:rx(0)\                        : [IOP=(3)][IoId=(0)]                
\SPI:sclk_m(0)\                     : [IOP=(1)][IoId=(2)]                
\SPI:miso_m(0)\                     : [IOP=(1)][IoId=(1)]                
\SPI:mosi_m(0)\                     : [IOP=(1)][IoId=(0)]                
\SPI:ss0_m(0)\                      : [IOP=(1)][IoId=(4)]                
LED8(0)                             : [IOP=(2)][IoId=(4)]                
LED7(0)                             : [IOP=(2)][IoId=(3)]                
LED6(0)                             : [IOP=(2)][IoId=(2)]                
LED5(0)                             : [IOP=(2)][IoId=(1)]                
LED4(0)                             : [IOP=(2)][IoId=(0)]                
LED9(0)                             : [IOP=(3)][IoId=(4)]                
Button(0)                           : [IOP=(0)][IoId=(7)]                
ClockGenBlock                       : CLK_GEN_[FFB(CLK_GEN,0)]           
\PWM:cy_m0s8_tcpwm_1\               : TCPWM_[FFB(TCPWM,1)]               
\UART:SCB\                          : SCB_[FFB(SCB,1)]                   
\SPI:SCB\                           : SCB_[FFB(SCB,0)]                   
\Timer_audio:cy_m0s8_tcpwm_1\       : TCPWM_[FFB(TCPWM,0)]               

</CYPRESSTAG>
</CYPRESSTAG>
<CYPRESSTAG name="Real Analog Placement">
Elapsed time ==> 0.1239883s
</CYPRESSTAG>
Analog Placement phase: Elapsed time ==> 0s.260ms
</CYPRESSTAG>
<CYPRESSTAG name="Analog Routing">
<CYPRESSTAG name="Analog Routing">
Route success=True, Iterations=1 Elapsed=0.0008799 secs
</CYPRESSTAG>
Analog Routing phase: Elapsed time ==> 0s.002ms
</CYPRESSTAG>
<CYPRESSTAG name="Analog Code Generation">
============ Analog Final Answer Routes ============
Dump of CyAnalogRoutingResultsDB
Map of net to items {
}
Map of item to net {
}
Mux Info {
}
Analog Code Generation phase: Elapsed time ==> 0s.002ms
</CYPRESSTAG>
<CYPRESSTAG name="Digital Placement">
<CYPRESSTAG name="Detailed placement messages">
I2076: Total run-time: 0.1 sec.

</CYPRESSTAG>
<CYPRESSTAG name="PLD Packing">
<CYPRESSTAG name="PLD Packing Summary">
No PLDs were packed.
</CYPRESSTAG>
PLD Packing: Elapsed time ==> 0s.000ms
</CYPRESSTAG>
<CYPRESSTAG name="Partitioning">
<CYPRESSTAG name="Initial Partitioning Summary">
Initial Partitioning Summary not displayed at this verbose level.</CYPRESSTAG>
<CYPRESSTAG name="Final Partitioning Summary">
Final Partitioning Summary not displayed at this verbose level.</CYPRESSTAG>
Partitioning: Elapsed time ==> 0s.010ms
</CYPRESSTAG>
<CYPRESSTAG name="Final Placement Summary">

------------------------------------------------------------
Final Placement Summary
------------------------------------------------------------

       Resource Type :      Count : Avg Inputs : Avg Outputs
    ========================================================
                 UDB :          0 :       0.00 :       0.00
<CYPRESSTAG name="Final Placement Details">
<CYPRESSTAG name="Component Details">

------------------------------------------------------------
Component Placement Details
------------------------------------------------------------
Intr container @ [IntrContainer=(0)]: 
  Intr@ [IntrContainer=(0)][IntrId=(0)] 
    interrupt: Name =Isr_UC_Btn
        PORT MAP (
            interrupt => Net_1926 );
        Properties:
        {
            int_type = "01"
            is_nmi = 0
        }
  Intr@ [IntrContainer=(0)][IntrId=(11)] 
    interrupt: Name =Isr_TC
        PORT MAP (
            interrupt => Net_1156 );
        Properties:
        {
            int_type = "10"
            is_nmi = 0
        }
Port 0 generates interrupt for logical port:
    logicalport: Name =Button
        PORT MAP (
            in_clock_en => tmpOE__Audio_OUT_net_0 ,
            in_reset => zero ,
            out_clock_en => tmpOE__Audio_OUT_net_0 ,
            out_reset => zero ,
            interrupt => Net_1926 );
        Properties:
        {
            drive_mode = "010"
            ibuf_enabled = "1"
            id = "8d318d8b-cf7b-4b6b-b02c-ab1c5c49d0ba"
            init_dr_st = "1"
            input_buffer_sel = "00"
            input_clk_en = 0
            input_sync = "0"
            input_sync_mode = "0"
            intr_mode = "11"
            invert_in_clock = 0
            invert_in_clock_en = 0
            invert_in_reset = 0
            invert_out_clock = 0
            invert_out_clock_en = 0
            invert_out_reset = 0
            io_voltage = ""
            layout_mode = "CONTIGUOUS"
            oe_conn = "0"
            oe_reset = 0
            oe_sync = "0"
            output_clk_en = 0
            output_clock_mode = "0"
            output_conn = "0"
            output_mode = "0"
            output_reset = 0
            output_sync = "0"
            ovt_hyst_trim = "0"
            ovt_needed = "0"
            ovt_slew_control = "00"
            pa_in_clock = -1
            pa_in_clock_en = -1
            pa_in_reset = -1
            pa_out_clock = -1
            pa_out_clock_en = -1
            pa_out_reset = -1
            pin_aliases = ""
            pin_mode = "I"
            por_state = 4
            port_alias_group = ""
            port_alias_required = 0
            sio_group_cnt = 0
            sio_hifreq = "00000000"
            sio_hyst = "1"
            sio_ibuf = "00000000"
            sio_info = "00"
            sio_obuf = "00000000"
            sio_refsel = "00000000"
            sio_vohsel = "00000000"
            sio_vtrip = "00000000"
            slew_rate = "0"
            spanning = 0
            sw_only = 0
            use_annotation = "1"
            vtrip = "00"
            width = 1
        }
    and contains the following IO cells:
[IoId=7]: 
Pin : Name = Button(0)
    Attributes:
        In Group/Port: True
        In Sync Option: NOSYNC
        Out Sync Option: AUTO
        Interrupt generated: True
        Interrupt mode: ON_CHANGE
        Drive mode: RES_PULL_UP
        VTrip: CMOS
        Slew: FAST
        Input Sync needed: False
        Output Sync needed: False
        SC shield enabled: False
        POR State: ANY
        LCD Mode: COMMON
        Register Mode: RegComb
        CaSense Mode: NEITHER
        Treat as pin: False
        Is OE Registered: False
        Uses Analog: False
        Can contain Digital: True
        Is SIO: False
        SIO Output Buf: NONREGULATED
        SIO Input Buf: SINGLE_ENDED
        SIO HiFreq: LOW
        SIO Hyst: DISABLED
        SIO Vtrip: MULTIPLIER_0_5
        SIO Multiplier Index: 0
        SIO RefSel: VCC_IO
        Required Capabilities: DIGITAL, PORT_INTERRUPT
        Initial Value: 1
        IO Voltage: 0
    PORT MAP (
        pa_out => Button(0)__PA ,
        annotation => Net_1800 ,
        pad => Button(0)_PAD );
    Properties:
    {
    }

Port 1 contains the following IO cells:
[IoId=0]: 
Pin : Name = \SPI:mosi_m(0)\
    Attributes:
        In Group/Port: True
        In Sync Option: NOSYNC
        Out Sync Option: NOSYNC
        Interrupt generated: False
        Interrupt mode: NONE
        Drive mode: CMOS_OUT
        VTrip: CMOS
        Slew: FAST
        Input Sync needed: False
        Output Sync needed: False
        SC shield enabled: False
        POR State: ANY
        LCD Mode: COMMON
        Register Mode: RegComb
        CaSense Mode: NEITHER
        Treat as pin: True
        Is OE Registered: False
        Uses Analog: False
        Can contain Digital: True
        Is SIO: False
        SIO Output Buf: NONREGULATED
        SIO Input Buf: SINGLE_ENDED
        SIO HiFreq: LOW
        SIO Hyst: DISABLED
        SIO Vtrip: MULTIPLIER_0_5
        SIO Multiplier Index: 0
        SIO RefSel: VCC_IO
        Required Capabilities: DIGITAL
        Initial Value: 1
        IO Voltage: 0
    PORT MAP (
        pa_out => \SPI:mosi_m(0)\__PA ,
        pin_input => \SPI:mosi_m_wire\ ,
        pad => \SPI:mosi_m(0)_PAD\ );
    Properties:
    {
    }

[IoId=1]: 
Pin : Name = \SPI:miso_m(0)\
    Attributes:
        In Group/Port: True
        In Sync Option: NOSYNC
        Out Sync Option: AUTO
        Interrupt generated: False
        Interrupt mode: NONE
        Drive mode: HI_Z_DIGITAL
        VTrip: CMOS
        Slew: FAST
        Input Sync needed: False
        Output Sync needed: False
        SC shield enabled: False
        POR State: ANY
        LCD Mode: COMMON
        Register Mode: RegComb
        CaSense Mode: NEITHER
        Treat as pin: True
        Is OE Registered: False
        Uses Analog: False
        Can contain Digital: True
        Is SIO: False
        SIO Output Buf: NONREGULATED
        SIO Input Buf: SINGLE_ENDED
        SIO HiFreq: LOW
        SIO Hyst: DISABLED
        SIO Vtrip: MULTIPLIER_0_5
        SIO Multiplier Index: 0
        SIO RefSel: VCC_IO
        Required Capabilities: DIGITAL
        Initial Value: 0
        IO Voltage: 0
    PORT MAP (
        pa_out => \SPI:miso_m(0)\__PA ,
        fb => \SPI:miso_m_wire\ ,
        pad => \SPI:miso_m(0)_PAD\ );
    Properties:
    {
    }

[IoId=2]: 
Pin : Name = \SPI:sclk_m(0)\
    Attributes:
        In Group/Port: True
        In Sync Option: NOSYNC
        Out Sync Option: NOSYNC
        Interrupt generated: False
        Interrupt mode: NONE
        Drive mode: CMOS_OUT
        VTrip: CMOS
        Slew: FAST
        Input Sync needed: False
        Output Sync needed: False
        SC shield enabled: False
        POR State: ANY
        LCD Mode: COMMON
        Register Mode: RegComb
        CaSense Mode: NEITHER
        Treat as pin: True
        Is OE Registered: False
        Uses Analog: False
        Can contain Digital: True
        Is SIO: False
        SIO Output Buf: NONREGULATED
        SIO Input Buf: SINGLE_ENDED
        SIO HiFreq: LOW
        SIO Hyst: DISABLED
        SIO Vtrip: MULTIPLIER_0_5
        SIO Multiplier Index: 0
        SIO RefSel: VCC_IO
        Required Capabilities: DIGITAL
        Initial Value: 1
        IO Voltage: 0
    PORT MAP (
        pa_out => \SPI:sclk_m(0)\__PA ,
        pin_input => \SPI:sclk_m_wire\ ,
        pad => \SPI:sclk_m(0)_PAD\ );
    Properties:
    {
    }

[IoId=4]: 
Pin : Name = \SPI:ss0_m(0)\
    Attributes:
        In Group/Port: True
        In Sync Option: NOSYNC
        Out Sync Option: NOSYNC
        Interrupt generated: False
        Interrupt mode: NONE
        Drive mode: CMOS_OUT
        VTrip: CMOS
        Slew: FAST
        Input Sync needed: False
        Output Sync needed: False
        SC shield enabled: False
        POR State: ANY
        LCD Mode: COMMON
        Register Mode: RegComb
        CaSense Mode: NEITHER
        Treat as pin: True
        Is OE Registered: False
        Uses Analog: False
        Can contain Digital: True
        Is SIO: False
        SIO Output Buf: NONREGULATED
        SIO Input Buf: SINGLE_ENDED
        SIO HiFreq: LOW
        SIO Hyst: DISABLED
        SIO Vtrip: MULTIPLIER_0_5
        SIO Multiplier Index: 0
        SIO RefSel: VCC_IO
        Required Capabilities: DIGITAL
        Initial Value: 1
        IO Voltage: 0
    PORT MAP (
        pa_out => \SPI:ss0_m(0)\__PA ,
        pin_input => \SPI:select_m_wire_0\ ,
        pad => \SPI:ss0_m(0)_PAD\ );
    Properties:
    {
    }

Port 2 contains the following IO cells:
[IoId=0]: 
Pin : Name = LED4(0)
    Attributes:
        In Group/Port: True
        In Sync Option: AUTO
        Out Sync Option: NOSYNC
        Interrupt generated: False
        Interrupt mode: NONE
        Drive mode: CMOS_OUT
        VTrip: EITHER
        Slew: FAST
        Input Sync needed: False
        Output Sync needed: False
        SC shield enabled: False
        POR State: ANY
        LCD Mode: COMMON
        Register Mode: RegComb
        CaSense Mode: NEITHER
        Treat as pin: True
        Is OE Registered: False
        Uses Analog: False
        Can contain Digital: True
        Is SIO: False
        SIO Output Buf: NONREGULATED
        SIO Input Buf: SINGLE_ENDED
        SIO HiFreq: LOW
        SIO Hyst: DISABLED
        SIO Vtrip: MULTIPLIER_0_5
        SIO Multiplier Index: 0
        SIO RefSel: VCC_IO
        Required Capabilities: DIGITAL
        Initial Value: 1
        IO Voltage: 0
    PORT MAP (
        pa_out => LED4(0)__PA ,
        pad => LED4(0)_PAD );
    Properties:
    {
    }

[IoId=1]: 
Pin : Name = LED5(0)
    Attributes:
        In Group/Port: True
        In Sync Option: AUTO
        Out Sync Option: NOSYNC
        Interrupt generated: False
        Interrupt mode: NONE
        Drive mode: CMOS_OUT
        VTrip: EITHER
        Slew: FAST
        Input Sync needed: False
        Output Sync needed: False
        SC shield enabled: False
        POR State: ANY
        LCD Mode: COMMON
        Register Mode: RegComb
        CaSense Mode: NEITHER
        Treat as pin: True
        Is OE Registered: False
        Uses Analog: False
        Can contain Digital: True
        Is SIO: False
        SIO Output Buf: NONREGULATED
        SIO Input Buf: SINGLE_ENDED
        SIO HiFreq: LOW
        SIO Hyst: DISABLED
        SIO Vtrip: MULTIPLIER_0_5
        SIO Multiplier Index: 0
        SIO RefSel: VCC_IO
        Required Capabilities: DIGITAL
        Initial Value: 1
        IO Voltage: 0
    PORT MAP (
        pa_out => LED5(0)__PA ,
        pad => LED5(0)_PAD );
    Properties:
    {
    }

[IoId=2]: 
Pin : Name = LED6(0)
    Attributes:
        In Group/Port: True
        In Sync Option: AUTO
        Out Sync Option: NOSYNC
        Interrupt generated: False
        Interrupt mode: NONE
        Drive mode: CMOS_OUT
        VTrip: EITHER
        Slew: FAST
        Input Sync needed: False
        Output Sync needed: False
        SC shield enabled: False
        POR State: ANY
        LCD Mode: COMMON
        Register Mode: RegComb
        CaSense Mode: NEITHER
        Treat as pin: True
        Is OE Registered: False
        Uses Analog: False
        Can contain Digital: True
        Is SIO: False
        SIO Output Buf: NONREGULATED
        SIO Input Buf: SINGLE_ENDED
        SIO HiFreq: LOW
        SIO Hyst: DISABLED
        SIO Vtrip: MULTIPLIER_0_5
        SIO Multiplier Index: 0
        SIO RefSel: VCC_IO
        Required Capabilities: DIGITAL
        Initial Value: 1
        IO Voltage: 0
    PORT MAP (
        pa_out => LED6(0)__PA ,
        pad => LED6(0)_PAD );
    Properties:
    {
    }

[IoId=3]: 
Pin : Name = LED7(0)
    Attributes:
        In Group/Port: True
        In Sync Option: AUTO
        Out Sync Option: NOSYNC
        Interrupt generated: False
        Interrupt mode: NONE
        Drive mode: CMOS_OUT
        VTrip: EITHER
        Slew: FAST
        Input Sync needed: False
        Output Sync needed: False
        SC shield enabled: False
        POR State: ANY
        LCD Mode: COMMON
        Register Mode: RegComb
        CaSense Mode: NEITHER
        Treat as pin: True
        Is OE Registered: False
        Uses Analog: False
        Can contain Digital: True
        Is SIO: False
        SIO Output Buf: NONREGULATED
        SIO Input Buf: SINGLE_ENDED
        SIO HiFreq: LOW
        SIO Hyst: DISABLED
        SIO Vtrip: MULTIPLIER_0_5
        SIO Multiplier Index: 0
        SIO RefSel: VCC_IO
        Required Capabilities: DIGITAL
        Initial Value: 1
        IO Voltage: 0
    PORT MAP (
        pa_out => LED7(0)__PA ,
        pad => LED7(0)_PAD );
    Properties:
    {
    }

[IoId=4]: 
Pin : Name = LED8(0)
    Attributes:
        In Group/Port: True
        In Sync Option: AUTO
        Out Sync Option: NOSYNC
        Interrupt generated: False
        Interrupt mode: NONE
        Drive mode: CMOS_OUT
        VTrip: EITHER
        Slew: FAST
        Input Sync needed: False
        Output Sync needed: False
        SC shield enabled: False
        POR State: ANY
        LCD Mode: COMMON
        Register Mode: RegComb
        CaSense Mode: NEITHER
        Treat as pin: True
        Is OE Registered: False
        Uses Analog: False
        Can contain Digital: True
        Is SIO: False
        SIO Output Buf: NONREGULATED
        SIO Input Buf: SINGLE_ENDED
        SIO HiFreq: LOW
        SIO Hyst: DISABLED
        SIO Vtrip: MULTIPLIER_0_5
        SIO Multiplier Index: 0
        SIO RefSel: VCC_IO
        Required Capabilities: DIGITAL
        Initial Value: 1
        IO Voltage: 0
    PORT MAP (
        pa_out => LED8(0)__PA ,
        pad => LED8(0)_PAD );
    Properties:
    {
    }

[IoId=6]: 
Pin : Name = Audio_OUT(0)
    Attributes:
        In Group/Port: True
        In Sync Option: AUTO
        Out Sync Option: NOSYNC
        Interrupt generated: False
        Interrupt mode: NONE
        Drive mode: RES_PULL_UP_DOWN
        VTrip: EITHER
        Slew: FAST
        Input Sync needed: False
        Output Sync needed: False
        SC shield enabled: False
        POR State: ANY
        LCD Mode: COMMON
        Register Mode: RegComb
        CaSense Mode: NEITHER
        Treat as pin: True
        Is OE Registered: False
        Uses Analog: False
        Can contain Digital: True
        Is SIO: False
        SIO Output Buf: NONREGULATED
        SIO Input Buf: SINGLE_ENDED
        SIO HiFreq: LOW
        SIO Hyst: DISABLED
        SIO Vtrip: MULTIPLIER_0_5
        SIO Multiplier Index: 0
        SIO RefSel: VCC_IO
        Required Capabilities: DIGITAL
        Initial Value: 1
        IO Voltage: 0
    PORT MAP (
        pa_out => Audio_OUT(0)__PA ,
        pin_input => Net_1324 ,
        annotation => Net_1186 ,
        pad => Audio_OUT(0)_PAD );
    Properties:
    {
    }

Port 3 contains the following IO cells:
[IoId=0]: 
Pin : Name = \UART:rx(0)\
    Attributes:
        In Group/Port: True
        In Sync Option: NOSYNC
        Out Sync Option: AUTO
        Interrupt generated: False
        Interrupt mode: NONE
        Drive mode: HI_Z_DIGITAL
        VTrip: CMOS
        Slew: FAST
        Input Sync needed: False
        Output Sync needed: False
        SC shield enabled: False
        POR State: ANY
        LCD Mode: COMMON
        Register Mode: RegComb
        CaSense Mode: NEITHER
        Treat as pin: True
        Is OE Registered: False
        Uses Analog: False
        Can contain Digital: True
        Is SIO: False
        SIO Output Buf: NONREGULATED
        SIO Input Buf: SINGLE_ENDED
        SIO HiFreq: LOW
        SIO Hyst: DISABLED
        SIO Vtrip: MULTIPLIER_0_5
        SIO Multiplier Index: 0
        SIO RefSel: VCC_IO
        Required Capabilities: DIGITAL
        Initial Value: 0
        IO Voltage: 0
    PORT MAP (
        pa_out => \UART:rx(0)\__PA ,
        fb => \UART:rx_wire\ ,
        pad => \UART:rx(0)_PAD\ );
    Properties:
    {
        port_location = "PORT(0,4)"
    }

[IoId=1]: 
Pin : Name = \UART:tx(0)\
    Attributes:
        In Group/Port: True
        In Sync Option: NOSYNC
        Out Sync Option: NOSYNC
        Interrupt generated: False
        Interrupt mode: NONE
        Drive mode: CMOS_OUT
        VTrip: CMOS
        Slew: FAST
        Input Sync needed: False
        Output Sync needed: False
        SC shield enabled: False
        POR State: ANY
        LCD Mode: COMMON
        Register Mode: RegComb
        CaSense Mode: NEITHER
        Treat as pin: True
        Is OE Registered: False
        Uses Analog: False
        Can contain Digital: True
        Is SIO: False
        SIO Output Buf: NONREGULATED
        SIO Input Buf: SINGLE_ENDED
        SIO HiFreq: LOW
        SIO Hyst: DISABLED
        SIO Vtrip: MULTIPLIER_0_5
        SIO Multiplier Index: 0
        SIO RefSel: VCC_IO
        Required Capabilities: DIGITAL
        Initial Value: 1
        IO Voltage: 0
    PORT MAP (
        pa_out => \UART:tx(0)\__PA ,
        pin_input => \UART:tx_wire\ ,
        pad => \UART:tx(0)_PAD\ );
    Properties:
    {
        port_location = "PORT(0,5)"
    }

[IoId=4]: 
Pin : Name = LED9(0)
    Attributes:
        In Group/Port: True
        In Sync Option: AUTO
        Out Sync Option: NOSYNC
        Interrupt generated: False
        Interrupt mode: NONE
        Drive mode: CMOS_OUT
        VTrip: EITHER
        Slew: FAST
        Input Sync needed: False
        Output Sync needed: False
        SC shield enabled: False
        POR State: ANY
        LCD Mode: COMMON
        Register Mode: RegComb
        CaSense Mode: NEITHER
        Treat as pin: True
        Is OE Registered: False
        Uses Analog: False
        Can contain Digital: True
        Is SIO: False
        SIO Output Buf: NONREGULATED
        SIO Input Buf: SINGLE_ENDED
        SIO HiFreq: LOW
        SIO Hyst: DISABLED
        SIO Vtrip: MULTIPLIER_0_5
        SIO Multiplier Index: 0
        SIO RefSel: VCC_IO
        Required Capabilities: DIGITAL
        Initial Value: 1
        IO Voltage: 0
    PORT MAP (
        pa_out => LED9(0)__PA ,
        pad => LED9(0)_PAD );
    Properties:
    {
    }

Port 4 contains the following IO cells:
Clock group 0: 
    Clock Block @ F(Clock,0): 
    m0s8clockblockcell: Name =ClockBlock
        PORT MAP (
            hfclk => ClockBlock_HFCLK ,
            imo => ClockBlock_IMO ,
            ext => ClockBlock_EXTCLK ,
            sysclk => ClockBlock_SYSCLK ,
            ilo => ClockBlock_ILO ,
            lfclk => ClockBlock_LFCLK ,
            wco => ClockBlock_WCO ,
            ff_div_3 => Net_1246_ff3 ,
            ff_div_0 => \SPI:Net_847_ff0\ ,
            ff_div_4 => Net_1162_ff4 ,
            ff_div_1 => \UART:Net_847_ff1\ );
        Properties:
        {
        }
LCD group 0: empty
PICU group 0: empty
LPCOMP group 0: empty
SCB group 0: 
    SCB Block @ F(SCB,0): 
    m0s8scbcell: Name =\SPI:SCB\
        PORT MAP (
            clock => \SPI:Net_847_ff0\ ,
            interrupt => Net_644 ,
            uart_tx => \SPI:tx_wire\ ,
            uart_rts => \SPI:rts_wire\ ,
            mosi_m => \SPI:mosi_m_wire\ ,
            miso_m => \SPI:miso_m_wire\ ,
            select_m_3 => \SPI:select_m_wire_3\ ,
            select_m_2 => \SPI:select_m_wire_2\ ,
            select_m_1 => \SPI:select_m_wire_1\ ,
            select_m_0 => \SPI:select_m_wire_0\ ,
            sclk_m => \SPI:sclk_m_wire\ ,
            miso_s => \SPI:miso_s_wire\ ,
            tr_tx_req => Net_647 ,
            tr_rx_req => Net_646 );
        Properties:
        {
            cy_registers = ""
            scb_mode = 1
        }
    SCB Block @ F(SCB,1): 
    m0s8scbcell: Name =\UART:SCB\
        PORT MAP (
            clock => \UART:Net_847_ff1\ ,
            interrupt => Net_2162 ,
            uart_rx => \UART:rx_wire\ ,
            uart_tx => \UART:tx_wire\ ,
            uart_rts => \UART:rts_wire\ ,
            mosi_m => \UART:mosi_m_wire\ ,
            select_m_3 => \UART:select_m_wire_3\ ,
            select_m_2 => \UART:select_m_wire_2\ ,
            select_m_1 => \UART:select_m_wire_1\ ,
            select_m_0 => \UART:select_m_wire_0\ ,
            sclk_m => \UART:sclk_m_wire\ ,
            miso_s => \UART:miso_s_wire\ ,
            tr_tx_req => Net_2165 ,
            tr_rx_req => Net_2164 );
        Properties:
        {
            cy_registers = ""
            scb_mode = 2
        }
CSD group 0: empty
CSIDAC7 group 0: empty
TCPWM group 0: 
    Tcpwm Block @ F(TCPWM,0): 
    m0s8tcpwmcell: Name =\Timer_audio:cy_m0s8_tcpwm_1\
        PORT MAP (
            clock => Net_1162_ff4 ,
            capture => zero ,
            count => tmpOE__Audio_OUT_net_0 ,
            reload => zero ,
            stop => zero ,
            start => zero ,
            tr_underflow => Net_2085 ,
            tr_overflow => Net_2084 ,
            tr_compare_match => Net_2086 ,
            line => Net_2087 ,
            line_compl => Net_2088 ,
            interrupt => Net_1156 );
        Properties:
        {
            cy_registers = ""
        }
    Tcpwm Block @ F(TCPWM,1): 
    m0s8tcpwmcell: Name =\PWM:cy_m0s8_tcpwm_1\
        PORT MAP (
            clock => Net_1246_ff3 ,
            capture => zero ,
            count => tmpOE__Audio_OUT_net_0 ,
            reload => zero ,
            stop => zero ,
            start => zero ,
            tr_underflow => Net_1685 ,
            tr_overflow => Net_1684 ,
            tr_compare_match => Net_1686 ,
            line => Net_1324 ,
            line_compl => Net_1687 ,
            interrupt => Net_1683 );
        Properties:
        {
            cy_registers = ""
        }
CLK_GEN group 0: 
    M0S8 Clock Gen Block @ F(CLK_GEN,0): 
    m0s8clockgenblockcell: Name =ClockGenBlock
        PORT MAP (
             );
        Properties:
        {
        }
LPCOMPBLOCK group 0: empty
WCO group 0: empty
SmartIO group 0: empty
SRSS group 0: empty
CPUSS group 0: empty
IOSS group 0: empty
EXCO group 0: empty
</CYPRESSTAG>
<CYPRESSTAG name="Port Configuration Details">

------------------------------------------------------------
Port Configuration report
------------------------------------------------------------
     |     |       | Interrupt |                  |                 | 
Port | Pin | Fixed |      Type |       Drive Mode |            Name | Connections
-----+-----+-------+-----------+------------------+-----------------+--------------------------
   0 |   7 |     * | ON_CHANGE |      RES_PULL_UP |       Button(0) | 
-----+-----+-------+-----------+------------------+-----------------+--------------------------
   1 |   0 |     * |      NONE |         CMOS_OUT | \SPI:mosi_m(0)\ | In(\SPI:mosi_m_wire\)
     |   1 |     * |      NONE |     HI_Z_DIGITAL | \SPI:miso_m(0)\ | FB(\SPI:miso_m_wire\)
     |   2 |     * |      NONE |         CMOS_OUT | \SPI:sclk_m(0)\ | In(\SPI:sclk_m_wire\)
     |   4 |     * |      NONE |         CMOS_OUT |  \SPI:ss0_m(0)\ | In(\SPI:select_m_wire_0\)
-----+-----+-------+-----------+------------------+-----------------+--------------------------
   2 |   0 |     * |      NONE |         CMOS_OUT |         LED4(0) | 
     |   1 |     * |      NONE |         CMOS_OUT |         LED5(0) | 
     |   2 |     * |      NONE |         CMOS_OUT |         LED6(0) | 
     |   3 |     * |      NONE |         CMOS_OUT |         LED7(0) | 
     |   4 |     * |      NONE |         CMOS_OUT |         LED8(0) | 
     |   6 |     * |      NONE | RES_PULL_UP_DOWN |    Audio_OUT(0) | In(Net_1324)
-----+-----+-------+-----------+------------------+-----------------+--------------------------
   3 |   0 |     * |      NONE |     HI_Z_DIGITAL |    \UART:rx(0)\ | FB(\UART:rx_wire\)
     |   1 |     * |      NONE |         CMOS_OUT |    \UART:tx(0)\ | In(\UART:tx_wire\)
     |   4 |     * |      NONE |         CMOS_OUT |         LED9(0) | 
-----------------------------------------------------------------------------------------------
</CYPRESSTAG>
</CYPRESSTAG>
</CYPRESSTAG>
Digital component placer commit/Report: Elapsed time ==> 0s.019ms
Digital Placement phase: Elapsed time ==> 0s.140ms
</CYPRESSTAG>
<CYPRESSTAG name="Digital Routing">
"C:\Program Files (x86)\Cypress\PSoC Creator\4.2\PSoC Creator\bin/sjrouter.exe" --xml-path "C:\Program Files (x86)\Cypress\PSoC Creator\4.2\PSoC Creator\dev\psoc4/9/route_arch-rrg.cydata" --vh2-path "midiPlayer_r.vh2" --pcf-path "midiPlayer.pco" --des-name "midiPlayer" --dsf-path "midiPlayer.dsf"
Routing successful.
Digital Routing phase: Elapsed time ==> 0s.143ms
</CYPRESSTAG>
<CYPRESSTAG name="Bitstream Generation">
Bitstream Generation phase: Elapsed time ==> 0s.102ms
</CYPRESSTAG>
<CYPRESSTAG name="Bitstream Verification">
Bitstream Verification phase: Elapsed time ==> 0s.002ms
</CYPRESSTAG>
<CYPRESSTAG name="Static timing analysis">
No timing parameter file available for CY8C4045AZI-S413
Static timing analysis phase: Elapsed time ==> 0s.000ms
</CYPRESSTAG>
<CYPRESSTAG name="Data reporting">
Data reporting phase: Elapsed time ==> 0s.000ms
</CYPRESSTAG>
<CYPRESSTAG name="Database update...">
Design database save phase: Elapsed time ==> 0s.150ms
</CYPRESSTAG>
cydsfit: Elapsed time ==> 0s.871ms
</CYPRESSTAG>
Fitter phase: Elapsed time ==> 0s.871ms
API generation phase: Elapsed time ==> 1s.421ms
Dependency generation phase: Elapsed time ==> 0s.009ms
Cleanup phase: Elapsed time ==> 0s.000ms
